2025-05-11 02:52:20,109 - __main__ - INFO - Starting Radiochromic Film Analyzer
2025-05-11 02:52:20,161 - app.rc_analyzer - INFO - Initializing RCAnalyzer application
2025-05-11 02:52:20,161 - app.rc_analyzer - WARNING - Could not remove log file rc_analyzer.log: [WinError 32] El proceso no tiene acceso al archivo porque est� siendo utilizado por otro proceso: 'rc_analyzer.log'
2025-05-11 02:52:20,165 - app.rc_analyzer - INFO - Created local temp directory: C:\Users\Pablo\Desktop\analizadorrc\temp
2025-05-11 02:52:20,165 - app.rc_analyzer - INFO - Cleaned up log and temporary files
2025-05-11 02:52:20,165 - app.utils.config_manager - INFO - Configuration manager initialized
2025-05-11 02:52:20,166 - app.utils.config_manager - INFO - Configuration file not found, using defaults
2025-05-11 02:52:20,256 - app.core.image_processor - INFO - System info: {'platform': 'Windows', 'processor': 'AMD64 Family 23 Model 113 Stepping 0, AuthenticAMD', 'cpu_count': 12, 'memory_gb': 31.94003677368164, 'python_version': '3.12.0', 'opencv_version': '4.9.0'}
2025-05-11 02:52:20,256 - app.core.image_processor - WARNING - CUDA test matrix creation failed: OpenCV(4.9.0) D:\a\opencv-python\opencv-python\opencv\modules\core\include\opencv2/core/private.cuda.hpp:106: error: (-216:No CUDA support) The library is compiled without CUDA support in function 'throw_no_cuda'

2025-05-11 02:52:20,256 - app.core.image_processor - WARNING - Alternative CUDA test failed: OpenCV(4.9.0) :-1: error: (-5:Bad argument) in function 'createGpuMatFromCudaMemory'
> Overload resolution failed:
>  - createGpuMatFromCudaMemory() missing required argument 'type' (pos 3)
>  - createGpuMatFromCudaMemory() missing required argument 'cudaMemoryAddress' (pos 3)

2025-05-11 02:52:20,341 - app.core.image_processor - INFO - NVIDIA GPU detected: nvidia quadro p600
2025-05-11 02:52:20,341 - app.core.image_processor - INFO - CUDA initialization failed. Setting GPU as available but with warning.
2025-05-11 02:52:20,341 - app.core.image_processor - INFO - To fix CUDA issues, try:
2025-05-11 02:52:20,342 - app.core.image_processor - INFO - 1. Install the latest NVIDIA drivers
2025-05-11 02:52:20,342 - app.core.image_processor - INFO - 2. Install CUDA toolkit compatible with your GPU
2025-05-11 02:52:20,342 - app.core.image_processor - INFO - 3. Use 'Force enable GPU' option in settings
2025-05-11 02:52:20,342 - app.core.image_processor - INFO - GPU acceleration available. Enabled: False
2025-05-11 02:52:20,342 - app.core.image_processor - INFO - Image processor initialized
2025-05-11 02:52:20,342 - app.utils.file_manager - INFO - File manager initialized
2025-05-11 02:52:20,363 - app.ui.image_panel - INFO - Image panel initialized
2025-05-11 02:52:20,377 - app.core.image_processor - INFO - Auto measure set to: False
2025-05-11 02:52:20,377 - app.ui.measurement_panel - INFO - Measurement panel initialized
2025-05-11 02:52:20,385 - app.ui.image_settings_panel - INFO - Image settings panel initialized
2025-05-11 02:52:20,387 - app.ui.main_window - INFO - Main window initialized
2025-05-11 02:52:20,388 - app.rc_analyzer - INFO - RCAnalyzer initialization complete
2025-05-11 02:52:26,304 - app.rc_analyzer - INFO - Saving configuration before exit
2025-05-11 02:52:26,305 - app.utils.config_manager - INFO - Configuration saved to file
2025-05-11 02:52:26,306 - app.core.image_processor - INFO - Cleaned up resources
2025-05-11 02:52:26,306 - app.rc_analyzer - WARNING - Could not remove log file rc_analyzer.log: [WinError 32] El proceso no tiene acceso al archivo porque est� siendo utilizado por otro proceso: 'rc_analyzer.log'
2025-05-11 02:52:26,309 - app.rc_analyzer - INFO - Cleaned up local temp directory: C:\Users\Pablo\Desktop\analizadorrc\temp
2025-05-11 02:52:26,309 - app.rc_analyzer - INFO - Cleaned up log and temporary files
2025-05-11 02:52:26,367 - __main__ - INFO - Application closed normally
2025-05-11 02:54:58,157 - __main__ - INFO - Starting Radiochromic Film Analyzer
2025-05-11 02:54:58,207 - app.rc_analyzer - INFO - Initializing RCAnalyzer application
2025-05-11 02:54:58,207 - app.rc_analyzer - WARNING - Could not remove log file rc_analyzer.log: [WinError 32] El proceso no tiene acceso al archivo porque est� siendo utilizado por otro proceso: 'rc_analyzer.log'
2025-05-11 02:54:58,219 - app.rc_analyzer - INFO - Cleaned up local temp directory: C:\Users\Pablo\Desktop\analizadorrc\temp
2025-05-11 02:54:58,219 - app.rc_analyzer - INFO - Cleaned up log and temporary files
2025-05-11 02:54:58,219 - app.utils.config_manager - INFO - Configuration manager initialized
2025-05-11 02:54:58,224 - app.utils.config_manager - INFO - Configuration loaded from file
2025-05-11 02:54:58,307 - app.core.image_processor - INFO - System info: {'platform': 'Windows', 'processor': 'AMD64 Family 23 Model 113 Stepping 0, AuthenticAMD', 'cpu_count': 12, 'memory_gb': 31.94003677368164, 'python_version': '3.12.0', 'opencv_version': '4.9.0'}
2025-05-11 02:54:58,307 - app.core.image_processor - WARNING - CUDA test matrix creation failed: OpenCV(4.9.0) D:\a\opencv-python\opencv-python\opencv\modules\core\include\opencv2/core/private.cuda.hpp:106: error: (-216:No CUDA support) The library is compiled without CUDA support in function 'throw_no_cuda'

2025-05-11 02:54:58,307 - app.core.image_processor - WARNING - Alternative CUDA test failed: OpenCV(4.9.0) :-1: error: (-5:Bad argument) in function 'createGpuMatFromCudaMemory'
> Overload resolution failed:
>  - createGpuMatFromCudaMemory() missing required argument 'type' (pos 3)
>  - createGpuMatFromCudaMemory() missing required argument 'cudaMemoryAddress' (pos 3)

2025-05-11 02:54:58,407 - app.core.image_processor - INFO - NVIDIA GPU detected: nvidia quadro p600
2025-05-11 02:54:58,407 - app.core.image_processor - INFO - CUDA initialization failed. Setting GPU as available but with warning.
2025-05-11 02:54:58,407 - app.core.image_processor - INFO - To fix CUDA issues, try:
2025-05-11 02:54:58,407 - app.core.image_processor - INFO - 1. Install the latest NVIDIA drivers
2025-05-11 02:54:58,407 - app.core.image_processor - INFO - 2. Install CUDA toolkit compatible with your GPU
2025-05-11 02:54:58,407 - app.core.image_processor - INFO - 3. Use 'Force enable GPU' option in settings
2025-05-11 02:54:58,407 - app.core.image_processor - INFO - GPU acceleration available. Enabled: False
2025-05-11 02:54:58,407 - app.core.image_processor - INFO - Image processor initialized
2025-05-11 02:54:58,407 - app.utils.file_manager - INFO - File manager initialized
2025-05-11 02:54:58,424 - app.ui.image_panel - INFO - Image panel initialized
2025-05-11 02:54:58,440 - app.core.image_processor - INFO - Auto measure set to: False
2025-05-11 02:54:58,440 - app.ui.measurement_panel - INFO - Measurement panel initialized
2025-05-11 02:54:58,440 - app.ui.image_settings_panel - INFO - Image settings panel initialized
2025-05-11 02:54:58,440 - app.ui.main_window - INFO - Main window initialized
2025-05-11 02:54:58,440 - app.rc_analyzer - INFO - RCAnalyzer initialization complete
2025-05-11 02:55:06,203 - app.core.image_processor - INFO - Loading image: C:/Users/Pablo/Desktop/RC1_2_3.tiff, size: 2550x3510
2025-05-11 02:55:06,229 - app.core.image_processor - INFO - Loaded image: C:/Users/Pablo/Desktop/RC1_2_3.tiff
2025-05-11 02:55:06,235 - app.utils.file_manager - INFO - Recent files saved to file
2025-05-11 02:55:06,235 - app.utils.file_manager - INFO - Added file to recent files: C:/Users/Pablo/Desktop/RC1_2_3.tiff
2025-05-11 02:55:06,236 - app.ui.main_window - INFO - Loaded image: C:/Users/Pablo/Desktop/RC1_2_3.tiff
2025-05-11 02:55:08,799 - app.core.image_processor - INFO - Dividing image into 16 tiles (4x4) for binning
2025-05-11 02:55:08,803 - app.core.image_processor - INFO - Using CPU multithreading for tiled binning
2025-05-11 03:03:44,388 - __main__ - INFO - Starting Radiochromic Film Analyzer
2025-05-11 03:03:44,472 - app.rc_analyzer - INFO - Initializing RCAnalyzer application
2025-05-11 03:03:44,473 - app.rc_analyzer - WARNING - Could not remove log file rc_analyzer.log: [WinError 32] El proceso no tiene acceso al archivo porque est� siendo utilizado por otro proceso: 'rc_analyzer.log'
2025-05-11 03:03:44,477 - app.rc_analyzer - INFO - Cleaned up local temp directory: C:\Users\Pablo\Desktop\analizadorrc\temp
2025-05-11 03:03:44,478 - app.rc_analyzer - INFO - Cleaned up log and temporary files
2025-05-11 03:03:44,478 - app.utils.config_manager - INFO - Configuration manager initialized
2025-05-11 03:03:44,478 - app.utils.config_manager - INFO - Configuration loaded from file
2025-05-11 03:03:44,572 - app.core.image_processor - INFO - System info: {'platform': 'Windows', 'processor': 'AMD64 Family 23 Model 113 Stepping 0, AuthenticAMD', 'cpu_count': 12, 'memory_gb': 31.94003677368164, 'python_version': '3.12.0', 'opencv_version': '4.11.0'}
2025-05-11 03:03:44,573 - app.core.image_processor - WARNING - CUDA test matrix creation failed: OpenCV(4.11.0) D:\a\opencv-python\opencv-python\opencv\modules\core\include\opencv2/core/private.cuda.hpp:106: error: (-216:No CUDA support) The library is compiled without CUDA support in function 'throw_no_cuda'

2025-05-11 03:03:44,573 - app.core.image_processor - WARNING - Alternative CUDA test failed: OpenCV(4.11.0) :-1: error: (-5:Bad argument) in function 'createGpuMatFromCudaMemory'
> Overload resolution failed:
>  - createGpuMatFromCudaMemory() missing required argument 'type' (pos 3)
>  - createGpuMatFromCudaMemory() missing required argument 'cudaMemoryAddress' (pos 3)

2025-05-11 03:03:44,695 - app.core.image_processor - INFO - NVIDIA GPU detected: nvidia quadro p600
2025-05-11 03:03:44,695 - app.core.image_processor - INFO - CUDA initialization failed. Setting GPU as available but with warning.
2025-05-11 03:03:44,696 - app.core.image_processor - INFO - To fix CUDA issues, try:
2025-05-11 03:03:44,696 - app.core.image_processor - INFO - 1. Install the latest NVIDIA drivers
2025-05-11 03:03:44,696 - app.core.image_processor - INFO - 2. Install CUDA toolkit compatible with your GPU
2025-05-11 03:03:44,696 - app.core.image_processor - INFO - 3. Use 'Force enable GPU' option in settings
2025-05-11 03:03:44,696 - app.core.image_processor - INFO - GPU acceleration available. Enabled: False
2025-05-11 03:03:44,697 - app.core.image_processor - INFO - Image processor initialized
2025-05-11 03:03:44,697 - app.utils.file_manager - INFO - Recent files loaded from file
2025-05-11 03:03:44,697 - app.utils.file_manager - INFO - File manager initialized
2025-05-11 03:03:44,728 - app.ui.image_panel - INFO - Image panel initialized
2025-05-11 03:03:44,751 - app.core.image_processor - INFO - Auto measure set to: False
2025-05-11 03:03:44,751 - app.ui.measurement_panel - INFO - Measurement panel initialized
2025-05-11 03:03:44,765 - app.ui.image_settings_panel - INFO - Image settings panel initialized
2025-05-11 03:03:44,768 - app.ui.main_window - INFO - Main window initialized
2025-05-11 03:03:44,768 - app.rc_analyzer - INFO - RCAnalyzer initialization complete
2025-05-11 03:03:56,883 - app.rc_analyzer - INFO - Saving configuration before exit
2025-05-11 03:03:56,883 - app.utils.config_manager - INFO - Configuration saved to file
2025-05-11 03:03:56,883 - app.core.image_processor - INFO - Cleaned up resources
2025-05-11 03:03:56,883 - app.rc_analyzer - WARNING - Could not remove log file rc_analyzer.log: [WinError 32] El proceso no tiene acceso al archivo porque est� siendo utilizado por otro proceso: 'rc_analyzer.log'
2025-05-11 03:03:56,883 - app.rc_analyzer - INFO - Cleaned up local temp directory: C:\Users\Pablo\Desktop\analizadorrc\temp
2025-05-11 03:03:56,883 - app.rc_analyzer - INFO - Cleaned up log and temporary files
2025-05-11 03:03:56,951 - __main__ - INFO - Application closed normally
2025-05-11 03:04:53,907 - __main__ - INFO - Starting Radiochromic Film Analyzer
2025-05-11 03:04:53,958 - app.rc_analyzer - INFO - Initializing RCAnalyzer application
2025-05-11 03:04:53,958 - app.rc_analyzer - WARNING - Could not remove log file rc_analyzer.log: [WinError 32] El proceso no tiene acceso al archivo porque est� siendo utilizado por otro proceso: 'rc_analyzer.log'
2025-05-11 03:04:53,958 - app.rc_analyzer - INFO - Cleaned up local temp directory: C:\Users\Pablo\Desktop\analizadorrc\temp
2025-05-11 03:04:53,958 - app.rc_analyzer - INFO - Cleaned up log and temporary files
2025-05-11 03:04:53,958 - app.utils.config_manager - INFO - Configuration manager initialized
2025-05-11 03:04:53,974 - app.utils.config_manager - INFO - Configuration loaded from file
2025-05-11 03:04:54,024 - app.core.image_processor - INFO - System info: {'platform': 'Windows', 'processor': 'AMD64 Family 23 Model 113 Stepping 0, AuthenticAMD', 'cpu_count': 12, 'memory_gb': 31.94003677368164, 'python_version': '3.12.0', 'opencv_version': '4.11.0'}
2025-05-11 03:04:54,024 - app.core.image_processor - WARNING - CUDA test matrix creation failed: OpenCV(4.11.0) D:\a\opencv-python\opencv-python\opencv\modules\core\include\opencv2/core/private.cuda.hpp:106: error: (-216:No CUDA support) The library is compiled without CUDA support in function 'throw_no_cuda'

2025-05-11 03:04:54,024 - app.core.image_processor - WARNING - Alternative CUDA test failed: OpenCV(4.11.0) :-1: error: (-5:Bad argument) in function 'createGpuMatFromCudaMemory'
> Overload resolution failed:
>  - createGpuMatFromCudaMemory() missing required argument 'type' (pos 3)
>  - createGpuMatFromCudaMemory() missing required argument 'cudaMemoryAddress' (pos 3)

2025-05-11 03:04:54,107 - app.core.image_processor - INFO - NVIDIA GPU detected: nvidia quadro p600
2025-05-11 03:04:54,107 - app.core.image_processor - INFO - CUDA initialization failed. Setting GPU as available but with warning.
2025-05-11 03:04:54,107 - app.core.image_processor - INFO - To fix CUDA issues, try:
2025-05-11 03:04:54,107 - app.core.image_processor - INFO - 1. Install the latest NVIDIA drivers
2025-05-11 03:04:54,107 - app.core.image_processor - INFO - 2. Install CUDA toolkit compatible with your GPU
2025-05-11 03:04:54,107 - app.core.image_processor - INFO - 3. Use 'Force enable GPU' option in settings
2025-05-11 03:04:54,107 - app.core.image_processor - INFO - GPU acceleration available. Enabled: False
2025-05-11 03:04:54,107 - app.core.image_processor - INFO - Image processor initialized
2025-05-11 03:04:54,107 - app.utils.file_manager - INFO - Recent files loaded from file
2025-05-11 03:04:54,107 - app.utils.file_manager - INFO - File manager initialized
2025-05-11 03:04:54,124 - app.ui.image_panel - INFO - Image panel initialized
2025-05-11 03:04:54,141 - app.core.image_processor - INFO - Auto measure set to: False
2025-05-11 03:04:54,141 - app.ui.measurement_panel - INFO - Measurement panel initialized
2025-05-11 03:04:54,141 - app.ui.image_settings_panel - INFO - Image settings panel initialized
2025-05-11 03:04:54,141 - app.ui.main_window - INFO - Main window initialized
2025-05-11 03:04:54,156 - app.rc_analyzer - INFO - RCAnalyzer initialization complete
2025-05-11 03:05:02,679 - app.rc_analyzer - INFO - Saving configuration before exit
2025-05-11 03:05:02,679 - app.utils.config_manager - INFO - Configuration saved to file
2025-05-11 03:05:02,679 - app.core.image_processor - INFO - Cleaned up resources
2025-05-11 03:05:02,680 - app.rc_analyzer - WARNING - Could not remove log file rc_analyzer.log: [WinError 32] El proceso no tiene acceso al archivo porque est� siendo utilizado por otro proceso: 'rc_analyzer.log'
2025-05-11 03:05:02,681 - app.rc_analyzer - INFO - Cleaned up local temp directory: C:\Users\Pablo\Desktop\analizadorrc\temp
2025-05-11 03:05:02,681 - app.rc_analyzer - INFO - Cleaned up log and temporary files
2025-05-11 03:05:02,739 - __main__ - INFO - Application closed normally
2025-05-11 03:06:50,642 - __main__ - INFO - Starting Radiochromic Film Analyzer
2025-05-11 03:06:50,689 - app.rc_analyzer - INFO - Initializing RCAnalyzer application
2025-05-11 03:06:50,690 - app.rc_analyzer - WARNING - Could not remove log file rc_analyzer.log: [WinError 32] El proceso no tiene acceso al archivo porque est� siendo utilizado por otro proceso: 'rc_analyzer.log'
2025-05-11 03:06:50,693 - app.rc_analyzer - INFO - Cleaned up local temp directory: C:\Users\Pablo\Desktop\analizadorrc\temp
2025-05-11 03:06:50,693 - app.rc_analyzer - INFO - Cleaned up log and temporary files
2025-05-11 03:06:50,693 - app.utils.config_manager - INFO - Configuration manager initialized
2025-05-11 03:06:50,694 - app.utils.config_manager - INFO - Configuration loaded from file
2025-05-11 03:06:50,741 - app.core.image_processor - INFO - System info: {'platform': 'Windows', 'processor': 'AMD64 Family 23 Model 113 Stepping 0, AuthenticAMD', 'cpu_count': 12, 'memory_gb': 31.94003677368164, 'python_version': '3.12.0', 'opencv_version': '4.11.0'}
2025-05-11 03:06:50,742 - app.core.image_processor - WARNING - CUDA test matrix creation failed: OpenCV(4.11.0) D:\a\opencv-python\opencv-python\opencv\modules\core\include\opencv2/core/private.cuda.hpp:106: error: (-216:No CUDA support) The library is compiled without CUDA support in function 'throw_no_cuda'

2025-05-11 03:06:50,742 - app.core.image_processor - WARNING - Alternative CUDA test failed: OpenCV(4.11.0) :-1: error: (-5:Bad argument) in function 'createGpuMatFromCudaMemory'
> Overload resolution failed:
>  - createGpuMatFromCudaMemory() missing required argument 'type' (pos 3)
>  - createGpuMatFromCudaMemory() missing required argument 'cudaMemoryAddress' (pos 3)

2025-05-11 03:06:50,823 - app.core.image_processor - INFO - NVIDIA GPU detected: nvidia quadro p600
2025-05-11 03:06:50,823 - app.core.image_processor - INFO - CUDA initialization failed. Setting GPU as available but with warning.
2025-05-11 03:06:50,823 - app.core.image_processor - INFO - To fix CUDA issues, try:
2025-05-11 03:06:50,824 - app.core.image_processor - INFO - 1. Install the latest NVIDIA drivers
2025-05-11 03:06:50,824 - app.core.image_processor - INFO - 2. Install CUDA toolkit compatible with your GPU
2025-05-11 03:06:50,824 - app.core.image_processor - INFO - 3. Use 'Force enable GPU' option in settings
2025-05-11 03:06:50,824 - app.core.image_processor - INFO - GPU acceleration available. Enabled: False
2025-05-11 03:06:50,824 - app.core.image_processor - INFO - Image processor initialized
2025-05-11 03:06:50,824 - app.utils.file_manager - INFO - Recent files loaded from file
2025-05-11 03:06:50,825 - app.utils.file_manager - INFO - File manager initialized
2025-05-11 03:06:50,845 - app.ui.image_panel - INFO - Image panel initialized
2025-05-11 03:06:50,859 - app.core.image_processor - INFO - Auto measure set to: False
2025-05-11 03:06:50,859 - app.ui.measurement_panel - INFO - Measurement panel initialized
2025-05-11 03:06:50,866 - app.ui.image_settings_panel - INFO - Image settings panel initialized
2025-05-11 03:06:50,868 - app.ui.main_window - INFO - Main window initialized
2025-05-11 03:06:50,869 - app.rc_analyzer - INFO - RCAnalyzer initialization complete
2025-05-11 03:06:57,378 - app.rc_analyzer - INFO - Saving configuration before exit
2025-05-11 03:06:57,379 - app.utils.config_manager - INFO - Configuration saved to file
2025-05-11 03:06:57,379 - app.core.image_processor - INFO - Cleaned up resources
2025-05-11 03:06:57,380 - app.rc_analyzer - WARNING - Could not remove log file rc_analyzer.log: [WinError 32] El proceso no tiene acceso al archivo porque est� siendo utilizado por otro proceso: 'rc_analyzer.log'
2025-05-11 03:06:57,381 - app.rc_analyzer - INFO - Cleaned up local temp directory: C:\Users\Pablo\Desktop\analizadorrc\temp
2025-05-11 03:06:57,381 - app.rc_analyzer - INFO - Cleaned up log and temporary files
2025-05-11 03:06:57,443 - __main__ - INFO - Application closed normally
2025-05-11 03:08:34,680 - __main__ - INFO - Starting Radiochromic Film Analyzer
2025-05-11 03:08:34,727 - app.rc_analyzer - INFO - Initializing RCAnalyzer application
2025-05-11 03:08:34,727 - app.rc_analyzer - WARNING - Could not remove log file rc_analyzer.log: [WinError 32] El proceso no tiene acceso al archivo porque est� siendo utilizado por otro proceso: 'rc_analyzer.log'
2025-05-11 03:08:34,730 - app.rc_analyzer - INFO - Cleaned up local temp directory: C:\Users\Pablo\Desktop\analizadorrc\temp
2025-05-11 03:08:34,730 - app.rc_analyzer - INFO - Cleaned up log and temporary files
2025-05-11 03:08:34,731 - app.utils.config_manager - INFO - Configuration manager initialized
2025-05-11 03:08:34,732 - app.utils.config_manager - INFO - Configuration loaded from file
2025-05-11 03:08:34,790 - app.core.image_processor - INFO - System info: {'platform': 'Windows', 'processor': 'AMD64 Family 23 Model 113 Stepping 0, AuthenticAMD', 'cpu_count': 12, 'memory_gb': 31.94003677368164, 'python_version': '3.12.0', 'opencv_version': '4.11.0'}
2025-05-11 03:08:34,790 - app.core.image_processor - WARNING - CUDA test matrix creation failed: OpenCV(4.11.0) D:\a\opencv-python\opencv-python\opencv\modules\core\include\opencv2/core/private.cuda.hpp:106: error: (-216:No CUDA support) The library is compiled without CUDA support in function 'throw_no_cuda'

2025-05-11 03:08:34,791 - app.core.image_processor - WARNING - Alternative CUDA test failed: OpenCV(4.11.0) :-1: error: (-5:Bad argument) in function 'createGpuMatFromCudaMemory'
> Overload resolution failed:
>  - createGpuMatFromCudaMemory() missing required argument 'type' (pos 3)
>  - createGpuMatFromCudaMemory() missing required argument 'cudaMemoryAddress' (pos 3)

2025-05-11 03:08:34,873 - app.core.image_processor - INFO - NVIDIA GPU detected: nvidia quadro p600
2025-05-11 03:08:34,873 - app.core.image_processor - INFO - CUDA initialization failed. Setting GPU as available but with warning.
2025-05-11 03:08:34,873 - app.core.image_processor - INFO - To fix CUDA issues, try:
2025-05-11 03:08:34,873 - app.core.image_processor - INFO - 1. Install the latest NVIDIA drivers
2025-05-11 03:08:34,874 - app.core.image_processor - INFO - 2. Install CUDA toolkit compatible with your GPU
2025-05-11 03:08:34,874 - app.core.image_processor - INFO - 3. Use 'Force enable GPU' option in settings
2025-05-11 03:08:34,874 - app.core.image_processor - INFO - GPU acceleration available. Enabled: False
2025-05-11 03:08:34,874 - app.core.image_processor - INFO - Image processor initialized
2025-05-11 03:08:34,874 - app.utils.file_manager - INFO - Recent files loaded from file
2025-05-11 03:08:34,875 - app.utils.file_manager - INFO - File manager initialized
2025-05-11 03:08:34,898 - app.ui.image_panel - INFO - Image panel initialized
2025-05-11 03:08:34,913 - app.core.image_processor - INFO - Auto measure set to: False
2025-05-11 03:08:34,913 - app.ui.measurement_panel - INFO - Measurement panel initialized
2025-05-11 03:08:34,920 - app.ui.image_settings_panel - INFO - Image settings panel initialized
2025-05-11 03:08:34,922 - app.ui.main_window - INFO - Main window initialized
2025-05-11 03:08:34,922 - app.rc_analyzer - INFO - RCAnalyzer initialization complete
2025-05-11 03:08:42,753 - app.rc_analyzer - INFO - Saving configuration before exit
2025-05-11 03:08:42,754 - app.utils.config_manager - INFO - Configuration saved to file
2025-05-11 03:08:42,754 - app.core.image_processor - INFO - Cleaned up resources
2025-05-11 03:08:42,755 - app.rc_analyzer - WARNING - Could not remove log file rc_analyzer.log: [WinError 32] El proceso no tiene acceso al archivo porque est� siendo utilizado por otro proceso: 'rc_analyzer.log'
2025-05-11 03:08:42,756 - app.rc_analyzer - INFO - Cleaned up local temp directory: C:\Users\Pablo\Desktop\analizadorrc\temp
2025-05-11 03:08:42,756 - app.rc_analyzer - INFO - Cleaned up log and temporary files
2025-05-11 03:08:42,821 - __main__ - INFO - Application closed normally
2025-05-11 03:17:25,202 - __main__ - INFO - Starting Radiochromic Film Analyzer
2025-05-11 03:17:25,257 - app.rc_analyzer - INFO - Initializing RCAnalyzer application
2025-05-11 03:17:25,258 - app.rc_analyzer - WARNING - Could not remove log file rc_analyzer.log: [WinError 32] El proceso no tiene acceso al archivo porque est� siendo utilizado por otro proceso: 'rc_analyzer.log'
2025-05-11 03:17:25,261 - app.rc_analyzer - INFO - Cleaned up local temp directory: C:\Users\Pablo\Desktop\analizadorrc\temp
2025-05-11 03:17:25,261 - app.rc_analyzer - INFO - Cleaned up log and temporary files
2025-05-11 03:17:25,261 - app.utils.config_manager - INFO - Configuration manager initialized
2025-05-11 03:17:25,262 - app.utils.config_manager - INFO - Configuration loaded from file
2025-05-11 03:17:25,359 - app.core.image_processor - INFO - System info: {'platform': 'Windows', 'processor': 'AMD64 Family 23 Model 113 Stepping 0, AuthenticAMD', 'cpu_count': 12, 'memory_gb': 31.94003677368164, 'python_version': '3.12.0', 'opencv_version': '4.11.0'}
2025-05-11 03:17:25,360 - app.core.image_processor - WARNING - CUDA test matrix creation failed: OpenCV(4.11.0) D:\a\opencv-python\opencv-python\opencv\modules\core\include\opencv2/core/private.cuda.hpp:106: error: (-216:No CUDA support) The library is compiled without CUDA support in function 'throw_no_cuda'

2025-05-11 03:17:25,360 - app.core.image_processor - WARNING - Alternative CUDA test failed: OpenCV(4.11.0) :-1: error: (-5:Bad argument) in function 'createGpuMatFromCudaMemory'
> Overload resolution failed:
>  - createGpuMatFromCudaMemory() missing required argument 'type' (pos 3)
>  - createGpuMatFromCudaMemory() missing required argument 'cudaMemoryAddress' (pos 3)

2025-05-11 03:17:25,462 - app.core.image_processor - INFO - NVIDIA GPU detected: nvidia quadro p600
2025-05-11 03:17:25,462 - app.core.image_processor - INFO - CUDA initialization failed. Setting GPU as available but with warning.
2025-05-11 03:17:25,463 - app.core.image_processor - INFO - To fix CUDA issues, try:
2025-05-11 03:17:25,463 - app.core.image_processor - INFO - 1. Install the latest NVIDIA drivers
2025-05-11 03:17:25,463 - app.core.image_processor - INFO - 2. Install CUDA toolkit compatible with your GPU
2025-05-11 03:17:25,463 - app.core.image_processor - INFO - 3. Use 'Force enable GPU' option in settings
2025-05-11 03:17:25,463 - app.core.image_processor - INFO - GPU acceleration available. Enabled: False
2025-05-11 03:17:25,463 - app.core.image_processor - INFO - Image processor initialized
2025-05-11 03:17:25,464 - app.utils.file_manager - INFO - Recent files loaded from file
2025-05-11 03:17:25,464 - app.utils.file_manager - INFO - File manager initialized
2025-05-11 03:17:25,490 - app.ui.image_panel - INFO - Image panel initialized
2025-05-11 03:17:25,510 - app.core.image_processor - INFO - Auto measure set to: False
2025-05-11 03:17:25,511 - app.ui.measurement_panel - INFO - Measurement panel initialized
2025-05-11 03:17:25,527 - app.ui.image_settings_panel - INFO - Image settings panel initialized
2025-05-11 03:17:25,533 - app.ui.main_window - INFO - Main window initialized
2025-05-11 03:17:25,533 - app.rc_analyzer - INFO - RCAnalyzer initialization complete
2025-05-11 03:17:34,975 - app.rc_analyzer - INFO - Saving configuration before exit
2025-05-11 03:17:34,976 - app.utils.config_manager - INFO - Configuration saved to file
2025-05-11 03:17:34,976 - app.core.image_processor - INFO - Cleaned up resources
2025-05-11 03:17:34,976 - app.rc_analyzer - WARNING - Could not remove log file rc_analyzer.log: [WinError 32] El proceso no tiene acceso al archivo porque est� siendo utilizado por otro proceso: 'rc_analyzer.log'
2025-05-11 03:17:34,981 - app.rc_analyzer - INFO - Cleaned up local temp directory: C:\Users\Pablo\Desktop\analizadorrc\temp
2025-05-11 03:17:34,981 - app.rc_analyzer - INFO - Cleaned up log and temporary files
2025-05-11 03:17:35,072 - __main__ - INFO - Application closed normally
2025-05-11 14:22:42,179 - __main__ - INFO - Starting Radiochromic Film Analyzer
2025-05-11 14:22:42,274 - app.rc_analyzer - INFO - Initializing RCAnalyzer application
2025-05-11 14:22:42,274 - app.rc_analyzer - WARNING - Could not remove log file rc_analyzer.log: [WinError 32] El proceso no tiene acceso al archivo porque est� siendo utilizado por otro proceso: 'rc_analyzer.log'
2025-05-11 14:22:42,290 - app.rc_analyzer - INFO - Cleaned up local temp directory: C:\Users\Pablo\Desktop\analizadorrc\temp
2025-05-11 14:22:42,290 - app.rc_analyzer - INFO - Cleaned up log and temporary files
2025-05-11 14:22:42,290 - app.utils.config_manager - INFO - Configuration manager initialized
2025-05-11 14:22:42,290 - app.utils.config_manager - INFO - Configuration loaded from file
2025-05-11 14:22:42,337 - app.core.image_processor - INFO - System info: {'platform': 'Windows', 'processor': 'AMD64 Family 23 Model 113 Stepping 0, AuthenticAMD', 'cpu_count': 12, 'memory_gb': 31.94003677368164, 'python_version': '3.12.0', 'opencv_version': '4.11.0'}
2025-05-11 14:22:42,353 - app.core.image_processor - WARNING - CUDA test matrix creation failed: OpenCV(4.11.0) D:\a\opencv-python\opencv-python\opencv\modules\core\include\opencv2/core/private.cuda.hpp:106: error: (-216:No CUDA support) The library is compiled without CUDA support in function 'throw_no_cuda'

2025-05-11 14:22:42,353 - app.core.image_processor - WARNING - Alternative CUDA test failed: OpenCV(4.11.0) :-1: error: (-5:Bad argument) in function 'createGpuMatFromCudaMemory'
> Overload resolution failed:
>  - createGpuMatFromCudaMemory() missing required argument 'type' (pos 3)
>  - createGpuMatFromCudaMemory() missing required argument 'cudaMemoryAddress' (pos 3)

2025-05-11 14:22:42,448 - app.core.image_processor - INFO - NVIDIA GPU detected: nvidia quadro p600
2025-05-11 14:22:42,448 - app.core.image_processor - INFO - CUDA initialization failed. Setting GPU as available but with warning.
2025-05-11 14:22:42,448 - app.core.image_processor - INFO - To fix CUDA issues, try:
2025-05-11 14:22:42,448 - app.core.image_processor - INFO - 1. Install the latest NVIDIA drivers
2025-05-11 14:22:42,448 - app.core.image_processor - INFO - 2. Install CUDA toolkit compatible with your GPU
2025-05-11 14:22:42,448 - app.core.image_processor - INFO - 3. Use 'Force enable GPU' option in settings
2025-05-11 14:22:42,448 - app.core.image_processor - INFO - GPU acceleration available. Enabled: False
2025-05-11 14:22:42,448 - app.core.image_processor - INFO - Image processor initialized
2025-05-11 14:22:42,448 - app.utils.file_manager - INFO - Recent files loaded from file
2025-05-11 14:22:42,448 - app.utils.file_manager - INFO - File manager initialized
2025-05-11 14:22:42,480 - app.ui.image_panel - INFO - Image panel initialized
2025-05-11 14:22:42,511 - app.core.image_processor - INFO - Auto measure set to: False
2025-05-11 14:22:42,511 - app.ui.measurement_panel - INFO - Measurement panel initialized
2025-05-11 14:22:42,511 - app.ui.image_settings_panel - INFO - Image settings panel initialized
2025-05-11 14:22:42,511 - app.ui.main_window - INFO - Main window initialized
2025-05-11 14:22:42,511 - app.rc_analyzer - INFO - RCAnalyzer initialization complete
2025-05-11 14:22:48,934 - app.core.image_processor - INFO - Loading image: C:/Users/Pablo/Desktop/RC1_2_3.tiff, size: 2550x3510
2025-05-11 14:22:48,940 - app.core.image_processor - INFO - Loaded image: C:/Users/Pablo/Desktop/RC1_2_3.tiff
2025-05-11 14:22:48,942 - app.utils.file_manager - INFO - Recent files saved to file
2025-05-11 14:22:48,942 - app.utils.file_manager - INFO - Added file to recent files: C:/Users/Pablo/Desktop/RC1_2_3.tiff
2025-05-11 14:22:48,942 - app.ui.main_window - INFO - Loaded image: C:/Users/Pablo/Desktop/RC1_2_3.tiff
2025-05-11 14:23:13,160 - app.core.image_processor - INFO - Dividing image into 16 tiles (4x4) for binning
2025-05-11 14:23:13,160 - app.core.image_processor - INFO - Using CPU multithreading for tiled binning
2025-05-11 14:23:27,780 - __main__ - INFO - Starting Radiochromic Film Analyzer
2025-05-11 14:23:27,828 - app.rc_analyzer - INFO - Initializing RCAnalyzer application
2025-05-11 14:23:27,844 - app.rc_analyzer - WARNING - Could not remove log file rc_analyzer.log: [WinError 32] El proceso no tiene acceso al archivo porque est� siendo utilizado por otro proceso: 'rc_analyzer.log'
2025-05-11 14:23:27,844 - app.rc_analyzer - INFO - Cleaned up local temp directory: C:\Users\Pablo\Desktop\analizadorrc\temp
2025-05-11 14:23:27,844 - app.rc_analyzer - INFO - Cleaned up log and temporary files
2025-05-11 14:23:27,844 - app.utils.config_manager - INFO - Configuration manager initialized
2025-05-11 14:23:27,844 - app.utils.config_manager - INFO - Configuration loaded from file
2025-05-11 14:23:27,909 - app.core.image_processor - INFO - System info: {'platform': 'Windows', 'processor': 'AMD64 Family 23 Model 113 Stepping 0, AuthenticAMD', 'cpu_count': 12, 'memory_gb': 31.94003677368164, 'python_version': '3.12.0', 'opencv_version': '4.11.0'}
2025-05-11 14:23:27,909 - app.core.image_processor - WARNING - CUDA test matrix creation failed: OpenCV(4.11.0) D:\a\opencv-python\opencv-python\opencv\modules\core\include\opencv2/core/private.cuda.hpp:106: error: (-216:No CUDA support) The library is compiled without CUDA support in function 'throw_no_cuda'

2025-05-11 14:23:27,909 - app.core.image_processor - WARNING - Alternative CUDA test failed: OpenCV(4.11.0) :-1: error: (-5:Bad argument) in function 'createGpuMatFromCudaMemory'
> Overload resolution failed:
>  - createGpuMatFromCudaMemory() missing required argument 'type' (pos 3)
>  - createGpuMatFromCudaMemory() missing required argument 'cudaMemoryAddress' (pos 3)

2025-05-11 14:23:28,002 - app.core.image_processor - INFO - NVIDIA GPU detected: nvidia quadro p600
2025-05-11 14:23:28,002 - app.core.image_processor - INFO - CUDA initialization failed. Setting GPU as available but with warning.
2025-05-11 14:23:28,002 - app.core.image_processor - INFO - To fix CUDA issues, try:
2025-05-11 14:23:28,002 - app.core.image_processor - INFO - 1. Install the latest NVIDIA drivers
2025-05-11 14:23:28,002 - app.core.image_processor - INFO - 2. Install CUDA toolkit compatible with your GPU
2025-05-11 14:23:28,002 - app.core.image_processor - INFO - 3. Use 'Force enable GPU' option in settings
2025-05-11 14:23:28,002 - app.core.image_processor - INFO - GPU acceleration available. Enabled: False
2025-05-11 14:23:28,002 - app.core.image_processor - INFO - Image processor initialized
2025-05-11 14:23:28,002 - app.utils.file_manager - INFO - Recent files loaded from file
2025-05-11 14:23:28,002 - app.utils.file_manager - INFO - File manager initialized
2025-05-11 14:23:28,034 - app.ui.image_panel - INFO - Image panel initialized
2025-05-11 14:23:28,049 - app.core.image_processor - INFO - Auto measure set to: False
2025-05-11 14:23:28,049 - app.ui.measurement_panel - INFO - Measurement panel initialized
2025-05-11 14:23:28,065 - app.ui.image_settings_panel - INFO - Image settings panel initialized
2025-05-11 14:23:28,065 - app.ui.main_window - INFO - Main window initialized
2025-05-11 14:23:28,065 - app.rc_analyzer - INFO - RCAnalyzer initialization complete
2025-05-11 14:24:04,446 - app.core.image_processor - INFO - Loading image: C:/Users/Pablo/Desktop/RC1_2_3.tiff, size: 2550x3510
2025-05-11 14:24:04,446 - app.core.image_processor - INFO - Loaded image: C:/Users/Pablo/Desktop/RC1_2_3.tiff
2025-05-11 14:24:04,446 - app.utils.file_manager - INFO - Recent files saved to file
2025-05-11 14:24:04,446 - app.utils.file_manager - INFO - Added file to recent files: C:/Users/Pablo/Desktop/RC1_2_3.tiff
2025-05-11 14:24:04,446 - app.ui.main_window - INFO - Loaded image: C:/Users/Pablo/Desktop/RC1_2_3.tiff
2025-05-11 14:24:14,053 - app.core.image_processor - INFO - Dividing image into 12 tiles (3x4) for binning
2025-05-11 14:24:14,053 - app.core.image_processor - INFO - Using GPU for tiled binning
2025-05-11 14:24:14,053 - app.core.image_processor - ERROR - Error processing GPU tile 0: OpenCV(4.11.0) D:\a\opencv-python\opencv-python\opencv\modules\core\include\opencv2/core/private.cuda.hpp:106: error: (-216:No CUDA support) The library is compiled without CUDA support in function 'throw_no_cuda'
Traceback (most recent call last):
  File "C:\Users\Pablo\Desktop\analizadorrc\app\core\image_processor.py", line 575, in _process_gpu_tile
    gpu_tile.upload(tile)
cv2.error: OpenCV(4.11.0) D:\a\opencv-python\opencv-python\opencv\modules\core\include\opencv2/core/private.cuda.hpp:106: error: (-216:No CUDA support) The library is compiled without CUDA support in function 'throw_no_cuda'

2025-05-11 14:24:14,053 - app.core.image_processor - ERROR - Error processing GPU tile 1: OpenCV(4.11.0) D:\a\opencv-python\opencv-python\opencv\modules\core\include\opencv2/core/private.cuda.hpp:106: error: (-216:No CUDA support) The library is compiled without CUDA support in function 'throw_no_cuda'
Traceback (most recent call last):
  File "C:\Users\Pablo\Desktop\analizadorrc\app\core\image_processor.py", line 575, in _process_gpu_tile
    gpu_tile.upload(tile)
cv2.error: OpenCV(4.11.0) D:\a\opencv-python\opencv-python\opencv\modules\core\include\opencv2/core/private.cuda.hpp:106: error: (-216:No CUDA support) The library is compiled without CUDA support in function 'throw_no_cuda'

2025-05-11 14:24:14,059 - app.core.image_processor - ERROR - Error processing GPU tile 2: OpenCV(4.11.0) D:\a\opencv-python\opencv-python\opencv\modules\core\include\opencv2/core/private.cuda.hpp:106: error: (-216:No CUDA support) The library is compiled without CUDA support in function 'throw_no_cuda'
Traceback (most recent call last):
  File "C:\Users\Pablo\Desktop\analizadorrc\app\core\image_processor.py", line 575, in _process_gpu_tile
    gpu_tile.upload(tile)
cv2.error: OpenCV(4.11.0) D:\a\opencv-python\opencv-python\opencv\modules\core\include\opencv2/core/private.cuda.hpp:106: error: (-216:No CUDA support) The library is compiled without CUDA support in function 'throw_no_cuda'

2025-05-11 14:24:14,059 - app.core.image_processor - ERROR - Error processing GPU tile 3: OpenCV(4.11.0) D:\a\opencv-python\opencv-python\opencv\modules\core\include\opencv2/core/private.cuda.hpp:106: error: (-216:No CUDA support) The library is compiled without CUDA support in function 'throw_no_cuda'
Traceback (most recent call last):
  File "C:\Users\Pablo\Desktop\analizadorrc\app\core\image_processor.py", line 575, in _process_gpu_tile
    gpu_tile.upload(tile)
cv2.error: OpenCV(4.11.0) D:\a\opencv-python\opencv-python\opencv\modules\core\include\opencv2/core/private.cuda.hpp:106: error: (-216:No CUDA support) The library is compiled without CUDA support in function 'throw_no_cuda'

2025-05-11 14:24:14,059 - app.core.image_processor - ERROR - Error processing GPU tile 4: OpenCV(4.11.0) D:\a\opencv-python\opencv-python\opencv\modules\core\include\opencv2/core/private.cuda.hpp:106: error: (-216:No CUDA support) The library is compiled without CUDA support in function 'throw_no_cuda'
Traceback (most recent call last):
  File "C:\Users\Pablo\Desktop\analizadorrc\app\core\image_processor.py", line 575, in _process_gpu_tile
    gpu_tile.upload(tile)
cv2.error: OpenCV(4.11.0) D:\a\opencv-python\opencv-python\opencv\modules\core\include\opencv2/core/private.cuda.hpp:106: error: (-216:No CUDA support) The library is compiled without CUDA support in function 'throw_no_cuda'

2025-05-11 14:24:14,059 - app.core.image_processor - ERROR - Error processing GPU tile 5: OpenCV(4.11.0) D:\a\opencv-python\opencv-python\opencv\modules\core\include\opencv2/core/private.cuda.hpp:106: error: (-216:No CUDA support) The library is compiled without CUDA support in function 'throw_no_cuda'
Traceback (most recent call last):
  File "C:\Users\Pablo\Desktop\analizadorrc\app\core\image_processor.py", line 575, in _process_gpu_tile
    gpu_tile.upload(tile)
cv2.error: OpenCV(4.11.0) D:\a\opencv-python\opencv-python\opencv\modules\core\include\opencv2/core/private.cuda.hpp:106: error: (-216:No CUDA support) The library is compiled without CUDA support in function 'throw_no_cuda'

2025-05-11 14:24:14,059 - app.core.image_processor - ERROR - Error processing GPU tile 6: OpenCV(4.11.0) D:\a\opencv-python\opencv-python\opencv\modules\core\include\opencv2/core/private.cuda.hpp:106: error: (-216:No CUDA support) The library is compiled without CUDA support in function 'throw_no_cuda'
Traceback (most recent call last):
  File "C:\Users\Pablo\Desktop\analizadorrc\app\core\image_processor.py", line 575, in _process_gpu_tile
    gpu_tile.upload(tile)
cv2.error: OpenCV(4.11.0) D:\a\opencv-python\opencv-python\opencv\modules\core\include\opencv2/core/private.cuda.hpp:106: error: (-216:No CUDA support) The library is compiled without CUDA support in function 'throw_no_cuda'

2025-05-11 14:24:14,059 - app.core.image_processor - ERROR - Error processing GPU tile 7: OpenCV(4.11.0) D:\a\opencv-python\opencv-python\opencv\modules\core\include\opencv2/core/private.cuda.hpp:106: error: (-216:No CUDA support) The library is compiled without CUDA support in function 'throw_no_cuda'
Traceback (most recent call last):
  File "C:\Users\Pablo\Desktop\analizadorrc\app\core\image_processor.py", line 575, in _process_gpu_tile
    gpu_tile.upload(tile)
cv2.error: OpenCV(4.11.0) D:\a\opencv-python\opencv-python\opencv\modules\core\include\opencv2/core/private.cuda.hpp:106: error: (-216:No CUDA support) The library is compiled without CUDA support in function 'throw_no_cuda'

2025-05-11 14:24:14,060 - app.core.image_processor - ERROR - Error processing GPU tile 8: OpenCV(4.11.0) D:\a\opencv-python\opencv-python\opencv\modules\core\include\opencv2/core/private.cuda.hpp:106: error: (-216:No CUDA support) The library is compiled without CUDA support in function 'throw_no_cuda'
Traceback (most recent call last):
  File "C:\Users\Pablo\Desktop\analizadorrc\app\core\image_processor.py", line 575, in _process_gpu_tile
    gpu_tile.upload(tile)
cv2.error: OpenCV(4.11.0) D:\a\opencv-python\opencv-python\opencv\modules\core\include\opencv2/core/private.cuda.hpp:106: error: (-216:No CUDA support) The library is compiled without CUDA support in function 'throw_no_cuda'

2025-05-11 14:24:14,060 - app.core.image_processor - ERROR - Error processing GPU tile 9: OpenCV(4.11.0) D:\a\opencv-python\opencv-python\opencv\modules\core\include\opencv2/core/private.cuda.hpp:106: error: (-216:No CUDA support) The library is compiled without CUDA support in function 'throw_no_cuda'
Traceback (most recent call last):
  File "C:\Users\Pablo\Desktop\analizadorrc\app\core\image_processor.py", line 575, in _process_gpu_tile
    gpu_tile.upload(tile)
cv2.error: OpenCV(4.11.0) D:\a\opencv-python\opencv-python\opencv\modules\core\include\opencv2/core/private.cuda.hpp:106: error: (-216:No CUDA support) The library is compiled without CUDA support in function 'throw_no_cuda'

2025-05-11 14:24:14,060 - app.core.image_processor - ERROR - Error processing GPU tile 10: OpenCV(4.11.0) D:\a\opencv-python\opencv-python\opencv\modules\core\include\opencv2/core/private.cuda.hpp:106: error: (-216:No CUDA support) The library is compiled without CUDA support in function 'throw_no_cuda'
Traceback (most recent call last):
  File "C:\Users\Pablo\Desktop\analizadorrc\app\core\image_processor.py", line 575, in _process_gpu_tile
    gpu_tile.upload(tile)
cv2.error: OpenCV(4.11.0) D:\a\opencv-python\opencv-python\opencv\modules\core\include\opencv2/core/private.cuda.hpp:106: error: (-216:No CUDA support) The library is compiled without CUDA support in function 'throw_no_cuda'

2025-05-11 14:24:14,060 - app.core.image_processor - ERROR - Error processing GPU tile 11: OpenCV(4.11.0) D:\a\opencv-python\opencv-python\opencv\modules\core\include\opencv2/core/private.cuda.hpp:106: error: (-216:No CUDA support) The library is compiled without CUDA support in function 'throw_no_cuda'
Traceback (most recent call last):
  File "C:\Users\Pablo\Desktop\analizadorrc\app\core\image_processor.py", line 575, in _process_gpu_tile
    gpu_tile.upload(tile)
cv2.error: OpenCV(4.11.0) D:\a\opencv-python\opencv-python\opencv\modules\core\include\opencv2/core/private.cuda.hpp:106: error: (-216:No CUDA support) The library is compiled without CUDA support in function 'throw_no_cuda'

2025-05-11 14:25:36,389 - __main__ - INFO - Starting Radiochromic Film Analyzer
2025-05-11 14:25:36,437 - app.rc_analyzer - INFO - Initializing RCAnalyzer application
2025-05-11 14:25:36,437 - app.rc_analyzer - WARNING - Could not remove log file rc_analyzer.log: [WinError 32] El proceso no tiene acceso al archivo porque est� siendo utilizado por otro proceso: 'rc_analyzer.log'
2025-05-11 14:25:36,437 - app.rc_analyzer - INFO - Cleaned up local temp directory: C:\Users\Pablo\Desktop\analizadorrc\temp
2025-05-11 14:25:36,437 - app.rc_analyzer - INFO - Cleaned up log and temporary files
2025-05-11 14:25:36,437 - app.utils.config_manager - INFO - Configuration manager initialized
2025-05-11 14:25:36,437 - app.utils.config_manager - INFO - Configuration loaded from file
2025-05-11 14:25:36,546 - app.core.image_processor - INFO - System info: {'platform': 'Windows', 'processor': 'AMD64 Family 23 Model 113 Stepping 0, AuthenticAMD', 'cpu_count': 12, 'memory_gb': 31.94003677368164, 'python_version': '3.12.0', 'opencv_version': '4.11.0'}
2025-05-11 14:25:36,546 - app.core.image_processor - WARNING - CUDA test matrix creation failed: OpenCV(4.11.0) D:\a\opencv-python\opencv-python\opencv\modules\core\include\opencv2/core/private.cuda.hpp:106: error: (-216:No CUDA support) The library is compiled without CUDA support in function 'throw_no_cuda'

2025-05-11 14:25:36,546 - app.core.image_processor - WARNING - Alternative CUDA test failed: OpenCV(4.11.0) :-1: error: (-5:Bad argument) in function 'createGpuMatFromCudaMemory'
> Overload resolution failed:
>  - createGpuMatFromCudaMemory() missing required argument 'type' (pos 3)
>  - createGpuMatFromCudaMemory() missing required argument 'cudaMemoryAddress' (pos 3)

2025-05-11 14:25:36,641 - app.core.image_processor - INFO - NVIDIA GPU detected: nvidia quadro p600
2025-05-11 14:25:36,641 - app.core.image_processor - INFO - CUDA initialization failed. Setting GPU as available but with warning.
2025-05-11 14:25:36,641 - app.core.image_processor - INFO - To fix CUDA issues, try:
2025-05-11 14:25:36,641 - app.core.image_processor - INFO - 1. Install the latest NVIDIA drivers
2025-05-11 14:25:36,641 - app.core.image_processor - INFO - 2. Install CUDA toolkit compatible with your GPU
2025-05-11 14:25:36,641 - app.core.image_processor - INFO - 3. Use 'Force enable GPU' option in settings
2025-05-11 14:25:36,641 - app.core.image_processor - INFO - GPU acceleration available. Enabled: False
2025-05-11 14:25:36,641 - app.core.image_processor - INFO - Image processor initialized
2025-05-11 14:25:36,641 - app.utils.file_manager - INFO - Recent files loaded from file
2025-05-11 14:25:36,641 - app.utils.file_manager - INFO - File manager initialized
2025-05-11 14:25:36,657 - app.ui.image_panel - INFO - Image panel initialized
2025-05-11 14:25:36,673 - app.core.image_processor - INFO - Auto measure set to: False
2025-05-11 14:25:36,673 - app.ui.measurement_panel - INFO - Measurement panel initialized
2025-05-11 14:25:36,689 - app.ui.image_settings_panel - INFO - Image settings panel initialized
2025-05-11 14:25:36,689 - app.ui.main_window - INFO - Main window initialized
2025-05-11 14:25:36,689 - app.rc_analyzer - INFO - RCAnalyzer initialization complete
2025-05-11 14:25:51,449 - app.core.image_processor - INFO - Loading image: C:/Users/Pablo/Desktop/RC1_2_3.tiff, size: 2550x3510
2025-05-11 14:25:51,450 - app.core.image_processor - INFO - Loaded image: C:/Users/Pablo/Desktop/RC1_2_3.tiff
2025-05-11 14:25:51,450 - app.utils.file_manager - INFO - Recent files saved to file
2025-05-11 14:25:51,450 - app.utils.file_manager - INFO - Added file to recent files: C:/Users/Pablo/Desktop/RC1_2_3.tiff
2025-05-11 14:25:51,450 - app.ui.main_window - INFO - Loaded image: C:/Users/Pablo/Desktop/RC1_2_3.tiff
2025-05-11 14:25:55,768 - app.core.image_processor - INFO - Dividing image into 12 tiles (3x4) for binning
2025-05-11 14:25:55,768 - app.core.image_processor - INFO - Using GPU for tiled binning
2025-05-11 14:25:55,768 - app.core.image_processor - ERROR - Error processing GPU tile 0: OpenCV(4.11.0) D:\a\opencv-python\opencv-python\opencv\modules\core\include\opencv2/core/private.cuda.hpp:106: error: (-216:No CUDA support) The library is compiled without CUDA support in function 'throw_no_cuda'
Traceback (most recent call last):
  File "C:\Users\Pablo\Desktop\analizadorrc\app\core\image_processor.py", line 575, in _process_gpu_tile
    gpu_tile.upload(tile)
cv2.error: OpenCV(4.11.0) D:\a\opencv-python\opencv-python\opencv\modules\core\include\opencv2/core/private.cuda.hpp:106: error: (-216:No CUDA support) The library is compiled without CUDA support in function 'throw_no_cuda'

2025-05-11 14:25:55,768 - app.core.image_processor - ERROR - Error processing GPU tile 1: OpenCV(4.11.0) D:\a\opencv-python\opencv-python\opencv\modules\core\include\opencv2/core/private.cuda.hpp:106: error: (-216:No CUDA support) The library is compiled without CUDA support in function 'throw_no_cuda'
Traceback (most recent call last):
  File "C:\Users\Pablo\Desktop\analizadorrc\app\core\image_processor.py", line 575, in _process_gpu_tile
    gpu_tile.upload(tile)
cv2.error: OpenCV(4.11.0) D:\a\opencv-python\opencv-python\opencv\modules\core\include\opencv2/core/private.cuda.hpp:106: error: (-216:No CUDA support) The library is compiled without CUDA support in function 'throw_no_cuda'

2025-05-11 14:25:55,768 - app.core.image_processor - ERROR - Error processing GPU tile 2: OpenCV(4.11.0) D:\a\opencv-python\opencv-python\opencv\modules\core\include\opencv2/core/private.cuda.hpp:106: error: (-216:No CUDA support) The library is compiled without CUDA support in function 'throw_no_cuda'
Traceback (most recent call last):
  File "C:\Users\Pablo\Desktop\analizadorrc\app\core\image_processor.py", line 575, in _process_gpu_tile
    gpu_tile.upload(tile)
cv2.error: OpenCV(4.11.0) D:\a\opencv-python\opencv-python\opencv\modules\core\include\opencv2/core/private.cuda.hpp:106: error: (-216:No CUDA support) The library is compiled without CUDA support in function 'throw_no_cuda'

2025-05-11 14:25:55,768 - app.core.image_processor - ERROR - Error processing GPU tile 3: OpenCV(4.11.0) D:\a\opencv-python\opencv-python\opencv\modules\core\include\opencv2/core/private.cuda.hpp:106: error: (-216:No CUDA support) The library is compiled without CUDA support in function 'throw_no_cuda'
Traceback (most recent call last):
  File "C:\Users\Pablo\Desktop\analizadorrc\app\core\image_processor.py", line 575, in _process_gpu_tile
    gpu_tile.upload(tile)
cv2.error: OpenCV(4.11.0) D:\a\opencv-python\opencv-python\opencv\modules\core\include\opencv2/core/private.cuda.hpp:106: error: (-216:No CUDA support) The library is compiled without CUDA support in function 'throw_no_cuda'

2025-05-11 14:25:55,768 - app.core.image_processor - ERROR - Error processing GPU tile 4: OpenCV(4.11.0) D:\a\opencv-python\opencv-python\opencv\modules\core\include\opencv2/core/private.cuda.hpp:106: error: (-216:No CUDA support) The library is compiled without CUDA support in function 'throw_no_cuda'
Traceback (most recent call last):
  File "C:\Users\Pablo\Desktop\analizadorrc\app\core\image_processor.py", line 575, in _process_gpu_tile
    gpu_tile.upload(tile)
cv2.error: OpenCV(4.11.0) D:\a\opencv-python\opencv-python\opencv\modules\core\include\opencv2/core/private.cuda.hpp:106: error: (-216:No CUDA support) The library is compiled without CUDA support in function 'throw_no_cuda'

2025-05-11 14:25:55,768 - app.core.image_processor - ERROR - Error processing GPU tile 5: OpenCV(4.11.0) D:\a\opencv-python\opencv-python\opencv\modules\core\include\opencv2/core/private.cuda.hpp:106: error: (-216:No CUDA support) The library is compiled without CUDA support in function 'throw_no_cuda'
Traceback (most recent call last):
  File "C:\Users\Pablo\Desktop\analizadorrc\app\core\image_processor.py", line 575, in _process_gpu_tile
    gpu_tile.upload(tile)
cv2.error: OpenCV(4.11.0) D:\a\opencv-python\opencv-python\opencv\modules\core\include\opencv2/core/private.cuda.hpp:106: error: (-216:No CUDA support) The library is compiled without CUDA support in function 'throw_no_cuda'

2025-05-11 14:25:55,768 - app.core.image_processor - ERROR - Error processing GPU tile 6: OpenCV(4.11.0) D:\a\opencv-python\opencv-python\opencv\modules\core\include\opencv2/core/private.cuda.hpp:106: error: (-216:No CUDA support) The library is compiled without CUDA support in function 'throw_no_cuda'
Traceback (most recent call last):
  File "C:\Users\Pablo\Desktop\analizadorrc\app\core\image_processor.py", line 575, in _process_gpu_tile
    gpu_tile.upload(tile)
cv2.error: OpenCV(4.11.0) D:\a\opencv-python\opencv-python\opencv\modules\core\include\opencv2/core/private.cuda.hpp:106: error: (-216:No CUDA support) The library is compiled without CUDA support in function 'throw_no_cuda'

2025-05-11 14:25:55,795 - app.core.image_processor - ERROR - Error processing GPU tile 7: OpenCV(4.11.0) D:\a\opencv-python\opencv-python\opencv\modules\core\include\opencv2/core/private.cuda.hpp:106: error: (-216:No CUDA support) The library is compiled without CUDA support in function 'throw_no_cuda'
Traceback (most recent call last):
  File "C:\Users\Pablo\Desktop\analizadorrc\app\core\image_processor.py", line 575, in _process_gpu_tile
    gpu_tile.upload(tile)
cv2.error: OpenCV(4.11.0) D:\a\opencv-python\opencv-python\opencv\modules\core\include\opencv2/core/private.cuda.hpp:106: error: (-216:No CUDA support) The library is compiled without CUDA support in function 'throw_no_cuda'

2025-05-11 14:25:55,795 - app.core.image_processor - ERROR - Error processing GPU tile 8: OpenCV(4.11.0) D:\a\opencv-python\opencv-python\opencv\modules\core\include\opencv2/core/private.cuda.hpp:106: error: (-216:No CUDA support) The library is compiled without CUDA support in function 'throw_no_cuda'
Traceback (most recent call last):
  File "C:\Users\Pablo\Desktop\analizadorrc\app\core\image_processor.py", line 575, in _process_gpu_tile
    gpu_tile.upload(tile)
cv2.error: OpenCV(4.11.0) D:\a\opencv-python\opencv-python\opencv\modules\core\include\opencv2/core/private.cuda.hpp:106: error: (-216:No CUDA support) The library is compiled without CUDA support in function 'throw_no_cuda'

2025-05-11 14:25:55,826 - app.core.image_processor - ERROR - Error processing GPU tile 9: OpenCV(4.11.0) D:\a\opencv-python\opencv-python\opencv\modules\core\include\opencv2/core/private.cuda.hpp:106: error: (-216:No CUDA support) The library is compiled without CUDA support in function 'throw_no_cuda'
Traceback (most recent call last):
  File "C:\Users\Pablo\Desktop\analizadorrc\app\core\image_processor.py", line 575, in _process_gpu_tile
    gpu_tile.upload(tile)
cv2.error: OpenCV(4.11.0) D:\a\opencv-python\opencv-python\opencv\modules\core\include\opencv2/core/private.cuda.hpp:106: error: (-216:No CUDA support) The library is compiled without CUDA support in function 'throw_no_cuda'

2025-05-11 14:25:56,001 - app.core.image_processor - ERROR - Error processing GPU tile 10: OpenCV(4.11.0) D:\a\opencv-python\opencv-python\opencv\modules\core\include\opencv2/core/private.cuda.hpp:106: error: (-216:No CUDA support) The library is compiled without CUDA support in function 'throw_no_cuda'
Traceback (most recent call last):
  File "C:\Users\Pablo\Desktop\analizadorrc\app\core\image_processor.py", line 575, in _process_gpu_tile
    gpu_tile.upload(tile)
cv2.error: OpenCV(4.11.0) D:\a\opencv-python\opencv-python\opencv\modules\core\include\opencv2/core/private.cuda.hpp:106: error: (-216:No CUDA support) The library is compiled without CUDA support in function 'throw_no_cuda'

2025-05-11 14:25:56,033 - app.core.image_processor - ERROR - Error processing GPU tile 11: OpenCV(4.11.0) D:\a\opencv-python\opencv-python\opencv\modules\core\include\opencv2/core/private.cuda.hpp:106: error: (-216:No CUDA support) The library is compiled without CUDA support in function 'throw_no_cuda'
Traceback (most recent call last):
  File "C:\Users\Pablo\Desktop\analizadorrc\app\core\image_processor.py", line 575, in _process_gpu_tile
    gpu_tile.upload(tile)
cv2.error: OpenCV(4.11.0) D:\a\opencv-python\opencv-python\opencv\modules\core\include\opencv2/core/private.cuda.hpp:106: error: (-216:No CUDA support) The library is compiled without CUDA support in function 'throw_no_cuda'

2025-05-11 14:26:27,854 - __main__ - INFO - Starting Radiochromic Film Analyzer
2025-05-11 14:26:27,897 - app.rc_analyzer - INFO - Initializing RCAnalyzer application
2025-05-11 14:26:27,897 - app.rc_analyzer - WARNING - Could not remove log file rc_analyzer.log: [WinError 32] El proceso no tiene acceso al archivo porque est� siendo utilizado por otro proceso: 'rc_analyzer.log'
2025-05-11 14:26:27,897 - app.rc_analyzer - INFO - Cleaned up local temp directory: C:\Users\Pablo\Desktop\analizadorrc\temp
2025-05-11 14:26:27,897 - app.rc_analyzer - INFO - Cleaned up log and temporary files
2025-05-11 14:26:27,897 - app.utils.config_manager - INFO - Configuration manager initialized
2025-05-11 14:26:27,897 - app.utils.config_manager - INFO - Configuration loaded from file
2025-05-11 14:26:27,963 - app.core.image_processor - INFO - System info: {'platform': 'Windows', 'processor': 'AMD64 Family 23 Model 113 Stepping 0, AuthenticAMD', 'cpu_count': 12, 'memory_gb': 31.94003677368164, 'python_version': '3.12.0', 'opencv_version': '4.11.0'}
2025-05-11 14:26:27,963 - app.core.image_processor - WARNING - CUDA test matrix creation failed: OpenCV(4.11.0) D:\a\opencv-python\opencv-python\opencv\modules\core\include\opencv2/core/private.cuda.hpp:106: error: (-216:No CUDA support) The library is compiled without CUDA support in function 'throw_no_cuda'

2025-05-11 14:26:27,963 - app.core.image_processor - WARNING - Alternative CUDA test failed: OpenCV(4.11.0) :-1: error: (-5:Bad argument) in function 'createGpuMatFromCudaMemory'
> Overload resolution failed:
>  - createGpuMatFromCudaMemory() missing required argument 'type' (pos 3)
>  - createGpuMatFromCudaMemory() missing required argument 'cudaMemoryAddress' (pos 3)

2025-05-11 14:26:28,057 - app.core.image_processor - INFO - NVIDIA GPU detected: nvidia quadro p600
2025-05-11 14:26:28,057 - app.core.image_processor - INFO - CUDA initialization failed. Setting GPU as available but with warning.
2025-05-11 14:26:28,057 - app.core.image_processor - INFO - To fix CUDA issues, try:
2025-05-11 14:26:28,057 - app.core.image_processor - INFO - 1. Install the latest NVIDIA drivers
2025-05-11 14:26:28,057 - app.core.image_processor - INFO - 2. Install CUDA toolkit compatible with your GPU
2025-05-11 14:26:28,057 - app.core.image_processor - INFO - 3. Use 'Force enable GPU' option in settings
2025-05-11 14:26:28,057 - app.core.image_processor - INFO - GPU acceleration available. Enabled: False
2025-05-11 14:26:28,057 - app.core.image_processor - INFO - Image processor initialized
2025-05-11 14:26:28,057 - app.utils.file_manager - INFO - Recent files loaded from file
2025-05-11 14:26:28,057 - app.utils.file_manager - INFO - File manager initialized
2025-05-11 14:26:28,088 - app.ui.image_panel - INFO - Image panel initialized
2025-05-11 14:26:28,105 - app.core.image_processor - INFO - Auto measure set to: False
2025-05-11 14:26:28,105 - app.ui.measurement_panel - INFO - Measurement panel initialized
2025-05-11 14:26:28,120 - app.ui.image_settings_panel - INFO - Image settings panel initialized
2025-05-11 14:26:28,120 - app.ui.main_window - INFO - Main window initialized
2025-05-11 14:26:28,120 - app.rc_analyzer - INFO - RCAnalyzer initialization complete
2025-05-11 14:26:39,040 - app.core.image_processor - INFO - GPU force-enabled. GPU acceleration enabled: False
2025-05-11 14:26:45,772 - app.core.image_processor - INFO - Loading image: C:/Users/Pablo/Desktop/RC1_2_3.tiff, size: 2550x3510
2025-05-11 14:26:45,783 - app.core.image_processor - INFO - Loaded image: C:/Users/Pablo/Desktop/RC1_2_3.tiff
2025-05-11 14:26:45,791 - app.utils.file_manager - INFO - Recent files saved to file
2025-05-11 14:26:45,791 - app.utils.file_manager - INFO - Added file to recent files: C:/Users/Pablo/Desktop/RC1_2_3.tiff
2025-05-11 14:26:45,791 - app.ui.main_window - INFO - Loaded image: C:/Users/Pablo/Desktop/RC1_2_3.tiff
2025-05-11 14:26:47,026 - app.core.image_processor - INFO - Dividing image into 16 tiles (4x4) for binning
2025-05-11 14:26:47,030 - app.core.image_processor - INFO - Using CPU multithreading for tiled binning
2025-05-11 14:28:35,136 - __main__ - INFO - Starting Radiochromic Film Analyzer
2025-05-11 14:28:35,185 - app.rc_analyzer - INFO - Initializing RCAnalyzer application
2025-05-11 14:28:35,186 - app.rc_analyzer - WARNING - Could not remove log file rc_analyzer.log: [WinError 32] El proceso no tiene acceso al archivo porque est� siendo utilizado por otro proceso: 'rc_analyzer.log'
2025-05-11 14:28:35,189 - app.rc_analyzer - INFO - Cleaned up local temp directory: C:\Users\Pablo\Desktop\analizadorrc\temp
2025-05-11 14:28:35,189 - app.rc_analyzer - INFO - Cleaned up log and temporary files
2025-05-11 14:28:35,190 - app.utils.config_manager - INFO - Configuration manager initialized
2025-05-11 14:28:35,190 - app.utils.config_manager - INFO - Configuration loaded from file
2025-05-11 14:28:35,288 - app.core.image_processor - INFO - System info: {'platform': 'Windows', 'processor': 'AMD64 Family 23 Model 113 Stepping 0, AuthenticAMD', 'cpu_count': 12, 'memory_gb': 31.94003677368164, 'python_version': '3.12.0', 'opencv_version': '4.11.0'}
2025-05-11 14:28:35,288 - app.core.image_processor - WARNING - CUDA test matrix creation failed: OpenCV(4.11.0) D:\a\opencv-python\opencv-python\opencv\modules\core\include\opencv2/core/private.cuda.hpp:106: error: (-216:No CUDA support) The library is compiled without CUDA support in function 'throw_no_cuda'

2025-05-11 14:28:35,289 - app.core.image_processor - WARNING - Alternative CUDA test failed: OpenCV(4.11.0) :-1: error: (-5:Bad argument) in function 'createGpuMatFromCudaMemory'
> Overload resolution failed:
>  - createGpuMatFromCudaMemory() missing required argument 'type' (pos 3)
>  - createGpuMatFromCudaMemory() missing required argument 'cudaMemoryAddress' (pos 3)

2025-05-11 14:28:35,381 - app.core.image_processor - INFO - NVIDIA GPU detected: nvidia quadro p600
2025-05-11 14:28:35,382 - app.core.image_processor - INFO - CUDA initialization failed. Setting GPU as available but with warning.
2025-05-11 14:28:35,382 - app.core.image_processor - INFO - To fix CUDA issues, try:
2025-05-11 14:28:35,382 - app.core.image_processor - INFO - 1. Install the latest NVIDIA drivers
2025-05-11 14:28:35,382 - app.core.image_processor - INFO - 2. Install CUDA toolkit compatible with your GPU
2025-05-11 14:28:35,382 - app.core.image_processor - INFO - 3. Use 'Force enable GPU' option in settings
2025-05-11 14:28:35,382 - app.core.image_processor - INFO - GPU acceleration available. Enabled: False
2025-05-11 14:28:35,383 - app.core.image_processor - INFO - Image processor initialized
2025-05-11 14:28:35,384 - app.utils.file_manager - INFO - Recent files loaded from file
2025-05-11 14:28:35,384 - app.utils.file_manager - INFO - File manager initialized
2025-05-11 14:28:35,410 - app.ui.image_panel - INFO - Image panel initialized
2025-05-11 14:28:35,431 - app.core.image_processor - INFO - Auto measure set to: False
2025-05-11 14:28:35,431 - app.ui.measurement_panel - INFO - Measurement panel initialized
2025-05-11 14:28:35,444 - app.ui.image_settings_panel - INFO - Image settings panel initialized
2025-05-11 14:28:35,447 - app.ui.main_window - INFO - Main window initialized
2025-05-11 14:28:35,447 - app.rc_analyzer - INFO - RCAnalyzer initialization complete
2025-05-11 14:28:52,211 - app.core.image_processor - INFO - GPU force-enabled. GPU acceleration enabled: True
2025-05-11 14:29:05,952 - app.core.image_processor - INFO - Loading image: C:/Users/Pablo/Desktop/RC1_2_3.tiff, size: 2550x3510
2025-05-11 14:29:05,957 - app.core.image_processor - INFO - Loaded image: C:/Users/Pablo/Desktop/RC1_2_3.tiff
2025-05-11 14:29:05,960 - app.utils.file_manager - INFO - Recent files saved to file
2025-05-11 14:29:05,960 - app.utils.file_manager - INFO - Added file to recent files: C:/Users/Pablo/Desktop/RC1_2_3.tiff
2025-05-11 14:29:05,961 - app.ui.main_window - INFO - Loaded image: C:/Users/Pablo/Desktop/RC1_2_3.tiff
2025-05-11 14:29:12,520 - app.core.image_processor - INFO - Dividing image into 12 tiles (3x4) for binning
2025-05-11 14:29:12,520 - app.core.image_processor - INFO - Using GPU for tiled binning
2025-05-11 14:29:12,522 - app.core.image_processor - ERROR - Error processing GPU tile 0: OpenCV(4.11.0) D:\a\opencv-python\opencv-python\opencv\modules\core\include\opencv2/core/private.cuda.hpp:106: error: (-216:No CUDA support) The library is compiled without CUDA support in function 'throw_no_cuda'
Traceback (most recent call last):
  File "C:\Users\Pablo\Desktop\analizadorrc\app\core\image_processor.py", line 575, in _process_gpu_tile
    gpu_tile.upload(tile)
cv2.error: OpenCV(4.11.0) D:\a\opencv-python\opencv-python\opencv\modules\core\include\opencv2/core/private.cuda.hpp:106: error: (-216:No CUDA support) The library is compiled without CUDA support in function 'throw_no_cuda'

2025-05-11 14:29:12,522 - app.core.image_processor - ERROR - Error processing GPU tile 1: OpenCV(4.11.0) D:\a\opencv-python\opencv-python\opencv\modules\core\include\opencv2/core/private.cuda.hpp:106: error: (-216:No CUDA support) The library is compiled without CUDA support in function 'throw_no_cuda'
Traceback (most recent call last):
  File "C:\Users\Pablo\Desktop\analizadorrc\app\core\image_processor.py", line 575, in _process_gpu_tile
    gpu_tile.upload(tile)
cv2.error: OpenCV(4.11.0) D:\a\opencv-python\opencv-python\opencv\modules\core\include\opencv2/core/private.cuda.hpp:106: error: (-216:No CUDA support) The library is compiled without CUDA support in function 'throw_no_cuda'

2025-05-11 14:29:12,522 - app.core.image_processor - ERROR - Error processing GPU tile 2: OpenCV(4.11.0) D:\a\opencv-python\opencv-python\opencv\modules\core\include\opencv2/core/private.cuda.hpp:106: error: (-216:No CUDA support) The library is compiled without CUDA support in function 'throw_no_cuda'
Traceback (most recent call last):
  File "C:\Users\Pablo\Desktop\analizadorrc\app\core\image_processor.py", line 575, in _process_gpu_tile
    gpu_tile.upload(tile)
cv2.error: OpenCV(4.11.0) D:\a\opencv-python\opencv-python\opencv\modules\core\include\opencv2/core/private.cuda.hpp:106: error: (-216:No CUDA support) The library is compiled without CUDA support in function 'throw_no_cuda'

2025-05-11 14:29:12,523 - app.core.image_processor - ERROR - Error processing GPU tile 3: OpenCV(4.11.0) D:\a\opencv-python\opencv-python\opencv\modules\core\include\opencv2/core/private.cuda.hpp:106: error: (-216:No CUDA support) The library is compiled without CUDA support in function 'throw_no_cuda'
Traceback (most recent call last):
  File "C:\Users\Pablo\Desktop\analizadorrc\app\core\image_processor.py", line 575, in _process_gpu_tile
    gpu_tile.upload(tile)
cv2.error: OpenCV(4.11.0) D:\a\opencv-python\opencv-python\opencv\modules\core\include\opencv2/core/private.cuda.hpp:106: error: (-216:No CUDA support) The library is compiled without CUDA support in function 'throw_no_cuda'

2025-05-11 14:29:12,523 - app.core.image_processor - ERROR - Error processing GPU tile 4: OpenCV(4.11.0) D:\a\opencv-python\opencv-python\opencv\modules\core\include\opencv2/core/private.cuda.hpp:106: error: (-216:No CUDA support) The library is compiled without CUDA support in function 'throw_no_cuda'
Traceback (most recent call last):
  File "C:\Users\Pablo\Desktop\analizadorrc\app\core\image_processor.py", line 575, in _process_gpu_tile
    gpu_tile.upload(tile)
cv2.error: OpenCV(4.11.0) D:\a\opencv-python\opencv-python\opencv\modules\core\include\opencv2/core/private.cuda.hpp:106: error: (-216:No CUDA support) The library is compiled without CUDA support in function 'throw_no_cuda'

2025-05-11 14:29:12,524 - app.core.image_processor - ERROR - Error processing GPU tile 5: OpenCV(4.11.0) D:\a\opencv-python\opencv-python\opencv\modules\core\include\opencv2/core/private.cuda.hpp:106: error: (-216:No CUDA support) The library is compiled without CUDA support in function 'throw_no_cuda'
Traceback (most recent call last):
  File "C:\Users\Pablo\Desktop\analizadorrc\app\core\image_processor.py", line 575, in _process_gpu_tile
    gpu_tile.upload(tile)
cv2.error: OpenCV(4.11.0) D:\a\opencv-python\opencv-python\opencv\modules\core\include\opencv2/core/private.cuda.hpp:106: error: (-216:No CUDA support) The library is compiled without CUDA support in function 'throw_no_cuda'

2025-05-11 14:29:12,524 - app.core.image_processor - ERROR - Error processing GPU tile 6: OpenCV(4.11.0) D:\a\opencv-python\opencv-python\opencv\modules\core\include\opencv2/core/private.cuda.hpp:106: error: (-216:No CUDA support) The library is compiled without CUDA support in function 'throw_no_cuda'
Traceback (most recent call last):
  File "C:\Users\Pablo\Desktop\analizadorrc\app\core\image_processor.py", line 575, in _process_gpu_tile
    gpu_tile.upload(tile)
cv2.error: OpenCV(4.11.0) D:\a\opencv-python\opencv-python\opencv\modules\core\include\opencv2/core/private.cuda.hpp:106: error: (-216:No CUDA support) The library is compiled without CUDA support in function 'throw_no_cuda'

2025-05-11 14:29:12,524 - app.core.image_processor - ERROR - Error processing GPU tile 7: OpenCV(4.11.0) D:\a\opencv-python\opencv-python\opencv\modules\core\include\opencv2/core/private.cuda.hpp:106: error: (-216:No CUDA support) The library is compiled without CUDA support in function 'throw_no_cuda'
Traceback (most recent call last):
  File "C:\Users\Pablo\Desktop\analizadorrc\app\core\image_processor.py", line 575, in _process_gpu_tile
    gpu_tile.upload(tile)
cv2.error: OpenCV(4.11.0) D:\a\opencv-python\opencv-python\opencv\modules\core\include\opencv2/core/private.cuda.hpp:106: error: (-216:No CUDA support) The library is compiled without CUDA support in function 'throw_no_cuda'

2025-05-11 14:29:12,524 - app.core.image_processor - ERROR - Error processing GPU tile 8: OpenCV(4.11.0) D:\a\opencv-python\opencv-python\opencv\modules\core\include\opencv2/core/private.cuda.hpp:106: error: (-216:No CUDA support) The library is compiled without CUDA support in function 'throw_no_cuda'
Traceback (most recent call last):
  File "C:\Users\Pablo\Desktop\analizadorrc\app\core\image_processor.py", line 575, in _process_gpu_tile
    gpu_tile.upload(tile)
cv2.error: OpenCV(4.11.0) D:\a\opencv-python\opencv-python\opencv\modules\core\include\opencv2/core/private.cuda.hpp:106: error: (-216:No CUDA support) The library is compiled without CUDA support in function 'throw_no_cuda'

2025-05-11 14:29:12,525 - app.core.image_processor - ERROR - Error processing GPU tile 9: OpenCV(4.11.0) D:\a\opencv-python\opencv-python\opencv\modules\core\include\opencv2/core/private.cuda.hpp:106: error: (-216:No CUDA support) The library is compiled without CUDA support in function 'throw_no_cuda'
Traceback (most recent call last):
  File "C:\Users\Pablo\Desktop\analizadorrc\app\core\image_processor.py", line 575, in _process_gpu_tile
    gpu_tile.upload(tile)
cv2.error: OpenCV(4.11.0) D:\a\opencv-python\opencv-python\opencv\modules\core\include\opencv2/core/private.cuda.hpp:106: error: (-216:No CUDA support) The library is compiled without CUDA support in function 'throw_no_cuda'

2025-05-11 14:29:12,526 - app.core.image_processor - ERROR - Error processing GPU tile 10: OpenCV(4.11.0) D:\a\opencv-python\opencv-python\opencv\modules\core\include\opencv2/core/private.cuda.hpp:106: error: (-216:No CUDA support) The library is compiled without CUDA support in function 'throw_no_cuda'
Traceback (most recent call last):
  File "C:\Users\Pablo\Desktop\analizadorrc\app\core\image_processor.py", line 575, in _process_gpu_tile
    gpu_tile.upload(tile)
cv2.error: OpenCV(4.11.0) D:\a\opencv-python\opencv-python\opencv\modules\core\include\opencv2/core/private.cuda.hpp:106: error: (-216:No CUDA support) The library is compiled without CUDA support in function 'throw_no_cuda'

2025-05-11 14:29:12,543 - app.core.image_processor - ERROR - Error processing GPU tile 11: OpenCV(4.11.0) D:\a\opencv-python\opencv-python\opencv\modules\core\include\opencv2/core/private.cuda.hpp:106: error: (-216:No CUDA support) The library is compiled without CUDA support in function 'throw_no_cuda'
Traceback (most recent call last):
  File "C:\Users\Pablo\Desktop\analizadorrc\app\core\image_processor.py", line 575, in _process_gpu_tile
    gpu_tile.upload(tile)
cv2.error: OpenCV(4.11.0) D:\a\opencv-python\opencv-python\opencv\modules\core\include\opencv2/core/private.cuda.hpp:106: error: (-216:No CUDA support) The library is compiled without CUDA support in function 'throw_no_cuda'

2025-05-11 14:31:08,512 - __main__ - INFO - Starting Radiochromic Film Analyzer
2025-05-11 14:31:08,570 - app.rc_analyzer - INFO - Initializing RCAnalyzer application
2025-05-11 14:31:08,571 - app.rc_analyzer - WARNING - Could not remove log file rc_analyzer.log: [WinError 32] El proceso no tiene acceso al archivo porque est� siendo utilizado por otro proceso: 'rc_analyzer.log'
2025-05-11 14:31:08,574 - app.rc_analyzer - INFO - Cleaned up local temp directory: C:\Users\Pablo\Desktop\analizadorrc\temp
2025-05-11 14:31:08,574 - app.rc_analyzer - INFO - Cleaned up log and temporary files
2025-05-11 14:31:08,574 - app.utils.config_manager - INFO - Configuration manager initialized
2025-05-11 14:31:08,574 - app.utils.config_manager - INFO - Configuration loaded from file
2025-05-11 14:31:08,676 - app.core.image_processor - INFO - System info: {'platform': 'Windows', 'processor': 'AMD64 Family 23 Model 113 Stepping 0, AuthenticAMD', 'cpu_count': 12, 'memory_gb': 31.94003677368164, 'python_version': '3.12.0', 'opencv_version': '4.11.0'}
2025-05-11 14:31:08,676 - app.core.image_processor - WARNING - CUDA test matrix creation failed: OpenCV(4.11.0) D:\a\opencv-python\opencv-python\opencv\modules\core\include\opencv2/core/private.cuda.hpp:106: error: (-216:No CUDA support) The library is compiled without CUDA support in function 'throw_no_cuda'

2025-05-11 14:31:08,676 - app.core.image_processor - WARNING - Alternative CUDA test failed: OpenCV(4.11.0) :-1: error: (-5:Bad argument) in function 'createGpuMatFromCudaMemory'
> Overload resolution failed:
>  - createGpuMatFromCudaMemory() missing required argument 'type' (pos 3)
>  - createGpuMatFromCudaMemory() missing required argument 'cudaMemoryAddress' (pos 3)

2025-05-11 14:31:08,769 - app.core.image_processor - INFO - NVIDIA GPU detected: nvidia quadro p600
2025-05-11 14:31:08,769 - app.core.image_processor - INFO - CUDA initialization failed. Setting GPU as available but with warning.
2025-05-11 14:31:08,769 - app.core.image_processor - INFO - To fix CUDA issues, try:
2025-05-11 14:31:08,769 - app.core.image_processor - INFO - 1. Install the latest NVIDIA drivers
2025-05-11 14:31:08,770 - app.core.image_processor - INFO - 2. Install CUDA toolkit compatible with your GPU
2025-05-11 14:31:08,770 - app.core.image_processor - INFO - 3. Use 'Force enable GPU' option in settings
2025-05-11 14:31:08,770 - app.core.image_processor - INFO - GPU acceleration available. Enabled: False
2025-05-11 14:31:08,770 - app.core.image_processor - INFO - Image processor initialized
2025-05-11 14:31:08,771 - app.utils.file_manager - INFO - Recent files loaded from file
2025-05-11 14:31:08,771 - app.utils.file_manager - INFO - File manager initialized
2025-05-11 14:31:08,809 - app.ui.image_panel - INFO - Image panel initialized
2025-05-11 14:31:08,849 - app.core.image_processor - INFO - Auto measure set to: False
2025-05-11 14:31:08,849 - app.ui.measurement_panel - INFO - Measurement panel initialized
2025-05-11 14:31:08,869 - app.ui.image_settings_panel - INFO - Image settings panel initialized
2025-05-11 14:31:08,874 - app.ui.main_window - INFO - Main window initialized
2025-05-11 14:31:08,874 - app.rc_analyzer - INFO - RCAnalyzer initialization complete
2025-05-11 14:31:30,229 - app.core.image_processor - INFO - Loading image: C:/Users/Pablo/Desktop/RC1_2_3.tiff, size: 2550x3510
2025-05-11 14:31:30,234 - app.core.image_processor - INFO - Loaded image: C:/Users/Pablo/Desktop/RC1_2_3.tiff
2025-05-11 14:31:30,236 - app.utils.file_manager - INFO - Recent files saved to file
2025-05-11 14:31:30,236 - app.utils.file_manager - INFO - Added file to recent files: C:/Users/Pablo/Desktop/RC1_2_3.tiff
2025-05-11 14:31:30,237 - app.ui.main_window - INFO - Loaded image: C:/Users/Pablo/Desktop/RC1_2_3.tiff
2025-05-11 14:35:38,370 - app.core.image_processor - INFO - Auto measure set to: True
2025-05-11 14:37:31,185 - app.rc_analyzer - INFO - Saving configuration before exit
2025-05-11 14:37:31,185 - app.utils.config_manager - INFO - Configuration saved to file
2025-05-11 14:37:31,185 - app.core.image_processor - INFO - Cleaned up resources
2025-05-11 14:37:31,185 - app.rc_analyzer - WARNING - Could not remove log file rc_analyzer.log: [WinError 32] El proceso no tiene acceso al archivo porque est� siendo utilizado por otro proceso: 'rc_analyzer.log'
2025-05-11 14:37:31,189 - app.rc_analyzer - INFO - Cleaned up local temp directory: C:\Users\Pablo\Desktop\analizadorrc\temp
2025-05-11 14:37:31,189 - app.rc_analyzer - INFO - Cleaned up log and temporary files
2025-05-11 14:37:31,242 - __main__ - INFO - Application closed normally
2025-05-11 14:37:35,981 - __main__ - INFO - Starting Radiochromic Film Analyzer
2025-05-11 14:37:36,031 - app.rc_analyzer - INFO - Initializing RCAnalyzer application
2025-05-11 14:37:36,031 - app.rc_analyzer - WARNING - Could not remove log file rc_analyzer.log: [WinError 32] El proceso no tiene acceso al archivo porque est� siendo utilizado por otro proceso: 'rc_analyzer.log'
2025-05-11 14:37:36,031 - app.rc_analyzer - INFO - Cleaned up local temp directory: C:\Users\Pablo\Desktop\analizadorrc\temp
2025-05-11 14:37:36,031 - app.rc_analyzer - INFO - Cleaned up log and temporary files
2025-05-11 14:37:36,031 - app.utils.config_manager - INFO - Configuration manager initialized
2025-05-11 14:37:36,042 - app.utils.config_manager - INFO - Configuration loaded from file
2025-05-11 14:37:36,098 - app.core.image_processor - INFO - System info: {'platform': 'Windows', 'processor': 'AMD64 Family 23 Model 113 Stepping 0, AuthenticAMD', 'cpu_count': 12, 'memory_gb': 31.94003677368164, 'python_version': '3.12.0', 'opencv_version': '4.11.0'}
2025-05-11 14:37:36,098 - app.core.image_processor - WARNING - CUDA test matrix creation failed: OpenCV(4.11.0) D:\a\opencv-python\opencv-python\opencv\modules\core\include\opencv2/core/private.cuda.hpp:106: error: (-216:No CUDA support) The library is compiled without CUDA support in function 'throw_no_cuda'

2025-05-11 14:37:36,098 - app.core.image_processor - WARNING - Alternative CUDA test failed: OpenCV(4.11.0) :-1: error: (-5:Bad argument) in function 'createGpuMatFromCudaMemory'
> Overload resolution failed:
>  - createGpuMatFromCudaMemory() missing required argument 'type' (pos 3)
>  - createGpuMatFromCudaMemory() missing required argument 'cudaMemoryAddress' (pos 3)

2025-05-11 14:37:36,198 - app.core.image_processor - INFO - NVIDIA GPU detected: nvidia quadro p600
2025-05-11 14:37:36,198 - app.core.image_processor - INFO - CUDA initialization failed. Setting GPU as available but with warning.
2025-05-11 14:37:36,198 - app.core.image_processor - INFO - To fix CUDA issues, try:
2025-05-11 14:37:36,198 - app.core.image_processor - INFO - 1. Install the latest NVIDIA drivers
2025-05-11 14:37:36,198 - app.core.image_processor - INFO - 2. Install CUDA toolkit compatible with your GPU
2025-05-11 14:37:36,198 - app.core.image_processor - INFO - 3. Use 'Force enable GPU' option in settings
2025-05-11 14:37:36,198 - app.core.image_processor - INFO - GPU acceleration available. Enabled: False
2025-05-11 14:37:36,198 - app.core.image_processor - INFO - Image processor initialized
2025-05-11 14:37:36,198 - app.utils.file_manager - INFO - Recent files loaded from file
2025-05-11 14:37:36,198 - app.utils.file_manager - INFO - File manager initialized
2025-05-11 14:37:36,215 - app.ui.image_panel - INFO - Image panel initialized
2025-05-11 14:37:36,231 - app.core.image_processor - INFO - Auto measure set to: True
2025-05-11 14:37:36,231 - app.ui.measurement_panel - INFO - Measurement panel initialized
2025-05-11 14:37:36,248 - app.ui.image_settings_panel - INFO - Image settings panel initialized
2025-05-11 14:37:36,248 - app.ui.main_window - INFO - Main window initialized
2025-05-11 14:37:36,248 - app.rc_analyzer - INFO - RCAnalyzer initialization complete
2025-05-11 14:37:41,681 - app.core.image_processor - INFO - Loading image: C:/Users/Pablo/Desktop/RC1_2_3.tiff, size: 2550x3510
2025-05-11 14:37:41,687 - app.core.image_processor - INFO - Loaded image: C:/Users/Pablo/Desktop/RC1_2_3.tiff
2025-05-11 14:37:41,690 - app.utils.file_manager - INFO - Recent files saved to file
2025-05-11 14:37:41,690 - app.utils.file_manager - INFO - Added file to recent files: C:/Users/Pablo/Desktop/RC1_2_3.tiff
2025-05-11 14:37:41,690 - app.ui.main_window - INFO - Loaded image: C:/Users/Pablo/Desktop/RC1_2_3.tiff
2025-05-11 14:38:08,105 - app.core.image_processor - INFO - Loading image: C:/Users/Pablo/Desktop/RC1_2_3.tiff, size: 2550x3510
2025-05-11 14:38:08,112 - app.core.image_processor - INFO - Loaded image: C:/Users/Pablo/Desktop/RC1_2_3.tiff
2025-05-11 14:38:25,722 - app.core.image_processor - INFO - Loading image: C:/Users/Pablo/Desktop/RC1_2_3.tiff, size: 2550x3510
2025-05-11 14:38:25,811 - app.core.image_processor - INFO - Loaded image: C:/Users/Pablo/Desktop/RC1_2_3.tiff
2025-05-11 14:38:31,275 - app.core.image_processor - INFO - Dividing image into 12 tiles (3x4) for binning
2025-05-11 14:38:31,275 - app.core.image_processor - INFO - Using CPU multithreading for tiled binning
2025-05-11 14:41:53,488 - app.core.image_processor - ERROR - Error applying binning: type object 'ThreadPoolExecutor' has no attribute 'as_completed'
Traceback (most recent call last):
  File "C:\Users\Pablo\Desktop\analizadorrc\app\core\image_processor.py", line 787, in apply_binning
    for future in ThreadPoolExecutor.as_completed(future_to_tile):
                  ^^^^^^^^^^^^^^^^^^^^^^^^^^^^^^^
AttributeError: type object 'ThreadPoolExecutor' has no attribute 'as_completed'
2025-05-11 14:41:53,493 - app.core.image_processor - INFO - Set binning to 2x2
2025-05-11 14:45:17,260 - app.rc_analyzer - INFO - Saving configuration before exit
2025-05-11 14:45:17,261 - app.utils.config_manager - INFO - Configuration saved to file
2025-05-11 14:45:17,261 - app.core.image_processor - INFO - Cleaned up resources
2025-05-11 14:45:17,262 - app.rc_analyzer - WARNING - Could not remove log file rc_analyzer.log: [WinError 32] El proceso no tiene acceso al archivo porque est� siendo utilizado por otro proceso: 'rc_analyzer.log'
2025-05-11 14:45:17,265 - app.rc_analyzer - INFO - Cleaned up local temp directory: C:\Users\Pablo\Desktop\analizadorrc\temp
2025-05-11 14:45:17,265 - app.rc_analyzer - INFO - Cleaned up log and temporary files
2025-05-11 14:45:17,353 - __main__ - INFO - Application closed normally
2025-05-11 14:45:22,823 - __main__ - INFO - Starting Radiochromic Film Analyzer
2025-05-11 14:45:23,681 - app.rc_analyzer - INFO - Initializing RCAnalyzer application
2025-05-11 14:45:23,682 - app.rc_analyzer - WARNING - Could not remove log file rc_analyzer.log: [WinError 32] El proceso no tiene acceso al archivo porque est� siendo utilizado por otro proceso: 'rc_analyzer.log'
2025-05-11 14:45:23,689 - app.rc_analyzer - INFO - Cleaned up local temp directory: C:\Users\Pablo\Desktop\analizadorrc\temp
2025-05-11 14:45:23,689 - app.rc_analyzer - INFO - Cleaned up log and temporary files
2025-05-11 14:45:23,689 - app.utils.config_manager - INFO - Configuration manager initialized
2025-05-11 14:45:23,698 - app.utils.config_manager - INFO - Configuration loaded from file
2025-05-11 14:45:23,811 - app.core.image_processor - INFO - System info: {'platform': 'Windows', 'processor': 'AMD64 Family 23 Model 113 Stepping 0, AuthenticAMD', 'cpu_count': 12, 'memory_gb': 31.94003677368164, 'python_version': '3.12.0', 'opencv_version': '4.11.0'}
2025-05-11 14:45:23,811 - app.core.image_processor - WARNING - CUDA test matrix creation failed: OpenCV(4.11.0) D:\a\opencv-python\opencv-python\opencv\modules\core\include\opencv2/core/private.cuda.hpp:106: error: (-216:No CUDA support) The library is compiled without CUDA support in function 'throw_no_cuda'

2025-05-11 14:45:23,811 - app.core.image_processor - WARNING - Alternative CUDA test failed: OpenCV(4.11.0) :-1: error: (-5:Bad argument) in function 'createGpuMatFromCudaMemory'
> Overload resolution failed:
>  - createGpuMatFromCudaMemory() missing required argument 'type' (pos 3)
>  - createGpuMatFromCudaMemory() missing required argument 'cudaMemoryAddress' (pos 3)

2025-05-11 14:45:23,961 - app.core.image_processor - INFO - NVIDIA GPU detected: nvidia quadro p600
2025-05-11 14:45:23,961 - app.core.image_processor - INFO - CUDA initialization failed. Setting GPU as available but with warning.
2025-05-11 14:45:23,961 - app.core.image_processor - INFO - To fix CUDA issues, try:
2025-05-11 14:45:23,961 - app.core.image_processor - INFO - 1. Install the latest NVIDIA drivers
2025-05-11 14:45:23,961 - app.core.image_processor - INFO - 2. Install CUDA toolkit compatible with your GPU
2025-05-11 14:45:23,962 - app.core.image_processor - INFO - 3. Use 'Force enable GPU' option in settings
2025-05-11 14:45:23,962 - app.core.image_processor - INFO - GPU acceleration available. Enabled: False
2025-05-11 14:45:23,962 - app.core.image_processor - INFO - Image processor initialized
2025-05-11 14:45:23,968 - app.utils.file_manager - INFO - Recent files loaded from file
2025-05-11 14:45:23,968 - app.utils.file_manager - INFO - File manager initialized
2025-05-11 14:45:24,012 - app.ui.image_panel - INFO - Image panel initialized
2025-05-11 14:45:24,033 - app.core.image_processor - INFO - Auto measure set to: True
2025-05-11 14:45:24,033 - app.ui.measurement_panel - INFO - Measurement panel initialized
2025-05-11 14:45:24,047 - app.ui.image_settings_panel - INFO - Image settings panel initialized
2025-05-11 14:45:24,050 - app.ui.main_window - INFO - Main window initialized
2025-05-11 14:45:24,050 - app.rc_analyzer - INFO - RCAnalyzer initialization complete
2025-05-11 14:45:39,504 - app.core.image_processor - INFO - Loading image: C:/Users/Pablo/Desktop/RC1_2_3.tiff, size: 2550x3510
2025-05-11 14:45:39,601 - app.core.image_processor - INFO - Loaded image: C:/Users/Pablo/Desktop/RC1_2_3.tiff
2025-05-11 14:45:39,603 - app.utils.file_manager - INFO - Recent files saved to file
2025-05-11 14:45:39,603 - app.utils.file_manager - INFO - Added file to recent files: C:/Users/Pablo/Desktop/RC1_2_3.tiff
2025-05-11 14:45:39,603 - app.ui.main_window - INFO - Loaded image: C:/Users/Pablo/Desktop/RC1_2_3.tiff
2025-05-11 14:47:50,899 - app.core.image_processor - INFO - Auto measure set to: False
2025-05-11 14:47:54,160 - app.core.image_processor - INFO - Auto measure set to: True
2025-05-11 14:49:17,340 - app.core.image_processor - INFO - Auto measure set to: False
2025-05-11 14:49:20,841 - app.core.image_processor - INFO - Auto measure set to: True
2025-05-11 14:50:58,767 - app.core.image_processor - INFO - Starting binning operation: 2x2 on image 2550x3510
2025-05-11 14:50:58,767 - app.core.image_processor - INFO - Using 3x4 tiles of size 850x1024
2025-05-11 14:50:58,772 - app.core.image_processor - INFO - Dividing image into 12 tiles (3x4) for binning
2025-05-11 14:50:58,772 - app.core.image_processor - INFO - Using CPU with 8 threads for binning
2025-05-11 14:50:58,772 - app.core.image_processor - INFO - Using CPU multithreading for tiled binning
2025-05-11 14:56:03,130 - __main__ - INFO - Starting Radiochromic Film Analyzer
2025-05-11 14:56:03,181 - app.rc_analyzer - INFO - Initializing RCAnalyzer application
2025-05-11 14:56:03,181 - app.rc_analyzer - WARNING - Could not remove log file rc_analyzer.log: [WinError 32] El proceso no tiene acceso al archivo porque est� siendo utilizado por otro proceso: 'rc_analyzer.log'
2025-05-11 14:56:03,187 - app.rc_analyzer - INFO - Cleaned up local temp directory: C:\Users\Pablo\Desktop\analizadorrc\temp
2025-05-11 14:56:03,187 - app.rc_analyzer - INFO - Cleaned up log and temporary files
2025-05-11 14:56:03,187 - app.utils.config_manager - INFO - Configuration manager initialized
2025-05-11 14:56:03,187 - app.utils.config_manager - INFO - Configuration loaded from file
2025-05-11 14:56:03,280 - app.core.image_processor - INFO - System info: {'platform': 'Windows', 'processor': 'AMD64 Family 23 Model 113 Stepping 0, AuthenticAMD', 'cpu_count': 12, 'memory_gb': 31.94003677368164, 'python_version': '3.12.0', 'opencv_version': '4.11.0'}
2025-05-11 14:56:03,280 - app.core.image_processor - WARNING - CUDA test matrix creation failed: OpenCV(4.11.0) D:\a\opencv-python\opencv-python\opencv\modules\core\include\opencv2/core/private.cuda.hpp:106: error: (-216:No CUDA support) The library is compiled without CUDA support in function 'throw_no_cuda'

2025-05-11 14:56:03,280 - app.core.image_processor - WARNING - Alternative CUDA test failed: OpenCV(4.11.0) :-1: error: (-5:Bad argument) in function 'createGpuMatFromCudaMemory'
> Overload resolution failed:
>  - createGpuMatFromCudaMemory() missing required argument 'type' (pos 3)
>  - createGpuMatFromCudaMemory() missing required argument 'cudaMemoryAddress' (pos 3)

2025-05-11 14:56:03,363 - app.core.image_processor - INFO - NVIDIA GPU detected: nvidia quadro p600
2025-05-11 14:56:03,363 - app.core.image_processor - INFO - CUDA initialization failed. Setting GPU as available but with warning.
2025-05-11 14:56:03,363 - app.core.image_processor - INFO - To fix CUDA issues, try:
2025-05-11 14:56:03,363 - app.core.image_processor - INFO - 1. Install the latest NVIDIA drivers
2025-05-11 14:56:03,379 - app.core.image_processor - INFO - 2. Install CUDA toolkit compatible with your GPU
2025-05-11 14:56:03,379 - app.core.image_processor - INFO - 3. Use 'Force enable GPU' option in settings
2025-05-11 14:56:03,379 - app.core.image_processor - INFO - GPU acceleration available. Enabled: False
2025-05-11 14:56:03,379 - app.core.image_processor - INFO - Image processor initialized
2025-05-11 14:56:03,380 - app.utils.file_manager - INFO - Recent files loaded from file
2025-05-11 14:56:03,380 - app.utils.file_manager - INFO - File manager initialized
2025-05-11 14:56:03,397 - app.ui.image_panel - INFO - Image panel initialized
2025-05-11 14:56:03,413 - app.core.image_processor - INFO - Auto measure set to: True
2025-05-11 14:56:03,413 - app.ui.measurement_panel - INFO - Measurement panel initialized
2025-05-11 14:56:03,413 - app.ui.image_settings_panel - INFO - Image settings panel initialized
2025-05-11 14:56:03,413 - app.ui.main_window - INFO - Main window initialized
2025-05-11 14:56:03,413 - app.rc_analyzer - INFO - RCAnalyzer initialization complete
2025-05-11 14:56:08,367 - app.core.image_processor - INFO - Loading image: C:/Users/Pablo/Desktop/RC1_2_3.tiff, size: 2550x3510
2025-05-11 14:56:08,434 - app.core.image_processor - INFO - Loaded image: C:/Users/Pablo/Desktop/RC1_2_3.tiff
2025-05-11 14:56:08,450 - app.utils.file_manager - INFO - Recent files saved to file
2025-05-11 14:56:08,450 - app.utils.file_manager - INFO - Added file to recent files: C:/Users/Pablo/Desktop/RC1_2_3.tiff
2025-05-11 14:56:08,451 - app.ui.main_window - INFO - Loaded image: C:/Users/Pablo/Desktop/RC1_2_3.tiff
2025-05-11 14:56:30,062 - app.core.image_processor - INFO - Auto measure set to: False
2025-05-11 18:01:45,815 - app.rc_analyzer - INFO - Saving configuration before exit
2025-05-11 18:01:45,815 - app.utils.config_manager - INFO - Configuration saved to file
2025-05-11 18:01:45,815 - app.core.image_processor - INFO - Cleaned up resources
2025-05-11 18:01:45,815 - app.rc_analyzer - WARNING - Could not remove log file rc_analyzer.log: [WinError 32] El proceso no tiene acceso al archivo porque est� siendo utilizado por otro proceso: 'rc_analyzer.log'
2025-05-11 18:01:45,820 - app.rc_analyzer - INFO - Cleaned up local temp directory: C:\Users\Pablo\Desktop\analizadorrc\temp
2025-05-11 18:01:45,820 - app.rc_analyzer - INFO - Cleaned up log and temporary files
2025-05-11 18:01:45,862 - __main__ - INFO - Application closed normally
2025-05-11 18:29:55,538 - __main__ - INFO - Starting Radiochromic Film Analyzer
2025-05-11 18:29:55,589 - app.rc_analyzer - INFO - Initializing RCAnalyzer application
2025-05-11 18:29:55,590 - app.rc_analyzer - WARNING - Could not remove log file rc_analyzer.log: [WinError 32] El proceso no tiene acceso al archivo porque est� siendo utilizado por otro proceso: 'rc_analyzer.log'
2025-05-11 18:29:55,593 - app.rc_analyzer - INFO - Cleaned up local temp directory: C:\Users\Pablo\Desktop\analizadorrc\temp
2025-05-11 18:29:55,593 - app.rc_analyzer - INFO - Cleaned up log and temporary files
2025-05-11 18:29:55,593 - app.utils.config_manager - INFO - Configuration manager initialized
2025-05-11 18:29:55,594 - app.utils.config_manager - INFO - Configuration loaded from file
2025-05-11 18:29:55,647 - app.core.image_processor - INFO - System info: {'platform': 'Windows', 'processor': 'AMD64 Family 23 Model 113 Stepping 0, AuthenticAMD', 'cpu_count': 12, 'memory_gb': 31.94003677368164, 'python_version': '3.12.0', 'opencv_version': '4.11.0'}
2025-05-11 18:29:55,647 - app.core.image_processor - WARNING - CUDA test matrix creation failed: OpenCV(4.11.0) D:\a\opencv-python\opencv-python\opencv\modules\core\include\opencv2/core/private.cuda.hpp:106: error: (-216:No CUDA support) The library is compiled without CUDA support in function 'throw_no_cuda'

2025-05-11 18:29:55,647 - app.core.image_processor - WARNING - Alternative CUDA test failed: OpenCV(4.11.0) :-1: error: (-5:Bad argument) in function 'createGpuMatFromCudaMemory'
> Overload resolution failed:
>  - createGpuMatFromCudaMemory() missing required argument 'type' (pos 3)
>  - createGpuMatFromCudaMemory() missing required argument 'cudaMemoryAddress' (pos 3)

2025-05-11 18:29:55,754 - app.core.image_processor - INFO - NVIDIA GPU detected: nvidia quadro p600
2025-05-11 18:29:55,754 - app.core.image_processor - INFO - CUDA initialization failed. Setting GPU as available but with warning.
2025-05-11 18:29:55,754 - app.core.image_processor - INFO - To fix CUDA issues, try:
2025-05-11 18:29:55,754 - app.core.image_processor - INFO - 1. Install the latest NVIDIA drivers
2025-05-11 18:29:55,754 - app.core.image_processor - INFO - 2. Install CUDA toolkit compatible with your GPU
2025-05-11 18:29:55,754 - app.core.image_processor - INFO - 3. Use 'Force enable GPU' option in settings
2025-05-11 18:29:55,754 - app.core.image_processor - INFO - GPU acceleration available. Enabled: False
2025-05-11 18:29:55,754 - app.core.image_processor - INFO - Image processor initialized
2025-05-11 18:29:55,754 - app.utils.file_manager - INFO - Recent files loaded from file
2025-05-11 18:29:55,754 - app.utils.file_manager - INFO - File manager initialized
2025-05-11 18:29:55,789 - app.ui.image_panel - INFO - Image panel initialized
2025-05-11 18:29:55,795 - __main__ - ERROR - Unhandled exception: 'ImageProcessor' object has no attribute 'get_auto_measure'
Traceback (most recent call last):
  File "C:\Users\Pablo\Desktop\analizadorrc\main.py", line 29, in main
    app = RCAnalyzer()
          ^^^^^^^^^^^^
  File "C:\Users\Pablo\Desktop\analizadorrc\app\rc_analyzer.py", line 41, in __init__
    self.main_window = MainWindow(self, self.app_config)
                       ^^^^^^^^^^^^^^^^^^^^^^^^^^^^^^^^^
  File "C:\Users\Pablo\Desktop\analizadorrc\app\ui\main_window.py", line 43, in __init__
    self._create_main_layout()
  File "C:\Users\Pablo\Desktop\analizadorrc\app\ui\main_window.py", line 112, in _create_main_layout
    self.measurement_panel = MeasurementPanel(self.notebook, self.image_processor)
                             ^^^^^^^^^^^^^^^^^^^^^^^^^^^^^^^^^^^^^^^^^^^^^^^^^^^^^
  File "C:\Users\Pablo\Desktop\analizadorrc\app\ui\measurement_panel.py", line 39, in __init__
    self._create_ui()
  File "C:\Users\Pablo\Desktop\analizadorrc\app\ui\measurement_panel.py", line 94, in _create_ui
    self.auto_measure_var = tk.BooleanVar(value=self.image_processor.get_auto_measure())
                                                ^^^^^^^^^^^^^^^^^^^^^^^^^^^^^^^^^^^^^
AttributeError: 'ImageProcessor' object has no attribute 'get_auto_measure'. Did you mean: 'auto_measure'?
2025-05-11 18:30:35,926 - __main__ - INFO - Starting Radiochromic Film Analyzer
2025-05-11 18:30:35,984 - app.rc_analyzer - INFO - Initializing RCAnalyzer application
2025-05-11 18:30:35,984 - app.rc_analyzer - WARNING - Could not remove log file rc_analyzer.log: [WinError 32] El proceso no tiene acceso al archivo porque est� siendo utilizado por otro proceso: 'rc_analyzer.log'
2025-05-11 18:30:35,988 - app.rc_analyzer - INFO - Cleaned up local temp directory: C:\Users\Pablo\Desktop\analizadorrc\temp
2025-05-11 18:30:35,988 - app.rc_analyzer - INFO - Cleaned up log and temporary files
2025-05-11 18:30:35,988 - app.utils.config_manager - INFO - Configuration manager initialized
2025-05-11 18:30:35,990 - app.utils.config_manager - INFO - Configuration loaded from file
2025-05-11 18:30:36,038 - app.core.image_processor - INFO - System info: {'platform': 'Windows', 'processor': 'AMD64 Family 23 Model 113 Stepping 0, AuthenticAMD', 'cpu_count': 12, 'memory_gb': 31.94003677368164, 'python_version': '3.12.0', 'opencv_version': '4.11.0'}
2025-05-11 18:30:36,038 - app.core.image_processor - WARNING - CUDA test matrix creation failed: OpenCV(4.11.0) D:\a\opencv-python\opencv-python\opencv\modules\core\include\opencv2/core/private.cuda.hpp:106: error: (-216:No CUDA support) The library is compiled without CUDA support in function 'throw_no_cuda'

2025-05-11 18:30:36,038 - app.core.image_processor - WARNING - Alternative CUDA test failed: OpenCV(4.11.0) :-1: error: (-5:Bad argument) in function 'createGpuMatFromCudaMemory'
> Overload resolution failed:
>  - createGpuMatFromCudaMemory() missing required argument 'type' (pos 3)
>  - createGpuMatFromCudaMemory() missing required argument 'cudaMemoryAddress' (pos 3)

2025-05-11 18:30:36,121 - app.core.image_processor - INFO - NVIDIA GPU detected: nvidia quadro p600
2025-05-11 18:30:36,121 - app.core.image_processor - INFO - CUDA initialization failed. Setting GPU as available but with warning.
2025-05-11 18:30:36,121 - app.core.image_processor - INFO - To fix CUDA issues, try:
2025-05-11 18:30:36,121 - app.core.image_processor - INFO - 1. Install the latest NVIDIA drivers
2025-05-11 18:30:36,121 - app.core.image_processor - INFO - 2. Install CUDA toolkit compatible with your GPU
2025-05-11 18:30:36,121 - app.core.image_processor - INFO - 3. Use 'Force enable GPU' option in settings
2025-05-11 18:30:36,121 - app.core.image_processor - INFO - GPU acceleration available. Enabled: False
2025-05-11 18:30:36,121 - app.core.image_processor - INFO - Image processor initialized
2025-05-11 18:30:36,121 - app.utils.file_manager - INFO - Recent files loaded from file
2025-05-11 18:30:36,121 - app.utils.file_manager - INFO - File manager initialized
2025-05-11 18:30:36,148 - app.ui.image_panel - INFO - Image panel initialized
2025-05-11 18:30:36,158 - __main__ - ERROR - Unhandled exception: 'ImageProcessor' object has no attribute 'get_auto_measure'
Traceback (most recent call last):
  File "C:\Users\Pablo\Desktop\analizadorrc\main.py", line 29, in main
    app = RCAnalyzer()
          ^^^^^^^^^^^^
  File "C:\Users\Pablo\Desktop\analizadorrc\app\rc_analyzer.py", line 41, in __init__
    self.main_window = MainWindow(self, self.app_config)
                       ^^^^^^^^^^^^^^^^^^^^^^^^^^^^^^^^^
  File "C:\Users\Pablo\Desktop\analizadorrc\app\ui\main_window.py", line 43, in __init__
    self._create_main_layout()
  File "C:\Users\Pablo\Desktop\analizadorrc\app\ui\main_window.py", line 112, in _create_main_layout
    self.measurement_panel = MeasurementPanel(self.notebook, self.image_processor)
                             ^^^^^^^^^^^^^^^^^^^^^^^^^^^^^^^^^^^^^^^^^^^^^^^^^^^^^
  File "C:\Users\Pablo\Desktop\analizadorrc\app\ui\measurement_panel.py", line 39, in __init__
    self._create_ui()
  File "C:\Users\Pablo\Desktop\analizadorrc\app\ui\measurement_panel.py", line 94, in _create_ui
    self.auto_measure_var = tk.BooleanVar(value=self.image_processor.get_auto_measure())
                                                ^^^^^^^^^^^^^^^^^^^^^^^^^^^^^^^^^^^^^
AttributeError: 'ImageProcessor' object has no attribute 'get_auto_measure'. Did you mean: 'auto_measure'?
2025-05-11 18:34:16,250 - __main__ - INFO - Starting Radiochromic Film Analyzer
2025-05-11 18:34:16,300 - app.rc_analyzer - INFO - Initializing RCAnalyzer application
2025-05-11 18:34:16,300 - app.rc_analyzer - WARNING - Could not remove log file rc_analyzer.log: [WinError 32] El proceso no tiene acceso al archivo porque est� siendo utilizado por otro proceso: 'rc_analyzer.log'
2025-05-11 18:34:16,300 - app.rc_analyzer - INFO - Cleaned up local temp directory: C:\Users\Pablo\Desktop\analizadorrc\temp
2025-05-11 18:34:16,300 - app.rc_analyzer - INFO - Cleaned up log and temporary files
2025-05-11 18:34:16,300 - app.utils.config_manager - INFO - Configuration manager initialized
2025-05-11 18:34:16,300 - app.utils.config_manager - INFO - Configuration loaded from file
2025-05-11 18:34:16,366 - app.core.image_processor - INFO - System info: {'platform': 'Windows', 'processor': 'AMD64 Family 23 Model 113 Stepping 0, AuthenticAMD', 'cpu_count': 12, 'memory_gb': 31.94003677368164, 'python_version': '3.12.0', 'opencv_version': '4.11.0'}
2025-05-11 18:34:16,366 - app.core.image_processor - WARNING - CUDA test matrix creation failed: OpenCV(4.11.0) D:\a\opencv-python\opencv-python\opencv\modules\core\include\opencv2/core/private.cuda.hpp:106: error: (-216:No CUDA support) The library is compiled without CUDA support in function 'throw_no_cuda'

2025-05-11 18:34:16,366 - app.core.image_processor - WARNING - Alternative CUDA test failed: OpenCV(4.11.0) :-1: error: (-5:Bad argument) in function 'createGpuMatFromCudaMemory'
> Overload resolution failed:
>  - createGpuMatFromCudaMemory() missing required argument 'type' (pos 3)
>  - createGpuMatFromCudaMemory() missing required argument 'cudaMemoryAddress' (pos 3)

2025-05-11 18:34:16,454 - app.core.image_processor - INFO - NVIDIA GPU detected: nvidia quadro p600
2025-05-11 18:34:16,454 - app.core.image_processor - INFO - CUDA initialization failed. Setting GPU as available but with warning.
2025-05-11 18:34:16,454 - app.core.image_processor - INFO - To fix CUDA issues, try:
2025-05-11 18:34:16,454 - app.core.image_processor - INFO - 1. Install the latest NVIDIA drivers
2025-05-11 18:34:16,454 - app.core.image_processor - INFO - 2. Install CUDA toolkit compatible with your GPU
2025-05-11 18:34:16,454 - app.core.image_processor - INFO - 3. Use 'Force enable GPU' option in settings
2025-05-11 18:34:16,454 - app.core.image_processor - INFO - GPU acceleration available. Enabled: False
2025-05-11 18:34:16,454 - app.core.image_processor - INFO - Image processor initialized
2025-05-11 18:34:16,454 - app.utils.file_manager - INFO - Recent files loaded from file
2025-05-11 18:34:16,454 - app.utils.file_manager - INFO - File manager initialized
2025-05-11 18:34:16,480 - app.ui.image_panel - INFO - Image panel initialized
2025-05-11 18:34:16,493 - __main__ - ERROR - Unhandled exception: 'ImageProcessor' object has no attribute 'set_measurement_shape'
Traceback (most recent call last):
  File "C:\Users\Pablo\Desktop\analizadorrc\main.py", line 29, in main
    app = RCAnalyzer()
          ^^^^^^^^^^^^
  File "C:\Users\Pablo\Desktop\analizadorrc\app\rc_analyzer.py", line 41, in __init__
    self.main_window = MainWindow(self, self.app_config)
                       ^^^^^^^^^^^^^^^^^^^^^^^^^^^^^^^^^
  File "C:\Users\Pablo\Desktop\analizadorrc\app\ui\main_window.py", line 43, in __init__
    self._create_main_layout()
  File "C:\Users\Pablo\Desktop\analizadorrc\app\ui\main_window.py", line 112, in _create_main_layout
    self.measurement_panel = MeasurementPanel(self.notebook, self.image_processor)
                             ^^^^^^^^^^^^^^^^^^^^^^^^^^^^^^^^^^^^^^^^^^^^^^^^^^^^^
  File "C:\Users\Pablo\Desktop\analizadorrc\app\ui\measurement_panel.py", line 39, in __init__
    self._create_ui()
  File "C:\Users\Pablo\Desktop\analizadorrc\app\ui\measurement_panel.py", line 169, in _create_ui
    self._on_shape_change()
  File "C:\Users\Pablo\Desktop\analizadorrc\app\ui\measurement_panel.py", line 232, in _on_shape_change
    self.image_processor.set_measurement_shape(shape)
    ^^^^^^^^^^^^^^^^^^^^^^^^^^^^^^^^^^^^^^^^^^
AttributeError: 'ImageProcessor' object has no attribute 'set_measurement_shape'. Did you mean: 'measurement_shape'?
2025-05-11 18:39:13,416 - __main__ - INFO - Starting Radiochromic Film Analyzer
2025-05-11 18:39:13,466 - app.rc_analyzer - INFO - Initializing RCAnalyzer application
2025-05-11 18:39:13,466 - app.rc_analyzer - WARNING - Could not remove log file rc_analyzer.log: [WinError 32] El proceso no tiene acceso al archivo porque est� siendo utilizado por otro proceso: 'rc_analyzer.log'
2025-05-11 18:39:13,466 - app.rc_analyzer - INFO - Cleaned up local temp directory: C:\Users\Pablo\Desktop\analizadorrc\temp
2025-05-11 18:39:13,466 - app.rc_analyzer - INFO - Cleaned up log and temporary files
2025-05-11 18:39:13,466 - app.utils.config_manager - INFO - Configuration manager initialized
2025-05-11 18:39:13,466 - app.utils.config_manager - INFO - Configuration loaded from file
2025-05-11 18:39:13,583 - app.core.image_processor - INFO - System info: {'platform': 'Windows', 'processor': 'AMD64 Family 23 Model 113 Stepping 0, AuthenticAMD', 'cpu_count': 12, 'memory_gb': 31.94003677368164, 'python_version': '3.12.0', 'opencv_version': '4.11.0'}
2025-05-11 18:39:13,583 - app.core.image_processor - WARNING - CUDA test matrix creation failed: OpenCV(4.11.0) D:\a\opencv-python\opencv-python\opencv\modules\core\include\opencv2/core/private.cuda.hpp:106: error: (-216:No CUDA support) The library is compiled without CUDA support in function 'throw_no_cuda'

2025-05-11 18:39:13,583 - app.core.image_processor - WARNING - Alternative CUDA test failed: OpenCV(4.11.0) :-1: error: (-5:Bad argument) in function 'createGpuMatFromCudaMemory'
> Overload resolution failed:
>  - createGpuMatFromCudaMemory() missing required argument 'type' (pos 3)
>  - createGpuMatFromCudaMemory() missing required argument 'cudaMemoryAddress' (pos 3)

2025-05-11 18:39:13,684 - app.core.image_processor - INFO - NVIDIA GPU detected: nvidia quadro p600
2025-05-11 18:39:13,684 - app.core.image_processor - INFO - CUDA initialization failed. Setting GPU as available but with warning.
2025-05-11 18:39:13,684 - app.core.image_processor - INFO - To fix CUDA issues, try:
2025-05-11 18:39:13,684 - app.core.image_processor - INFO - 1. Install the latest NVIDIA drivers
2025-05-11 18:39:13,684 - app.core.image_processor - INFO - 2. Install CUDA toolkit compatible with your GPU
2025-05-11 18:39:13,684 - app.core.image_processor - INFO - 3. Use 'Force enable GPU' option in settings
2025-05-11 18:39:13,684 - app.core.image_processor - INFO - GPU acceleration available. Enabled: False
2025-05-11 18:39:13,684 - app.core.image_processor - INFO - Image processor initialized
2025-05-11 18:39:13,684 - app.utils.file_manager - INFO - Recent files loaded from file
2025-05-11 18:39:13,684 - app.utils.file_manager - INFO - File manager initialized
2025-05-11 18:39:13,715 - app.ui.image_panel - INFO - Image panel initialized
2025-05-11 18:39:13,734 - app.ui.measurement_panel - INFO - Measurement panel initialized
2025-05-11 18:39:13,734 - app.ui.image_settings_panel - INFO - Image settings panel initialized
2025-05-11 18:39:13,734 - app.ui.main_window - INFO - Main window initialized
2025-05-11 18:39:13,734 - app.rc_analyzer - INFO - RCAnalyzer initialization complete
2025-05-11 18:39:17,188 - app.core.image_processor - INFO - Loading image: C:/Users/Pablo/Desktop/RC1_2_3.tiff, size: 2550x3510
2025-05-11 18:39:17,269 - app.core.image_processor - INFO - Loaded image: C:/Users/Pablo/Desktop/RC1_2_3.tiff
2025-05-11 18:39:17,269 - app.utils.file_manager - INFO - Recent files saved to file
2025-05-11 18:39:17,269 - app.utils.file_manager - INFO - Added file to recent files: C:/Users/Pablo/Desktop/RC1_2_3.tiff
2025-05-11 18:39:17,269 - app.ui.main_window - INFO - Loaded image: C:/Users/Pablo/Desktop/RC1_2_3.tiff
2025-05-11 18:40:05,123 - app.core.image_processor - INFO - GPU acceleration force-enabled by user
2025-05-11 18:40:05,123 - app.core.image_processor - INFO - Settings updated
2025-05-11 18:40:09,504 - app.core.image_processor - INFO - Binning set to 2x2
2025-05-11 18:40:09,504 - app.core.image_processor - INFO - Starting binning operation: 2x2 on image 2550x3510
2025-05-11 18:40:09,510 - app.core.image_processor - INFO - Using 3x4 tiles of size 850x1024
2025-05-11 18:40:09,510 - app.core.image_processor - INFO - Dividing image into 12 tiles (3x4) for binning
2025-05-11 18:40:09,510 - app.core.image_processor - INFO - Using CPU with 8 threads for binning
2025-05-11 18:40:09,510 - app.core.image_processor - INFO - Using CPU multithreading for tiled binning
2025-05-11 18:40:28,559 - app.core.image_processor - ERROR - Error applying binning: type object 'ThreadPoolExecutor' has no attribute 'as_completed'
Traceback (most recent call last):
  File "C:\Users\Pablo\Desktop\analizadorrc\app\core\image_processor.py", line 764, in apply_binning
    for future in ThreadPoolExecutor.as_completed(future_to_tile):
                  ^^^^^^^^^^^^^^^^^^^^^^^^^^^^^^^
AttributeError: type object 'ThreadPoolExecutor' has no attribute 'as_completed'
2025-05-11 18:41:04,777 - app.core.image_processor - INFO - Binning set to 6x6
2025-05-11 18:41:04,777 - app.core.image_processor - INFO - Starting binning operation: 6x6 on image 2550x3510
2025-05-11 18:41:04,785 - app.core.image_processor - INFO - Using 3x4 tiles of size 852x1026
2025-05-11 18:41:04,785 - app.core.image_processor - INFO - Dividing image into 12 tiles (3x4) for binning
2025-05-11 18:41:04,785 - app.core.image_processor - INFO - Using CPU with 8 threads for binning
2025-05-11 18:41:04,785 - app.core.image_processor - INFO - Using CPU multithreading for tiled binning
2025-05-11 18:41:06,804 - app.core.image_processor - ERROR - Error applying binning: type object 'ThreadPoolExecutor' has no attribute 'as_completed'
Traceback (most recent call last):
  File "C:\Users\Pablo\Desktop\analizadorrc\app\core\image_processor.py", line 764, in apply_binning
    for future in ThreadPoolExecutor.as_completed(future_to_tile):
                  ^^^^^^^^^^^^^^^^^^^^^^^^^^^^^^^
AttributeError: type object 'ThreadPoolExecutor' has no attribute 'as_completed'
2025-05-11 18:41:18,037 - app.core.image_processor - INFO - Binning set to 1x1
2025-05-11 18:42:08,337 - app.core.image_processor - WARNING - CUDA test matrix creation failed: OpenCV(4.11.0) D:\a\opencv-python\opencv-python\opencv\modules\core\include\opencv2/core/private.cuda.hpp:106: error: (-216:No CUDA support) The library is compiled without CUDA support in function 'throw_no_cuda'

2025-05-11 18:42:08,337 - app.core.image_processor - WARNING - Alternative CUDA test failed: OpenCV(4.11.0) :-1: error: (-5:Bad argument) in function 'createGpuMatFromCudaMemory'
> Overload resolution failed:
>  - createGpuMatFromCudaMemory() missing required argument 'type' (pos 3)
>  - createGpuMatFromCudaMemory() missing required argument 'cudaMemoryAddress' (pos 3)

2025-05-11 18:42:08,489 - app.core.image_processor - INFO - NVIDIA GPU detected: nvidia quadro p600
2025-05-11 18:42:08,489 - app.core.image_processor - INFO - CUDA initialization failed. Setting GPU as available but with warning.
2025-05-11 18:42:08,489 - app.core.image_processor - INFO - To fix CUDA issues, try:
2025-05-11 18:42:08,489 - app.core.image_processor - INFO - 1. Install the latest NVIDIA drivers
2025-05-11 18:42:08,489 - app.core.image_processor - INFO - 2. Install CUDA toolkit compatible with your GPU
2025-05-11 18:42:08,489 - app.core.image_processor - INFO - 3. Use 'Force enable GPU' option in settings
2025-05-11 18:42:08,489 - app.core.image_processor - INFO - GPU acceleration available. Enabled: False
2025-05-11 18:42:08,490 - app.core.image_processor - INFO - Settings updated
2025-05-11 18:42:31,784 - app.rc_analyzer - INFO - Saving configuration before exit
2025-05-11 18:42:31,784 - app.utils.config_manager - INFO - Configuration saved to file
2025-05-11 18:42:31,784 - app.rc_analyzer - WARNING - Could not remove log file rc_analyzer.log: [WinError 32] El proceso no tiene acceso al archivo porque est� siendo utilizado por otro proceso: 'rc_analyzer.log'
2025-05-11 18:42:31,789 - app.rc_analyzer - INFO - Cleaned up local temp directory: C:\Users\Pablo\Desktop\analizadorrc\temp
2025-05-11 18:42:31,789 - app.rc_analyzer - INFO - Cleaned up log and temporary files
2025-05-11 18:42:31,860 - __main__ - INFO - Application closed normally
2025-05-11 18:42:35,335 - __main__ - INFO - Starting Radiochromic Film Analyzer
2025-05-11 18:42:35,375 - app.rc_analyzer - INFO - Initializing RCAnalyzer application
2025-05-11 18:42:35,375 - app.rc_analyzer - WARNING - Could not remove log file rc_analyzer.log: [WinError 32] El proceso no tiene acceso al archivo porque est� siendo utilizado por otro proceso: 'rc_analyzer.log'
2025-05-11 18:42:35,375 - app.rc_analyzer - INFO - Cleaned up local temp directory: C:\Users\Pablo\Desktop\analizadorrc\temp
2025-05-11 18:42:35,375 - app.rc_analyzer - INFO - Cleaned up log and temporary files
2025-05-11 18:42:35,390 - app.utils.config_manager - INFO - Configuration manager initialized
2025-05-11 18:42:35,392 - app.utils.config_manager - INFO - Configuration loaded from file
2025-05-11 18:42:35,458 - app.core.image_processor - INFO - System info: {'platform': 'Windows', 'processor': 'AMD64 Family 23 Model 113 Stepping 0, AuthenticAMD', 'cpu_count': 12, 'memory_gb': 31.94003677368164, 'python_version': '3.12.0', 'opencv_version': '4.11.0'}
2025-05-11 18:42:35,458 - app.core.image_processor - WARNING - CUDA test matrix creation failed: OpenCV(4.11.0) D:\a\opencv-python\opencv-python\opencv\modules\core\include\opencv2/core/private.cuda.hpp:106: error: (-216:No CUDA support) The library is compiled without CUDA support in function 'throw_no_cuda'

2025-05-11 18:42:35,458 - app.core.image_processor - WARNING - Alternative CUDA test failed: OpenCV(4.11.0) :-1: error: (-5:Bad argument) in function 'createGpuMatFromCudaMemory'
> Overload resolution failed:
>  - createGpuMatFromCudaMemory() missing required argument 'type' (pos 3)
>  - createGpuMatFromCudaMemory() missing required argument 'cudaMemoryAddress' (pos 3)

2025-05-11 18:42:35,542 - app.core.image_processor - INFO - NVIDIA GPU detected: nvidia quadro p600
2025-05-11 18:42:35,542 - app.core.image_processor - INFO - CUDA initialization failed. Setting GPU as available but with warning.
2025-05-11 18:42:35,542 - app.core.image_processor - INFO - To fix CUDA issues, try:
2025-05-11 18:42:35,542 - app.core.image_processor - INFO - 1. Install the latest NVIDIA drivers
2025-05-11 18:42:35,542 - app.core.image_processor - INFO - 2. Install CUDA toolkit compatible with your GPU
2025-05-11 18:42:35,542 - app.core.image_processor - INFO - 3. Use 'Force enable GPU' option in settings
2025-05-11 18:42:35,542 - app.core.image_processor - INFO - GPU acceleration available. Enabled: False
2025-05-11 18:42:35,542 - app.core.image_processor - INFO - Image processor initialized
2025-05-11 18:42:35,542 - app.utils.file_manager - INFO - Recent files loaded from file
2025-05-11 18:42:35,542 - app.utils.file_manager - INFO - File manager initialized
2025-05-11 18:42:35,575 - app.ui.image_panel - INFO - Image panel initialized
2025-05-11 18:42:35,592 - app.ui.measurement_panel - INFO - Measurement panel initialized
2025-05-11 18:42:35,592 - app.ui.image_settings_panel - INFO - Image settings panel initialized
2025-05-11 18:42:35,592 - app.ui.main_window - INFO - Main window initialized
2025-05-11 18:42:35,592 - app.rc_analyzer - INFO - RCAnalyzer initialization complete
2025-05-11 18:42:37,917 - app.core.image_processor - INFO - Loading image: C:/Users/Pablo/Desktop/RC1_2_3.tiff, size: 2550x3510
2025-05-11 18:42:38,009 - app.core.image_processor - INFO - Loaded image: C:/Users/Pablo/Desktop/RC1_2_3.tiff
2025-05-11 18:42:38,010 - app.utils.file_manager - INFO - Recent files saved to file
2025-05-11 18:42:38,010 - app.utils.file_manager - INFO - Added file to recent files: C:/Users/Pablo/Desktop/RC1_2_3.tiff
2025-05-11 18:42:38,010 - app.ui.main_window - INFO - Loaded image: C:/Users/Pablo/Desktop/RC1_2_3.tiff
2025-05-11 18:42:49,553 - app.core.image_processor - INFO - Binning set to 2x2
2025-05-11 18:42:49,553 - app.core.image_processor - INFO - Starting binning operation: 2x2 on image 2550x3510
2025-05-11 18:42:49,559 - app.core.image_processor - INFO - Using 3x4 tiles of size 850x1024
2025-05-11 18:42:49,559 - app.core.image_processor - INFO - Dividing image into 12 tiles (3x4) for binning
2025-05-11 18:42:49,559 - app.core.image_processor - INFO - Using CPU with 8 threads for binning
2025-05-11 18:42:49,559 - app.core.image_processor - INFO - Using CPU multithreading for tiled binning
2025-05-11 18:46:04,337 - app.core.image_processor - ERROR - Error assembling tile 0: [Errno 2] No such file or directory: 'C:\\Users\\Pablo\\Desktop\\analizadorrc\\temp\\tile_0.npy'
Traceback (most recent call last):
  File "C:\Users\Pablo\Desktop\analizadorrc\app\core\image_processor.py", line 821, in apply_binning
    tile_data = np.load(tile_file)
                ^^^^^^^^^^^^^^^^^^
  File "C:\Users\Pablo\AppData\Roaming\Python\Python312\site-packages\numpy\lib\npyio.py", line 427, in load
    fid = stack.enter_context(open(os_fspath(file), "rb"))
                              ^^^^^^^^^^^^^^^^^^^^^^^^^^^
FileNotFoundError: [Errno 2] No such file or directory: 'C:\\Users\\Pablo\\Desktop\\analizadorrc\\temp\\tile_0.npy'
2025-05-11 18:46:04,352 - app.core.image_processor - ERROR - Error assembling tile 1: [Errno 2] No such file or directory: 'C:\\Users\\Pablo\\Desktop\\analizadorrc\\temp\\tile_1.npy'
Traceback (most recent call last):
  File "C:\Users\Pablo\Desktop\analizadorrc\app\core\image_processor.py", line 821, in apply_binning
    tile_data = np.load(tile_file)
                ^^^^^^^^^^^^^^^^^^
  File "C:\Users\Pablo\AppData\Roaming\Python\Python312\site-packages\numpy\lib\npyio.py", line 427, in load
    fid = stack.enter_context(open(os_fspath(file), "rb"))
                              ^^^^^^^^^^^^^^^^^^^^^^^^^^^
FileNotFoundError: [Errno 2] No such file or directory: 'C:\\Users\\Pablo\\Desktop\\analizadorrc\\temp\\tile_1.npy'
2025-05-11 18:46:04,352 - app.core.image_processor - ERROR - Error assembling tile 2: [Errno 2] No such file or directory: 'C:\\Users\\Pablo\\Desktop\\analizadorrc\\temp\\tile_2.npy'
Traceback (most recent call last):
  File "C:\Users\Pablo\Desktop\analizadorrc\app\core\image_processor.py", line 821, in apply_binning
    tile_data = np.load(tile_file)
                ^^^^^^^^^^^^^^^^^^
  File "C:\Users\Pablo\AppData\Roaming\Python\Python312\site-packages\numpy\lib\npyio.py", line 427, in load
    fid = stack.enter_context(open(os_fspath(file), "rb"))
                              ^^^^^^^^^^^^^^^^^^^^^^^^^^^
FileNotFoundError: [Errno 2] No such file or directory: 'C:\\Users\\Pablo\\Desktop\\analizadorrc\\temp\\tile_2.npy'
2025-05-11 18:46:04,353 - app.core.image_processor - ERROR - Error assembling tile 3: [Errno 2] No such file or directory: 'C:\\Users\\Pablo\\Desktop\\analizadorrc\\temp\\tile_3.npy'
Traceback (most recent call last):
  File "C:\Users\Pablo\Desktop\analizadorrc\app\core\image_processor.py", line 821, in apply_binning
    tile_data = np.load(tile_file)
                ^^^^^^^^^^^^^^^^^^
  File "C:\Users\Pablo\AppData\Roaming\Python\Python312\site-packages\numpy\lib\npyio.py", line 427, in load
    fid = stack.enter_context(open(os_fspath(file), "rb"))
                              ^^^^^^^^^^^^^^^^^^^^^^^^^^^
FileNotFoundError: [Errno 2] No such file or directory: 'C:\\Users\\Pablo\\Desktop\\analizadorrc\\temp\\tile_3.npy'
2025-05-11 18:46:04,354 - app.core.image_processor - ERROR - Error assembling tile 4: [Errno 2] No such file or directory: 'C:\\Users\\Pablo\\Desktop\\analizadorrc\\temp\\tile_4.npy'
Traceback (most recent call last):
  File "C:\Users\Pablo\Desktop\analizadorrc\app\core\image_processor.py", line 821, in apply_binning
    tile_data = np.load(tile_file)
                ^^^^^^^^^^^^^^^^^^
  File "C:\Users\Pablo\AppData\Roaming\Python\Python312\site-packages\numpy\lib\npyio.py", line 427, in load
    fid = stack.enter_context(open(os_fspath(file), "rb"))
                              ^^^^^^^^^^^^^^^^^^^^^^^^^^^
FileNotFoundError: [Errno 2] No such file or directory: 'C:\\Users\\Pablo\\Desktop\\analizadorrc\\temp\\tile_4.npy'
2025-05-11 18:46:04,355 - app.core.image_processor - ERROR - Error assembling tile 5: [Errno 2] No such file or directory: 'C:\\Users\\Pablo\\Desktop\\analizadorrc\\temp\\tile_5.npy'
Traceback (most recent call last):
  File "C:\Users\Pablo\Desktop\analizadorrc\app\core\image_processor.py", line 821, in apply_binning
    tile_data = np.load(tile_file)
                ^^^^^^^^^^^^^^^^^^
  File "C:\Users\Pablo\AppData\Roaming\Python\Python312\site-packages\numpy\lib\npyio.py", line 427, in load
    fid = stack.enter_context(open(os_fspath(file), "rb"))
                              ^^^^^^^^^^^^^^^^^^^^^^^^^^^
FileNotFoundError: [Errno 2] No such file or directory: 'C:\\Users\\Pablo\\Desktop\\analizadorrc\\temp\\tile_5.npy'
2025-05-11 18:46:04,355 - app.core.image_processor - ERROR - Error assembling tile 6: [Errno 2] No such file or directory: 'C:\\Users\\Pablo\\Desktop\\analizadorrc\\temp\\tile_6.npy'
Traceback (most recent call last):
  File "C:\Users\Pablo\Desktop\analizadorrc\app\core\image_processor.py", line 821, in apply_binning
    tile_data = np.load(tile_file)
                ^^^^^^^^^^^^^^^^^^
  File "C:\Users\Pablo\AppData\Roaming\Python\Python312\site-packages\numpy\lib\npyio.py", line 427, in load
    fid = stack.enter_context(open(os_fspath(file), "rb"))
                              ^^^^^^^^^^^^^^^^^^^^^^^^^^^
FileNotFoundError: [Errno 2] No such file or directory: 'C:\\Users\\Pablo\\Desktop\\analizadorrc\\temp\\tile_6.npy'
2025-05-11 18:46:04,355 - app.core.image_processor - ERROR - Error assembling tile 7: [Errno 2] No such file or directory: 'C:\\Users\\Pablo\\Desktop\\analizadorrc\\temp\\tile_7.npy'
Traceback (most recent call last):
  File "C:\Users\Pablo\Desktop\analizadorrc\app\core\image_processor.py", line 821, in apply_binning
    tile_data = np.load(tile_file)
                ^^^^^^^^^^^^^^^^^^
  File "C:\Users\Pablo\AppData\Roaming\Python\Python312\site-packages\numpy\lib\npyio.py", line 427, in load
    fid = stack.enter_context(open(os_fspath(file), "rb"))
                              ^^^^^^^^^^^^^^^^^^^^^^^^^^^
FileNotFoundError: [Errno 2] No such file or directory: 'C:\\Users\\Pablo\\Desktop\\analizadorrc\\temp\\tile_7.npy'
2025-05-11 18:46:04,356 - app.core.image_processor - ERROR - Error assembling tile 8: [Errno 2] No such file or directory: 'C:\\Users\\Pablo\\Desktop\\analizadorrc\\temp\\tile_8.npy'
Traceback (most recent call last):
  File "C:\Users\Pablo\Desktop\analizadorrc\app\core\image_processor.py", line 821, in apply_binning
    tile_data = np.load(tile_file)
                ^^^^^^^^^^^^^^^^^^
  File "C:\Users\Pablo\AppData\Roaming\Python\Python312\site-packages\numpy\lib\npyio.py", line 427, in load
    fid = stack.enter_context(open(os_fspath(file), "rb"))
                              ^^^^^^^^^^^^^^^^^^^^^^^^^^^
FileNotFoundError: [Errno 2] No such file or directory: 'C:\\Users\\Pablo\\Desktop\\analizadorrc\\temp\\tile_8.npy'
2025-05-11 18:46:04,356 - app.core.image_processor - ERROR - Error assembling tile 9: [Errno 2] No such file or directory: 'C:\\Users\\Pablo\\Desktop\\analizadorrc\\temp\\tile_9.npy'
Traceback (most recent call last):
  File "C:\Users\Pablo\Desktop\analizadorrc\app\core\image_processor.py", line 821, in apply_binning
    tile_data = np.load(tile_file)
                ^^^^^^^^^^^^^^^^^^
  File "C:\Users\Pablo\AppData\Roaming\Python\Python312\site-packages\numpy\lib\npyio.py", line 427, in load
    fid = stack.enter_context(open(os_fspath(file), "rb"))
                              ^^^^^^^^^^^^^^^^^^^^^^^^^^^
FileNotFoundError: [Errno 2] No such file or directory: 'C:\\Users\\Pablo\\Desktop\\analizadorrc\\temp\\tile_9.npy'
2025-05-11 18:46:04,357 - app.core.image_processor - ERROR - Error assembling tile 10: [Errno 2] No such file or directory: 'C:\\Users\\Pablo\\Desktop\\analizadorrc\\temp\\tile_10.npy'
Traceback (most recent call last):
  File "C:\Users\Pablo\Desktop\analizadorrc\app\core\image_processor.py", line 821, in apply_binning
    tile_data = np.load(tile_file)
                ^^^^^^^^^^^^^^^^^^
  File "C:\Users\Pablo\AppData\Roaming\Python\Python312\site-packages\numpy\lib\npyio.py", line 427, in load
    fid = stack.enter_context(open(os_fspath(file), "rb"))
                              ^^^^^^^^^^^^^^^^^^^^^^^^^^^
FileNotFoundError: [Errno 2] No such file or directory: 'C:\\Users\\Pablo\\Desktop\\analizadorrc\\temp\\tile_10.npy'
2025-05-11 18:46:04,357 - app.core.image_processor - ERROR - Error assembling tile 11: [Errno 2] No such file or directory: 'C:\\Users\\Pablo\\Desktop\\analizadorrc\\temp\\tile_11.npy'
Traceback (most recent call last):
  File "C:\Users\Pablo\Desktop\analizadorrc\app\core\image_processor.py", line 821, in apply_binning
    tile_data = np.load(tile_file)
                ^^^^^^^^^^^^^^^^^^
  File "C:\Users\Pablo\AppData\Roaming\Python\Python312\site-packages\numpy\lib\npyio.py", line 427, in load
    fid = stack.enter_context(open(os_fspath(file), "rb"))
                              ^^^^^^^^^^^^^^^^^^^^^^^^^^^
FileNotFoundError: [Errno 2] No such file or directory: 'C:\\Users\\Pablo\\Desktop\\analizadorrc\\temp\\tile_11.npy'
2025-05-11 18:46:04,397 - app.core.image_processor - INFO - Binning complete: processed 12 tiles in 2550x3510 image
2025-05-11 18:46:04,399 - app.core.image_processor - INFO - Applied 2x2 binning to image using tiled approach
2025-05-11 18:47:07,100 - app.core.image_processor - INFO - Binning set to 1x1
2025-05-11 18:49:13,134 - app.rc_analyzer - INFO - Saving configuration before exit
2025-05-11 18:49:13,134 - app.utils.config_manager - INFO - Configuration saved to file
2025-05-11 18:49:13,137 - app.rc_analyzer - WARNING - Could not remove log file rc_analyzer.log: [WinError 32] El proceso no tiene acceso al archivo porque est� siendo utilizado por otro proceso: 'rc_analyzer.log'
2025-05-11 18:49:13,145 - app.rc_analyzer - INFO - Cleaned up local temp directory: C:\Users\Pablo\Desktop\analizadorrc\temp
2025-05-11 18:49:13,145 - app.rc_analyzer - INFO - Cleaned up log and temporary files
2025-05-11 18:49:13,215 - __main__ - INFO - Application closed normally
2025-05-11 19:09:50,787 - __main__ - INFO - Starting Radiochromic Film Analyzer
2025-05-11 19:09:51,172 - app.rc_analyzer - INFO - Initializing RCAnalyzer application
2025-05-11 19:09:51,173 - app.rc_analyzer - WARNING - Could not remove log file rc_analyzer.log: [WinError 32] El proceso no tiene acceso al archivo porque est� siendo utilizado por otro proceso: 'rc_analyzer.log'
2025-05-11 19:09:51,176 - app.rc_analyzer - INFO - Cleaned up local temp directory: C:\Users\Pablo\Desktop\analizadorrc\temp
2025-05-11 19:09:51,176 - app.rc_analyzer - INFO - Cleaned up log and temporary files
2025-05-11 19:09:51,176 - app.utils.config_manager - INFO - Configuration manager initialized
2025-05-11 19:09:51,177 - app.utils.config_manager - INFO - Configuration loaded from file
2025-05-11 19:09:51,291 - app.core.image_processor - INFO - System info: {'platform': 'Windows', 'processor': 'AMD64 Family 23 Model 113 Stepping 0, AuthenticAMD', 'cpu_count': 12, 'memory_gb': 31.94003677368164, 'python_version': '3.12.0', 'opencv_version': '4.11.0'}
2025-05-11 19:09:51,291 - app.core.image_processor - WARNING - CUDA test matrix creation failed: OpenCV(4.11.0) D:\a\opencv-python\opencv-python\opencv\modules\core\include\opencv2/core/private.cuda.hpp:106: error: (-216:No CUDA support) The library is compiled without CUDA support in function 'throw_no_cuda'

2025-05-11 19:09:51,292 - app.core.image_processor - WARNING - Alternative CUDA test failed: OpenCV(4.11.0) :-1: error: (-5:Bad argument) in function 'createGpuMatFromCudaMemory'
> Overload resolution failed:
>  - createGpuMatFromCudaMemory() missing required argument 'type' (pos 3)
>  - createGpuMatFromCudaMemory() missing required argument 'cudaMemoryAddress' (pos 3)

2025-05-11 19:09:51,410 - app.core.image_processor - INFO - NVIDIA GPU detected: nvidia quadro p600
2025-05-11 19:09:51,410 - app.core.image_processor - INFO - CUDA initialization failed. Setting GPU as available but with warning.
2025-05-11 19:09:51,411 - app.core.image_processor - INFO - To fix CUDA issues, try:
2025-05-11 19:09:51,411 - app.core.image_processor - INFO - 1. Install the latest NVIDIA drivers
2025-05-11 19:09:51,411 - app.core.image_processor - INFO - 2. Install CUDA toolkit compatible with your GPU
2025-05-11 19:09:51,411 - app.core.image_processor - INFO - 3. Use 'Force enable GPU' option in settings
2025-05-11 19:09:51,411 - app.core.image_processor - INFO - GPU acceleration available. Enabled: False
2025-05-11 19:09:51,411 - app.core.image_processor - INFO - Image processor initialized
2025-05-11 19:09:51,418 - app.utils.file_manager - INFO - Recent files loaded from file
2025-05-11 19:09:51,418 - app.utils.file_manager - INFO - File manager initialized
2025-05-11 19:09:51,467 - app.ui.image_panel - INFO - Image panel initialized
2025-05-11 19:09:51,485 - app.ui.measurement_panel - INFO - Measurement panel initialized
2025-05-11 19:09:51,498 - app.ui.image_settings_panel - INFO - Image settings panel initialized
2025-05-11 19:09:51,501 - app.ui.main_window - INFO - Main window initialized
2025-05-11 19:09:51,501 - app.rc_analyzer - INFO - RCAnalyzer initialization complete
2025-05-11 19:09:54,202 - app.core.image_processor - INFO - Loading image: C:/Users/Pablo/Desktop/RC1_2_3.tiff, size: 2550x3510
2025-05-11 19:09:54,287 - app.core.image_processor - INFO - Loaded image: C:/Users/Pablo/Desktop/RC1_2_3.tiff
2025-05-11 19:09:54,290 - app.utils.file_manager - INFO - Recent files saved to file
2025-05-11 19:09:54,290 - app.utils.file_manager - INFO - Added file to recent files: C:/Users/Pablo/Desktop/RC1_2_3.tiff
2025-05-11 19:09:54,290 - app.ui.main_window - INFO - Loaded image: C:/Users/Pablo/Desktop/RC1_2_3.tiff
2025-05-11 19:09:58,403 - app.core.image_processor - INFO - Binning set to 2x2
2025-05-11 19:09:58,404 - app.core.image_processor - INFO - Starting binning operation: 2x2 on image 2550x3510
2025-05-11 19:09:59,674 - app.core.image_processor - INFO - Binning complete: 2x2 on 2550x3510 image
2025-05-11 19:10:12,617 - app.core.image_processor - INFO - Binning set to 4x4
2025-05-11 19:10:12,617 - app.core.image_processor - INFO - Starting binning operation: 4x4 on image 2550x3510
2025-05-11 19:10:13,397 - app.core.image_processor - INFO - Binning complete: 4x4 on 2550x3510 image
2025-05-11 19:10:52,177 - app.core.image_processor - INFO - Binning set to 1x1
2025-05-11 19:11:02,607 - app.core.image_processor - INFO - Loading image: C:/Users/Pablo/Desktop/RC1_2_3.tiff, size: 2550x3510
2025-05-11 19:11:02,706 - app.core.image_processor - INFO - Loaded image: C:/Users/Pablo/Desktop/RC1_2_3.tiff
2025-05-11 19:11:02,709 - app.utils.file_manager - INFO - Recent files saved to file
2025-05-11 19:11:02,709 - app.utils.file_manager - INFO - Added file to recent files: C:/Users/Pablo/Desktop/RC1_2_3.tiff
2025-05-11 19:11:02,710 - app.ui.main_window - INFO - Loaded image: C:/Users/Pablo/Desktop/RC1_2_3.tiff
2025-05-11 19:11:34,720 - app.core.image_processor - INFO - Binning set to 4x4
2025-05-11 19:11:34,720 - app.core.image_processor - INFO - Starting binning operation: 4x4 on image 2550x3510
2025-05-11 19:11:35,472 - app.core.image_processor - INFO - Binning complete: 4x4 on 2550x3510 image
2025-05-11 19:11:38,193 - app.core.image_processor - INFO - Binning set to 2x2
2025-05-11 19:11:38,193 - app.core.image_processor - INFO - Starting binning operation: 2x2 on image 2550x3510
2025-05-11 19:11:39,443 - app.core.image_processor - INFO - Binning complete: 2x2 on 2550x3510 image
2025-05-11 19:11:41,682 - app.core.image_processor - INFO - Binning set to 1x1
2025-05-11 19:11:54,462 - app.core.image_processor - INFO - Binning set to 2x2
2025-05-11 19:11:54,462 - app.core.image_processor - INFO - Starting binning operation: 2x2 on image 2550x3510
2025-05-11 19:11:55,813 - app.core.image_processor - INFO - Binning complete: 2x2 on 2550x3510 image
2025-05-11 19:13:06,001 - app.core.image_processor - INFO - Loading image: C:/Users/Pablo/Desktop/RC1_2_3.tiff, size: 2550x3510
2025-05-11 19:13:06,093 - app.core.image_processor - INFO - Starting binning operation: 2x2 on image 2550x3510
2025-05-11 19:13:07,343 - app.core.image_processor - INFO - Binning complete: 2x2 on 2550x3510 image
2025-05-11 19:13:07,346 - app.core.image_processor - INFO - Loaded image: C:/Users/Pablo/Desktop/RC1_2_3.tiff
2025-05-11 19:13:07,348 - app.utils.file_manager - INFO - Recent files saved to file
2025-05-11 19:13:07,348 - app.utils.file_manager - INFO - Added file to recent files: C:/Users/Pablo/Desktop/RC1_2_3.tiff
2025-05-11 19:13:07,348 - app.ui.main_window - INFO - Loaded image: C:/Users/Pablo/Desktop/RC1_2_3.tiff
2025-05-11 19:13:20,121 - app.core.image_processor - WARNING - CUDA test matrix creation failed: OpenCV(4.11.0) D:\a\opencv-python\opencv-python\opencv\modules\core\include\opencv2/core/private.cuda.hpp:106: error: (-216:No CUDA support) The library is compiled without CUDA support in function 'throw_no_cuda'

2025-05-11 19:13:20,121 - app.core.image_processor - WARNING - Alternative CUDA test failed: OpenCV(4.11.0) :-1: error: (-5:Bad argument) in function 'createGpuMatFromCudaMemory'
> Overload resolution failed:
>  - createGpuMatFromCudaMemory() missing required argument 'type' (pos 3)
>  - createGpuMatFromCudaMemory() missing required argument 'cudaMemoryAddress' (pos 3)

2025-05-11 19:13:20,218 - app.core.image_processor - INFO - NVIDIA GPU detected: nvidia quadro p600
2025-05-11 19:13:20,218 - app.core.image_processor - INFO - CUDA initialization failed. Setting GPU as available but with warning.
2025-05-11 19:13:20,218 - app.core.image_processor - INFO - To fix CUDA issues, try:
2025-05-11 19:13:20,218 - app.core.image_processor - INFO - 1. Install the latest NVIDIA drivers
2025-05-11 19:13:20,218 - app.core.image_processor - INFO - 2. Install CUDA toolkit compatible with your GPU
2025-05-11 19:13:20,219 - app.core.image_processor - INFO - 3. Use 'Force enable GPU' option in settings
2025-05-11 19:13:20,219 - app.core.image_processor - INFO - GPU acceleration available. Enabled: False
2025-05-11 19:13:20,220 - app.core.image_processor - INFO - Settings updated
2025-05-11 19:13:20,223 - app.core.image_processor - INFO - Starting binning operation: 2x2 on image 2550x3510
2025-05-11 19:13:21,702 - app.core.image_processor - INFO - Binning complete: 2x2 on 2550x3510 image
2025-05-11 19:15:54,553 - app.rc_analyzer - INFO - Saving configuration before exit
2025-05-11 19:15:54,553 - app.utils.config_manager - INFO - Configuration saved to file
2025-05-11 19:15:54,557 - app.rc_analyzer - WARNING - Could not remove log file rc_analyzer.log: [WinError 32] El proceso no tiene acceso al archivo porque est� siendo utilizado por otro proceso: 'rc_analyzer.log'
2025-05-11 19:15:54,573 - app.rc_analyzer - INFO - Cleaned up local temp directory: C:\Users\Pablo\Desktop\analizadorrc\temp
2025-05-11 19:15:54,573 - app.rc_analyzer - INFO - Cleaned up log and temporary files
2025-05-11 19:15:54,677 - __main__ - INFO - Application closed normally
2025-05-11 19:32:58,729 - __main__ - INFO - Starting Radiochromic Film Analyzer
2025-05-11 19:32:58,783 - app.rc_analyzer - INFO - Initializing RCAnalyzer application
2025-05-11 19:32:58,783 - app.rc_analyzer - WARNING - Could not remove log file rc_analyzer.log: [WinError 32] El proceso no tiene acceso al archivo porque est� siendo utilizado por otro proceso: 'rc_analyzer.log'
2025-05-11 19:32:58,795 - app.rc_analyzer - INFO - Cleaned up local temp directory: C:\Users\Pablo\Desktop\analizadorrc\temp
2025-05-11 19:32:58,795 - app.rc_analyzer - INFO - Cleaned up log and temporary files
2025-05-11 19:32:58,795 - app.utils.config_manager - INFO - Configuration manager initialized
2025-05-11 19:32:58,795 - app.utils.config_manager - INFO - Configuration loaded from file
2025-05-11 19:32:58,895 - app.core.image_processor - INFO - System info: {'platform': 'Windows', 'processor': 'AMD64 Family 23 Model 113 Stepping 0, AuthenticAMD', 'cpu_count': 12, 'memory_gb': 31.94003677368164, 'python_version': '3.12.0', 'opencv_version': '4.11.0'}
2025-05-11 19:32:58,895 - app.core.image_processor - WARNING - CUDA test matrix creation failed: OpenCV(4.11.0) D:\a\opencv-python\opencv-python\opencv\modules\core\include\opencv2/core/private.cuda.hpp:106: error: (-216:No CUDA support) The library is compiled without CUDA support in function 'throw_no_cuda'

2025-05-11 19:32:58,895 - app.core.image_processor - WARNING - Alternative CUDA test failed: OpenCV(4.11.0) :-1: error: (-5:Bad argument) in function 'createGpuMatFromCudaMemory'
> Overload resolution failed:
>  - createGpuMatFromCudaMemory() missing required argument 'type' (pos 3)
>  - createGpuMatFromCudaMemory() missing required argument 'cudaMemoryAddress' (pos 3)

2025-05-11 19:32:58,983 - app.core.image_processor - INFO - NVIDIA GPU detected: nvidia quadro p600
2025-05-11 19:32:58,983 - app.core.image_processor - INFO - CUDA initialization failed. Setting GPU as available but with warning.
2025-05-11 19:32:58,983 - app.core.image_processor - INFO - To fix CUDA issues, try:
2025-05-11 19:32:58,983 - app.core.image_processor - INFO - 1. Install the latest NVIDIA drivers
2025-05-11 19:32:58,983 - app.core.image_processor - INFO - 2. Install CUDA toolkit compatible with your GPU
2025-05-11 19:32:58,983 - app.core.image_processor - INFO - 3. Use 'Force enable GPU' option in settings
2025-05-11 19:32:58,983 - app.core.image_processor - INFO - GPU acceleration available. Enabled: False
2025-05-11 19:32:58,983 - app.core.image_processor - INFO - Image processor initialized
2025-05-11 19:32:58,983 - app.utils.file_manager - INFO - Recent files loaded from file
2025-05-11 19:32:58,983 - app.utils.file_manager - INFO - File manager initialized
2025-05-11 19:32:59,011 - app.ui.image_panel - INFO - Image panel initialized
2025-05-11 19:32:59,028 - app.ui.measurement_panel - INFO - Measurement panel initialized
2025-05-11 19:32:59,028 - app.ui.image_settings_panel - INFO - Image settings panel initialized
2025-05-11 19:32:59,044 - app.ui.main_window - INFO - Main window initialized
2025-05-11 19:32:59,044 - app.rc_analyzer - INFO - RCAnalyzer initialization complete
2025-05-11 19:33:03,301 - app.core.image_processor - INFO - Loading image: C:/Users/Pablo/Desktop/RC1_2_3.tiff, size: 2550x3510
2025-05-11 19:33:03,306 - app.core.image_processor - INFO - Loaded image: C:/Users/Pablo/Desktop/RC1_2_3.tiff
2025-05-11 19:33:03,308 - app.utils.file_manager - INFO - Recent files saved to file
2025-05-11 19:33:03,308 - app.utils.file_manager - INFO - Added file to recent files: C:/Users/Pablo/Desktop/RC1_2_3.tiff
2025-05-11 19:33:03,308 - app.ui.main_window - INFO - Loaded image: C:/Users/Pablo/Desktop/RC1_2_3.tiff
2025-05-11 19:33:06,684 - app.core.image_processor - INFO - Binning set to 2x2
2025-05-11 19:33:06,684 - app.core.image_processor - INFO - Starting binning operation: 2x2 on image 2550x3510
2025-05-11 19:33:19,683 - app.core.image_processor - INFO - Binning set to 1x1
2025-05-11 19:33:19,688 - app.core.image_processor - INFO - Restored original image (1x1 binning)
2025-05-11 19:33:22,373 - app.core.image_processor - INFO - Binning set to 2x2
2025-05-11 19:33:22,373 - app.core.image_processor - INFO - Starting binning operation: 2x2 on image 2550x3510
2025-05-11 19:33:29,456 - app.core.image_processor - INFO - Binning set to 4x4
2025-05-11 19:33:29,456 - app.core.image_processor - INFO - Starting binning operation: 4x4 on image 2550x3510
2025-05-11 19:33:36,326 - app.core.image_processor - INFO - Binning set to 6x6
2025-05-11 19:33:36,326 - app.core.image_processor - INFO - Starting binning operation: 6x6 on image 2550x3510
2025-05-11 19:33:41,796 - app.core.image_processor - INFO - Binning set to 1x1
2025-05-11 19:33:41,798 - app.core.image_processor - INFO - Restored original image (1x1 binning)
2025-05-11 19:34:18,795 - app.core.image_processor - INFO - Binning set to 2x2
2025-05-11 19:34:18,795 - app.core.image_processor - INFO - Starting binning operation: 2x2 on image 2550x3510
2025-05-11 19:39:52,289 - app.rc_analyzer - INFO - Saving configuration before exit
2025-05-11 19:39:52,289 - app.utils.config_manager - INFO - Configuration saved to file
2025-05-11 19:39:52,293 - app.rc_analyzer - WARNING - Could not remove log file rc_analyzer.log: [WinError 32] El proceso no tiene acceso al archivo porque est� siendo utilizado por otro proceso: 'rc_analyzer.log'
2025-05-11 19:39:52,314 - app.rc_analyzer - INFO - Cleaned up local temp directory: C:\Users\Pablo\Desktop\analizadorrc\temp
2025-05-11 19:39:52,315 - app.rc_analyzer - INFO - Cleaned up log and temporary files
2025-05-11 19:39:52,385 - __main__ - INFO - Application closed normally
2025-05-11 19:40:05,243 - __main__ - INFO - Starting Radiochromic Film Analyzer
2025-05-11 19:40:05,291 - app.rc_analyzer - INFO - Initializing RCAnalyzer application
2025-05-11 19:40:05,291 - app.rc_analyzer - WARNING - Could not remove log file rc_analyzer.log: [WinError 32] El proceso no tiene acceso al archivo porque est� siendo utilizado por otro proceso: 'rc_analyzer.log'
2025-05-11 19:40:05,291 - app.rc_analyzer - INFO - Cleaned up local temp directory: C:\Users\Pablo\Desktop\analizadorrc\temp
2025-05-11 19:40:05,291 - app.rc_analyzer - INFO - Cleaned up log and temporary files
2025-05-11 19:40:05,291 - app.utils.config_manager - INFO - Configuration manager initialized
2025-05-11 19:40:05,307 - app.utils.config_manager - INFO - Configuration loaded from file
2025-05-11 19:40:05,402 - app.core.image_processor - INFO - System info: {'platform': 'Windows', 'processor': 'AMD64 Family 23 Model 113 Stepping 0, AuthenticAMD', 'cpu_count': 12, 'memory_gb': 31.94003677368164, 'python_version': '3.12.0', 'opencv_version': '4.11.0'}
2025-05-11 19:40:05,402 - app.core.image_processor - WARNING - CUDA test matrix creation failed: OpenCV(4.11.0) D:\a\opencv-python\opencv-python\opencv\modules\core\include\opencv2/core/private.cuda.hpp:106: error: (-216:No CUDA support) The library is compiled without CUDA support in function 'throw_no_cuda'

2025-05-11 19:40:05,402 - app.core.image_processor - WARNING - Alternative CUDA test failed: OpenCV(4.11.0) :-1: error: (-5:Bad argument) in function 'createGpuMatFromCudaMemory'
> Overload resolution failed:
>  - createGpuMatFromCudaMemory() missing required argument 'type' (pos 3)
>  - createGpuMatFromCudaMemory() missing required argument 'cudaMemoryAddress' (pos 3)

2025-05-11 19:40:05,501 - app.core.image_processor - INFO - NVIDIA GPU detected: nvidia quadro p600
2025-05-11 19:40:05,501 - app.core.image_processor - INFO - CUDA initialization failed. Setting GPU as available but with warning.
2025-05-11 19:40:05,501 - app.core.image_processor - INFO - To fix CUDA issues, try:
2025-05-11 19:40:05,501 - app.core.image_processor - INFO - 1. Install the latest NVIDIA drivers
2025-05-11 19:40:05,501 - app.core.image_processor - INFO - 2. Install CUDA toolkit compatible with your GPU
2025-05-11 19:40:05,501 - app.core.image_processor - INFO - 3. Use 'Force enable GPU' option in settings
2025-05-11 19:40:05,501 - app.core.image_processor - INFO - GPU acceleration available. Enabled: False
2025-05-11 19:40:05,501 - app.core.image_processor - INFO - Image processor initialized
2025-05-11 19:40:05,503 - app.utils.file_manager - INFO - Recent files loaded from file
2025-05-11 19:40:05,503 - app.utils.file_manager - INFO - File manager initialized
2025-05-11 19:40:05,528 - app.ui.image_panel - INFO - Image panel initialized
2025-05-11 19:40:05,546 - app.ui.measurement_panel - INFO - Measurement panel initialized
2025-05-11 19:40:05,551 - app.ui.image_settings_panel - INFO - Image settings panel initialized
2025-05-11 19:40:05,551 - app.ui.main_window - INFO - Main window initialized
2025-05-11 19:40:05,551 - app.rc_analyzer - INFO - RCAnalyzer initialization complete
2025-05-11 19:40:09,280 - app.core.image_processor - INFO - Loading image: C:/Users/Pablo/Desktop/RC1_2_3.tiff, size: 2550x3510
2025-05-11 19:40:09,280 - app.core.image_processor - INFO - Loaded image: C:/Users/Pablo/Desktop/RC1_2_3.tiff
2025-05-11 19:40:09,280 - app.utils.file_manager - INFO - Recent files saved to file
2025-05-11 19:40:09,280 - app.utils.file_manager - INFO - Added file to recent files: C:/Users/Pablo/Desktop/RC1_2_3.tiff
2025-05-11 19:40:09,280 - app.ui.main_window - INFO - Loaded image: C:/Users/Pablo/Desktop/RC1_2_3.tiff
2025-05-11 19:40:11,011 - app.core.image_processor - INFO - Binning set to 2x2
2025-05-11 19:40:11,011 - app.core.image_processor - INFO - Starting binning operation: 2x2 on image 2550x3510
2025-05-11 19:40:12,270 - app.core.image_processor - INFO - Binning complete: 2x2 on 2550x3510 image
2025-05-11 19:40:15,247 - app.core.image_processor - INFO - Binning set to 4x4
2025-05-11 19:40:15,247 - app.core.image_processor - INFO - Starting binning operation: 4x4 on image 2550x3510
2025-05-11 19:40:16,015 - app.core.image_processor - INFO - Binning complete: 4x4 on 2550x3510 image
2025-05-11 19:40:18,332 - app.core.image_processor - INFO - Binning set to 1x1
2025-05-11 19:40:18,336 - app.core.image_processor - INFO - Restored original image (1x1 binning)
2025-05-11 19:40:57,250 - app.core.image_processor - INFO - Binning set to 6x6
2025-05-11 19:40:57,250 - app.core.image_processor - INFO - Starting binning operation: 6x6 on image 2550x3510
2025-05-11 19:40:57,914 - app.core.image_processor - INFO - Binning complete: 6x6 on 2550x3510 image
2025-05-11 19:42:14,787 - app.core.image_processor - INFO - Binning set to 2x2
2025-05-11 19:42:14,788 - app.core.image_processor - INFO - Starting binning operation: 2x2 on image 2550x3510
2025-05-11 19:42:16,120 - app.core.image_processor - INFO - Binning complete: 2x2 on 2550x3510 image
2025-05-11 19:44:34,143 - app.rc_analyzer - INFO - Saving configuration before exit
2025-05-11 19:44:34,145 - app.utils.config_manager - INFO - Configuration saved to file
2025-05-11 19:44:34,151 - app.rc_analyzer - WARNING - Could not remove log file rc_analyzer.log: [WinError 32] El proceso no tiene acceso al archivo porque est� siendo utilizado por otro proceso: 'rc_analyzer.log'
2025-05-11 19:44:34,165 - app.rc_analyzer - INFO - Cleaned up local temp directory: C:\Users\Pablo\Desktop\analizadorrc\temp
2025-05-11 19:44:34,165 - app.rc_analyzer - INFO - Cleaned up log and temporary files
2025-05-11 19:44:34,498 - __main__ - INFO - Application closed normally
2025-05-11 19:44:39,771 - __main__ - INFO - Starting Radiochromic Film Analyzer
2025-05-11 19:44:39,834 - app.rc_analyzer - INFO - Initializing RCAnalyzer application
2025-05-11 19:44:39,834 - app.rc_analyzer - WARNING - Could not remove log file rc_analyzer.log: [WinError 32] El proceso no tiene acceso al archivo porque est� siendo utilizado por otro proceso: 'rc_analyzer.log'
2025-05-11 19:44:39,846 - app.rc_analyzer - INFO - Cleaned up local temp directory: C:\Users\Pablo\Desktop\analizadorrc\temp
2025-05-11 19:44:39,846 - app.rc_analyzer - INFO - Cleaned up log and temporary files
2025-05-11 19:44:39,846 - app.utils.config_manager - INFO - Configuration manager initialized
2025-05-11 19:44:39,846 - app.utils.config_manager - INFO - Configuration loaded from file
2025-05-11 19:44:39,946 - app.core.image_processor - INFO - System info: {'platform': 'Windows', 'processor': 'AMD64 Family 23 Model 113 Stepping 0, AuthenticAMD', 'cpu_count': 12, 'memory_gb': 31.94003677368164, 'python_version': '3.12.0', 'opencv_version': '4.11.0'}
2025-05-11 19:44:39,946 - app.core.image_processor - WARNING - CUDA test matrix creation failed: OpenCV(4.11.0) D:\a\opencv-python\opencv-python\opencv\modules\core\include\opencv2/core/private.cuda.hpp:106: error: (-216:No CUDA support) The library is compiled without CUDA support in function 'throw_no_cuda'

2025-05-11 19:44:39,946 - app.core.image_processor - WARNING - Alternative CUDA test failed: OpenCV(4.11.0) :-1: error: (-5:Bad argument) in function 'createGpuMatFromCudaMemory'
> Overload resolution failed:
>  - createGpuMatFromCudaMemory() missing required argument 'type' (pos 3)
>  - createGpuMatFromCudaMemory() missing required argument 'cudaMemoryAddress' (pos 3)

2025-05-11 19:44:40,102 - app.core.image_processor - INFO - NVIDIA GPU detected: nvidia quadro p600
2025-05-11 19:44:40,102 - app.core.image_processor - INFO - CUDA initialization failed. Setting GPU as available but with warning.
2025-05-11 19:44:40,102 - app.core.image_processor - INFO - To fix CUDA issues, try:
2025-05-11 19:44:40,102 - app.core.image_processor - INFO - 1. Install the latest NVIDIA drivers
2025-05-11 19:44:40,102 - app.core.image_processor - INFO - 2. Install CUDA toolkit compatible with your GPU
2025-05-11 19:44:40,102 - app.core.image_processor - INFO - 3. Use 'Force enable GPU' option in settings
2025-05-11 19:44:40,102 - app.core.image_processor - INFO - GPU acceleration available. Enabled: False
2025-05-11 19:44:40,102 - app.core.image_processor - INFO - Image processor initialized
2025-05-11 19:44:40,102 - app.utils.file_manager - INFO - Recent files loaded from file
2025-05-11 19:44:40,102 - app.utils.file_manager - INFO - File manager initialized
2025-05-11 19:44:40,149 - app.ui.image_panel - INFO - Image panel initialized
2025-05-11 19:44:40,173 - app.ui.measurement_panel - INFO - Measurement panel initialized
2025-05-11 19:44:40,181 - app.ui.image_settings_panel - INFO - Image settings panel initialized
2025-05-11 19:44:40,181 - app.ui.main_window - INFO - Main window initialized
2025-05-11 19:44:40,181 - app.rc_analyzer - INFO - RCAnalyzer initialization complete
2025-05-11 19:44:43,191 - app.core.image_processor - INFO - Loading image: C:/Users/Pablo/Desktop/RC1_2_3.tiff, size: 2550x3510
2025-05-11 19:44:43,197 - app.core.image_processor - INFO - Loaded image: C:/Users/Pablo/Desktop/RC1_2_3.tiff
2025-05-11 19:44:43,201 - app.utils.file_manager - INFO - Recent files saved to file
2025-05-11 19:44:43,201 - app.utils.file_manager - INFO - Added file to recent files: C:/Users/Pablo/Desktop/RC1_2_3.tiff
2025-05-11 19:44:43,201 - app.ui.main_window - INFO - Loaded image: C:/Users/Pablo/Desktop/RC1_2_3.tiff
2025-05-11 19:45:03,748 - app.core.image_processor - INFO - Binning set to 2x2
2025-05-11 19:45:03,748 - app.core.image_processor - INFO - Starting binning operation: 2x2 on image 2550x3510
2025-05-11 19:45:05,035 - app.core.image_processor - INFO - Binning complete: 2x2 on 2550x3510 image
2025-05-11 19:45:07,402 - app.core.image_processor - INFO - Binning set to 1x1
2025-05-11 19:45:07,410 - app.core.image_processor - INFO - Restored original image (1x1 binning)
2025-05-11 19:45:59,118 - app.rc_analyzer - INFO - Saving configuration before exit
2025-05-11 19:45:59,118 - app.utils.config_manager - INFO - Configuration saved to file
2025-05-11 19:45:59,124 - app.rc_analyzer - WARNING - Could not remove log file rc_analyzer.log: [WinError 32] El proceso no tiene acceso al archivo porque est� siendo utilizado por otro proceso: 'rc_analyzer.log'
2025-05-11 19:45:59,126 - app.rc_analyzer - INFO - Cleaned up local temp directory: C:\Users\Pablo\Desktop\analizadorrc\temp
2025-05-11 19:45:59,126 - app.rc_analyzer - INFO - Cleaned up log and temporary files
2025-05-11 19:45:59,197 - __main__ - INFO - Application closed normally
2025-05-11 19:47:18,790 - __main__ - INFO - Starting Radiochromic Film Analyzer
2025-05-11 19:47:18,838 - app.rc_analyzer - INFO - Initializing RCAnalyzer application
2025-05-11 19:47:18,839 - app.rc_analyzer - WARNING - Could not remove log file rc_analyzer.log: [WinError 32] El proceso no tiene acceso al archivo porque est� siendo utilizado por otro proceso: 'rc_analyzer.log'
2025-05-11 19:47:18,843 - app.rc_analyzer - INFO - Cleaned up local temp directory: C:\Users\Pablo\Desktop\analizadorrc\temp
2025-05-11 19:47:18,843 - app.rc_analyzer - INFO - Cleaned up log and temporary files
2025-05-11 19:47:18,843 - app.utils.config_manager - INFO - Configuration manager initialized
2025-05-11 19:47:18,844 - app.utils.config_manager - INFO - Configuration loaded from file
2025-05-11 19:47:18,898 - app.core.image_processor - INFO - System info: {'platform': 'Windows', 'processor': 'AMD64 Family 23 Model 113 Stepping 0, AuthenticAMD', 'cpu_count': 12, 'memory_gb': 31.94003677368164, 'python_version': '3.12.0', 'opencv_version': '4.11.0'}
2025-05-11 19:47:18,898 - app.core.image_processor - WARNING - CUDA test matrix creation failed: OpenCV(4.11.0) D:\a\opencv-python\opencv-python\opencv\modules\core\include\opencv2/core/private.cuda.hpp:106: error: (-216:No CUDA support) The library is compiled without CUDA support in function 'throw_no_cuda'

2025-05-11 19:47:18,898 - app.core.image_processor - WARNING - Alternative CUDA test failed: OpenCV(4.11.0) :-1: error: (-5:Bad argument) in function 'createGpuMatFromCudaMemory'
> Overload resolution failed:
>  - createGpuMatFromCudaMemory() missing required argument 'type' (pos 3)
>  - createGpuMatFromCudaMemory() missing required argument 'cudaMemoryAddress' (pos 3)

2025-05-11 19:47:18,992 - app.core.image_processor - INFO - NVIDIA GPU detected: nvidia quadro p600
2025-05-11 19:47:18,992 - app.core.image_processor - INFO - CUDA initialization failed. Setting GPU as available but with warning.
2025-05-11 19:47:18,992 - app.core.image_processor - INFO - To fix CUDA issues, try:
2025-05-11 19:47:18,992 - app.core.image_processor - INFO - 1. Install the latest NVIDIA drivers
2025-05-11 19:47:18,992 - app.core.image_processor - INFO - 2. Install CUDA toolkit compatible with your GPU
2025-05-11 19:47:18,993 - app.core.image_processor - INFO - 3. Use 'Force enable GPU' option in settings
2025-05-11 19:47:18,993 - app.core.image_processor - INFO - GPU acceleration available. Enabled: False
2025-05-11 19:47:18,993 - app.core.image_processor - INFO - Image processor initialized
2025-05-11 19:47:18,994 - app.utils.file_manager - INFO - Recent files loaded from file
2025-05-11 19:47:18,994 - app.utils.file_manager - INFO - File manager initialized
2025-05-11 19:47:19,019 - app.ui.image_panel - INFO - Image panel initialized
2025-05-11 19:47:19,033 - app.ui.measurement_panel - INFO - Measurement panel initialized
2025-05-11 19:47:19,043 - app.ui.image_settings_panel - INFO - Image settings panel initialized
2025-05-11 19:47:19,045 - app.ui.main_window - INFO - Main window initialized
2025-05-11 19:47:19,045 - app.rc_analyzer - INFO - RCAnalyzer initialization complete
2025-05-11 19:47:21,741 - app.core.image_processor - INFO - Loading image: C:/Users/Pablo/Desktop/RC1_2_3.tiff, size: 2550x3510
2025-05-11 19:47:21,749 - app.core.image_processor - INFO - Loaded image: C:/Users/Pablo/Desktop/RC1_2_3.tiff
2025-05-11 19:47:21,752 - app.utils.file_manager - INFO - Recent files saved to file
2025-05-11 19:47:21,752 - app.utils.file_manager - INFO - Added file to recent files: C:/Users/Pablo/Desktop/RC1_2_3.tiff
2025-05-11 19:47:21,753 - app.ui.main_window - INFO - Loaded image: C:/Users/Pablo/Desktop/RC1_2_3.tiff
2025-05-11 19:47:26,874 - app.core.image_processor - INFO - Binning set to 2x2
2025-05-11 19:47:26,874 - app.core.image_processor - INFO - Starting binning operation: 2x2 on image 2550x3510
2025-05-11 19:47:28,739 - app.core.image_processor - INFO - Binning complete: 2x2 on 2550x3510 image
2025-05-12 01:17:45,605 - app.core.image_processor - INFO - Binning set to 6x6
2025-05-12 01:17:45,605 - app.core.image_processor - INFO - Starting binning operation: 6x6 on image 2550x3510
2025-05-12 01:17:46,519 - app.core.image_processor - INFO - Binning complete: 6x6 on 2550x3510 image
2025-05-12 01:17:54,519 - app.core.image_processor - INFO - Binning set to 1x1
2025-05-12 01:17:54,523 - app.core.image_processor - INFO - Restored original image (1x1 binning)
2025-05-12 01:18:13,656 - app.rc_analyzer - INFO - Saving configuration before exit
2025-05-12 01:18:13,656 - app.utils.config_manager - INFO - Configuration saved to file
2025-05-12 01:18:13,656 - app.rc_analyzer - WARNING - Could not remove log file rc_analyzer.log: [WinError 32] El proceso no tiene acceso al archivo porque est� siendo utilizado por otro proceso: 'rc_analyzer.log'
2025-05-12 01:18:13,661 - app.rc_analyzer - INFO - Cleaned up local temp directory: C:\Users\Pablo\Desktop\analizadorrc\temp
2025-05-12 01:18:13,661 - app.rc_analyzer - INFO - Cleaned up log and temporary files
2025-05-12 01:18:13,732 - __main__ - INFO - Application closed normally
2025-05-12 01:41:56,641 - __main__ - INFO - Starting Radiochromic Film Analyzer
2025-05-12 01:41:57,301 - app.rc_analyzer - INFO - Initializing RCAnalyzer application
2025-05-12 01:41:57,302 - app.rc_analyzer - WARNING - Could not remove log file rc_analyzer.log: [WinError 32] El proceso no tiene acceso al archivo porque est� siendo utilizado por otro proceso: 'rc_analyzer.log'
2025-05-12 01:41:57,302 - app.rc_analyzer - INFO - Cleaned up local temp directory: C:\Users\Pablo\Desktop\analizadorrc\temp
2025-05-12 01:41:57,302 - app.rc_analyzer - INFO - Cleaned up log and temporary files
2025-05-12 01:41:57,302 - app.utils.config_manager - INFO - Configuration manager initialized
2025-05-12 01:41:57,313 - app.utils.config_manager - INFO - Configuration loaded from file
2025-05-12 01:41:57,452 - app.core.image_processor - INFO - System info: {'platform': 'Windows', 'processor': 'AMD64 Family 23 Model 113 Stepping 0, AuthenticAMD', 'cpu_count': 12, 'memory_gb': 31.94003677368164, 'python_version': '3.12.0', 'opencv_version': '4.11.0'}
2025-05-12 01:41:57,452 - app.core.image_processor - WARNING - CUDA test matrix creation failed: OpenCV(4.11.0) D:\a\opencv-python\opencv-python\opencv\modules\core\include\opencv2/core/private.cuda.hpp:106: error: (-216:No CUDA support) The library is compiled without CUDA support in function 'throw_no_cuda'

2025-05-12 01:41:57,454 - app.core.image_processor - WARNING - Alternative CUDA test failed: OpenCV(4.11.0) :-1: error: (-5:Bad argument) in function 'createGpuMatFromCudaMemory'
> Overload resolution failed:
>  - createGpuMatFromCudaMemory() missing required argument 'type' (pos 3)
>  - createGpuMatFromCudaMemory() missing required argument 'cudaMemoryAddress' (pos 3)

2025-05-12 01:41:57,635 - app.core.image_processor - INFO - NVIDIA GPU detected: nvidia quadro p600
2025-05-12 01:41:57,635 - app.core.image_processor - INFO - CUDA initialization failed. Setting GPU as available but with warning.
2025-05-12 01:41:57,635 - app.core.image_processor - INFO - To fix CUDA issues, try:
2025-05-12 01:41:57,635 - app.core.image_processor - INFO - 1. Install the latest NVIDIA drivers
2025-05-12 01:41:57,635 - app.core.image_processor - INFO - 2. Install CUDA toolkit compatible with your GPU
2025-05-12 01:41:57,635 - app.core.image_processor - INFO - 3. Use 'Force enable GPU' option in settings
2025-05-12 01:41:57,635 - app.core.image_processor - INFO - GPU acceleration available. Enabled: False
2025-05-12 01:41:57,635 - app.core.image_processor - INFO - Image processor initialized
2025-05-12 01:41:57,640 - app.utils.file_manager - INFO - Recent files loaded from file
2025-05-12 01:41:57,640 - app.utils.file_manager - INFO - File manager initialized
2025-05-12 01:41:57,701 - app.ui.image_panel - INFO - Image panel initialized
2025-05-12 01:41:57,701 - __main__ - ERROR - Unhandled exception: MeasurementPanel.__init__() takes 2 positional arguments but 3 were given
Traceback (most recent call last):
  File "C:\Users\Pablo\Desktop\analizadorrc\main.py", line 29, in main
    app = RCAnalyzer()
          ^^^^^^^^^^^^
  File "C:\Users\Pablo\Desktop\analizadorrc\app\rc_analyzer.py", line 41, in __init__
    self.main_window = MainWindow(self, self.app_config)
                       ^^^^^^^^^^^^^^^^^^^^^^^^^^^^^^^^^
  File "C:\Users\Pablo\Desktop\analizadorrc\app\ui\main_window.py", line 43, in __init__
    self._create_main_layout()
  File "C:\Users\Pablo\Desktop\analizadorrc\app\ui\main_window.py", line 112, in _create_main_layout
    self.measurement_panel = MeasurementPanel(self.notebook, self.image_processor)
                             ^^^^^^^^^^^^^^^^^^^^^^^^^^^^^^^^^^^^^^^^^^^^^^^^^^^^^
TypeError: MeasurementPanel.__init__() takes 2 positional arguments but 3 were given
2025-05-12 01:44:21,918 - __main__ - INFO - Starting Radiochromic Film Analyzer
2025-05-12 01:44:21,966 - app.rc_analyzer - INFO - Initializing RCAnalyzer application
2025-05-12 01:44:21,966 - app.rc_analyzer - WARNING - Could not remove log file rc_analyzer.log: [WinError 32] El proceso no tiene acceso al archivo porque est� siendo utilizado por otro proceso: 'rc_analyzer.log'
2025-05-12 01:44:21,966 - app.rc_analyzer - INFO - Cleaned up local temp directory: C:\Users\Pablo\Desktop\analizadorrc\temp
2025-05-12 01:44:21,966 - app.rc_analyzer - INFO - Cleaned up log and temporary files
2025-05-12 01:44:21,966 - app.utils.config_manager - INFO - Configuration manager initialized
2025-05-12 01:44:21,966 - app.utils.config_manager - INFO - Configuration loaded from file
2025-05-12 01:44:22,082 - app.core.image_processor - INFO - System info: {'platform': 'Windows', 'processor': 'AMD64 Family 23 Model 113 Stepping 0, AuthenticAMD', 'cpu_count': 12, 'memory_gb': 31.94003677368164, 'python_version': '3.12.0', 'opencv_version': '4.11.0'}
2025-05-12 01:44:22,083 - app.core.image_processor - WARNING - CUDA test matrix creation failed: OpenCV(4.11.0) D:\a\opencv-python\opencv-python\opencv\modules\core\include\opencv2/core/private.cuda.hpp:106: error: (-216:No CUDA support) The library is compiled without CUDA support in function 'throw_no_cuda'

2025-05-12 01:44:22,083 - app.core.image_processor - WARNING - Alternative CUDA test failed: OpenCV(4.11.0) :-1: error: (-5:Bad argument) in function 'createGpuMatFromCudaMemory'
> Overload resolution failed:
>  - createGpuMatFromCudaMemory() missing required argument 'type' (pos 3)
>  - createGpuMatFromCudaMemory() missing required argument 'cudaMemoryAddress' (pos 3)

2025-05-12 01:44:22,176 - app.core.image_processor - INFO - NVIDIA GPU detected: nvidia quadro p600
2025-05-12 01:44:22,176 - app.core.image_processor - INFO - CUDA initialization failed. Setting GPU as available but with warning.
2025-05-12 01:44:22,176 - app.core.image_processor - INFO - To fix CUDA issues, try:
2025-05-12 01:44:22,176 - app.core.image_processor - INFO - 1. Install the latest NVIDIA drivers
2025-05-12 01:44:22,176 - app.core.image_processor - INFO - 2. Install CUDA toolkit compatible with your GPU
2025-05-12 01:44:22,176 - app.core.image_processor - INFO - 3. Use 'Force enable GPU' option in settings
2025-05-12 01:44:22,176 - app.core.image_processor - INFO - GPU acceleration available. Enabled: False
2025-05-12 01:44:22,176 - app.core.image_processor - INFO - Image processor initialized
2025-05-12 01:44:22,176 - app.utils.file_manager - INFO - Recent files loaded from file
2025-05-12 01:44:22,176 - app.utils.file_manager - INFO - File manager initialized
2025-05-12 01:44:22,200 - app.ui.image_panel - INFO - Image panel initialized
2025-05-12 01:44:22,200 - __main__ - ERROR - Unhandled exception: MeasurementPanel.__init__() takes 2 positional arguments but 3 were given
Traceback (most recent call last):
  File "C:\Users\Pablo\Desktop\analizadorrc\main.py", line 29, in main
    app = RCAnalyzer()
          ^^^^^^^^^^^^
  File "C:\Users\Pablo\Desktop\analizadorrc\app\rc_analyzer.py", line 41, in __init__
    self.main_window = MainWindow(self, self.app_config)
                       ^^^^^^^^^^^^^^^^^^^^^^^^^^^^^^^^^
  File "C:\Users\Pablo\Desktop\analizadorrc\app\ui\main_window.py", line 43, in __init__
    self._create_main_layout()
  File "C:\Users\Pablo\Desktop\analizadorrc\app\ui\main_window.py", line 112, in _create_main_layout
    self.measurement_panel = MeasurementPanel(self.notebook, self.image_processor)
                             ^^^^^^^^^^^^^^^^^^^^^^^^^^^^^^^^^^^^^^^^^^^^^^^^^^^^^
TypeError: MeasurementPanel.__init__() takes 2 positional arguments but 3 were given
2025-05-12 01:44:24,652 - __main__ - INFO - Starting Radiochromic Film Analyzer
2025-05-12 01:44:24,700 - app.rc_analyzer - INFO - Initializing RCAnalyzer application
2025-05-12 01:44:24,701 - app.rc_analyzer - WARNING - Could not remove log file rc_analyzer.log: [WinError 32] El proceso no tiene acceso al archivo porque est� siendo utilizado por otro proceso: 'rc_analyzer.log'
2025-05-12 01:44:24,702 - app.rc_analyzer - INFO - Cleaned up local temp directory: C:\Users\Pablo\Desktop\analizadorrc\temp
2025-05-12 01:44:24,702 - app.rc_analyzer - INFO - Cleaned up log and temporary files
2025-05-12 01:44:24,702 - app.utils.config_manager - INFO - Configuration manager initialized
2025-05-12 01:44:24,702 - app.utils.config_manager - INFO - Configuration loaded from file
2025-05-12 01:44:24,767 - app.core.image_processor - INFO - System info: {'platform': 'Windows', 'processor': 'AMD64 Family 23 Model 113 Stepping 0, AuthenticAMD', 'cpu_count': 12, 'memory_gb': 31.94003677368164, 'python_version': '3.12.0', 'opencv_version': '4.11.0'}
2025-05-12 01:44:24,768 - app.core.image_processor - WARNING - CUDA test matrix creation failed: OpenCV(4.11.0) D:\a\opencv-python\opencv-python\opencv\modules\core\include\opencv2/core/private.cuda.hpp:106: error: (-216:No CUDA support) The library is compiled without CUDA support in function 'throw_no_cuda'

2025-05-12 01:44:24,768 - app.core.image_processor - WARNING - Alternative CUDA test failed: OpenCV(4.11.0) :-1: error: (-5:Bad argument) in function 'createGpuMatFromCudaMemory'
> Overload resolution failed:
>  - createGpuMatFromCudaMemory() missing required argument 'type' (pos 3)
>  - createGpuMatFromCudaMemory() missing required argument 'cudaMemoryAddress' (pos 3)

2025-05-12 01:44:24,852 - app.core.image_processor - INFO - NVIDIA GPU detected: nvidia quadro p600
2025-05-12 01:44:24,852 - app.core.image_processor - INFO - CUDA initialization failed. Setting GPU as available but with warning.
2025-05-12 01:44:24,852 - app.core.image_processor - INFO - To fix CUDA issues, try:
2025-05-12 01:44:24,852 - app.core.image_processor - INFO - 1. Install the latest NVIDIA drivers
2025-05-12 01:44:24,852 - app.core.image_processor - INFO - 2. Install CUDA toolkit compatible with your GPU
2025-05-12 01:44:24,852 - app.core.image_processor - INFO - 3. Use 'Force enable GPU' option in settings
2025-05-12 01:44:24,852 - app.core.image_processor - INFO - GPU acceleration available. Enabled: False
2025-05-12 01:44:24,852 - app.core.image_processor - INFO - Image processor initialized
2025-05-12 01:44:24,852 - app.utils.file_manager - INFO - Recent files loaded from file
2025-05-12 01:44:24,852 - app.utils.file_manager - INFO - File manager initialized
2025-05-12 01:44:24,868 - app.ui.image_panel - INFO - Image panel initialized
2025-05-12 01:44:25,052 - app.ui.measurement_panel - INFO - Measurement panel initialized
2025-05-12 01:44:25,069 - app.ui.image_settings_panel - INFO - Image settings panel initialized
2025-05-12 01:44:25,069 - app.ui.main_window - INFO - Main window initialized
2025-05-12 01:44:25,069 - app.rc_analyzer - INFO - RCAnalyzer initialization complete
2025-05-12 01:44:51,409 - app.core.image_processor - INFO - Loading image: C:/Users/Pablo/Desktop/RC1_2_3.tiff, size: 2550x3510
2025-05-12 01:44:51,409 - app.core.image_processor - ERROR - Error loading image: cannot access local variable 'new_width' where it is not associated with a value
Traceback (most recent call last):
  File "C:\Users\Pablo\Desktop\analizadorrc\app\core\image_processor.py", line 393, in load_image
    image = cv2.resize(image, (new_width, new_height), interpolation=cv2.INTER_AREA)
                               ^^^^^^^^^
UnboundLocalError: cannot access local variable 'new_width' where it is not associated with a value
2025-05-12 01:44:51,409 - app.ui.main_window - ERROR - Error loading image: cannot access local variable 'new_width' where it is not associated with a value
Traceback (most recent call last):
  File "C:\Users\Pablo\Desktop\analizadorrc\app\ui\main_window.py", line 157, in _load_image_thread
    self.image_processor.load_image(file_path)
  File "C:\Users\Pablo\Desktop\analizadorrc\app\core\image_processor.py", line 393, in load_image
    image = cv2.resize(image, (new_width, new_height), interpolation=cv2.INTER_AREA)
                               ^^^^^^^^^
UnboundLocalError: cannot access local variable 'new_width' where it is not associated with a value
2025-05-12 01:44:57,501 - app.core.image_processor - INFO - Loading image: C:/Users/Pablo/Desktop/RC1_2_3.tiff, size: 2550x3510
2025-05-12 01:44:57,501 - app.core.image_processor - ERROR - Error loading image: cannot access local variable 'new_width' where it is not associated with a value
Traceback (most recent call last):
  File "C:\Users\Pablo\Desktop\analizadorrc\app\core\image_processor.py", line 393, in load_image
    image = cv2.resize(image, (new_width, new_height), interpolation=cv2.INTER_AREA)
                               ^^^^^^^^^
UnboundLocalError: cannot access local variable 'new_width' where it is not associated with a value
2025-05-12 01:44:57,501 - app.ui.main_window - ERROR - Error loading image: cannot access local variable 'new_width' where it is not associated with a value
Traceback (most recent call last):
  File "C:\Users\Pablo\Desktop\analizadorrc\app\ui\main_window.py", line 157, in _load_image_thread
    self.image_processor.load_image(file_path)
  File "C:\Users\Pablo\Desktop\analizadorrc\app\core\image_processor.py", line 393, in load_image
    image = cv2.resize(image, (new_width, new_height), interpolation=cv2.INTER_AREA)
                               ^^^^^^^^^
UnboundLocalError: cannot access local variable 'new_width' where it is not associated with a value
2025-05-12 01:45:12,233 - app.rc_analyzer - INFO - Saving configuration before exit
2025-05-12 01:45:12,233 - app.utils.config_manager - INFO - Configuration saved to file
2025-05-12 01:45:12,233 - app.rc_analyzer - WARNING - Could not remove log file rc_analyzer.log: [WinError 32] El proceso no tiene acceso al archivo porque est� siendo utilizado por otro proceso: 'rc_analyzer.log'
2025-05-12 01:45:12,237 - app.rc_analyzer - INFO - Cleaned up local temp directory: C:\Users\Pablo\Desktop\analizadorrc\temp
2025-05-12 01:45:12,237 - app.rc_analyzer - INFO - Cleaned up log and temporary files
2025-05-12 01:56:28,011 - __main__ - INFO - Starting Radiochromic Film Analyzer
2025-05-12 01:56:28,061 - app.rc_analyzer - INFO - Initializing RCAnalyzer application
2025-05-12 01:56:28,061 - app.rc_analyzer - WARNING - Could not remove log file rc_analyzer.log: [WinError 32] El proceso no tiene acceso al archivo porque est� siendo utilizado por otro proceso: 'rc_analyzer.log'
2025-05-12 01:56:28,061 - app.rc_analyzer - INFO - Cleaned up local temp directory: C:\Users\Pablo\Desktop\analizadorrc\temp
2025-05-12 01:56:28,061 - app.rc_analyzer - INFO - Cleaned up log and temporary files
2025-05-12 01:56:28,061 - app.utils.config_manager - INFO - Configuration manager initialized
2025-05-12 01:56:28,061 - app.utils.config_manager - INFO - Configuration loaded from file
2025-05-12 01:56:28,161 - app.core.image_processor - INFO - System info: {'platform': 'Windows', 'processor': 'AMD64 Family 23 Model 113 Stepping 0, AuthenticAMD', 'cpu_count': 12, 'memory_gb': 31.94003677368164, 'python_version': '3.12.0', 'opencv_version': '4.11.0'}
2025-05-12 01:56:28,161 - app.core.image_processor - WARNING - CUDA test matrix creation failed: OpenCV(4.11.0) D:\a\opencv-python\opencv-python\opencv\modules\core\include\opencv2/core/private.cuda.hpp:106: error: (-216:No CUDA support) The library is compiled without CUDA support in function 'throw_no_cuda'

2025-05-12 01:56:28,161 - app.core.image_processor - WARNING - Alternative CUDA test failed: OpenCV(4.11.0) :-1: error: (-5:Bad argument) in function 'createGpuMatFromCudaMemory'
> Overload resolution failed:
>  - createGpuMatFromCudaMemory() missing required argument 'type' (pos 3)
>  - createGpuMatFromCudaMemory() missing required argument 'cudaMemoryAddress' (pos 3)

2025-05-12 01:56:28,245 - app.core.image_processor - INFO - NVIDIA GPU detected: nvidia quadro p600
2025-05-12 01:56:28,245 - app.core.image_processor - INFO - CUDA initialization failed. Setting GPU as available but with warning.
2025-05-12 01:56:28,245 - app.core.image_processor - INFO - To fix CUDA issues, try:
2025-05-12 01:56:28,245 - app.core.image_processor - INFO - 1. Install the latest NVIDIA drivers
2025-05-12 01:56:28,260 - app.core.image_processor - INFO - 2. Install CUDA toolkit compatible with your GPU
2025-05-12 01:56:28,260 - app.core.image_processor - INFO - 3. Use 'Force enable GPU' option in settings
2025-05-12 01:56:28,260 - app.core.image_processor - INFO - GPU acceleration available. Enabled: False
2025-05-12 01:56:28,260 - app.core.image_processor - INFO - Image processor initialized
2025-05-12 01:56:28,261 - app.utils.file_manager - INFO - Recent files loaded from file
2025-05-12 01:56:28,261 - app.utils.file_manager - INFO - File manager initialized
2025-05-12 01:56:28,278 - app.ui.image_panel - INFO - Image panel initialized
2025-05-12 01:56:28,295 - app.ui.measurement_panel - INFO - Measurement panel initialized
2025-05-12 01:56:28,295 - app.ui.image_settings_panel - INFO - Image settings panel initialized
2025-05-12 01:56:28,312 - app.ui.main_window - INFO - Main window initialized
2025-05-12 01:56:28,312 - app.rc_analyzer - INFO - RCAnalyzer initialization complete
2025-05-12 01:56:32,556 - app.core.image_processor - INFO - Loading image: C:/Users/Pablo/Desktop/RC1_2_3.tiff, size: 2550x3510
2025-05-12 01:56:32,558 - app.core.image_processor - INFO - Computing integral images for fast statistics
2025-05-12 01:56:32,681 - app.core.image_processor - INFO - Integral images computed successfully
2025-05-12 01:56:32,681 - app.core.image_processor - INFO - Loaded image: C:/Users/Pablo/Desktop/RC1_2_3.tiff
2025-05-12 01:56:32,698 - app.utils.file_manager - INFO - Recent files saved to file
2025-05-12 01:56:32,698 - app.utils.file_manager - INFO - Added file to recent files: C:/Users/Pablo/Desktop/RC1_2_3.tiff
2025-05-12 01:56:32,699 - app.ui.main_window - INFO - Loaded image: C:/Users/Pablo/Desktop/RC1_2_3.tiff
2025-05-12 01:57:18,219 - app.core.image_processor - INFO - Binning set to 2x2
2025-05-12 01:57:18,219 - app.core.image_processor - INFO - Starting binning operation: 2x2 on image 2550x3510
2025-05-12 01:57:19,986 - app.core.image_processor - INFO - Computing integral images for fast statistics
2025-05-12 01:57:20,035 - app.core.image_processor - INFO - Integral images computed successfully
2025-05-12 01:57:20,035 - app.core.image_processor - INFO - Binning complete: 2x2 on 2550x3510 image
2025-05-12 01:58:05,355 - app.core.image_processor - INFO - Binning set to 1x1
2025-05-12 01:58:05,376 - app.core.image_processor - INFO - Computing integral images for fast statistics
2025-05-12 01:58:05,506 - app.core.image_processor - INFO - Integral images computed successfully
2025-05-12 01:58:05,506 - app.core.image_processor - INFO - Restored original image (1x1 binning)
2025-05-12 01:59:17,386 - app.rc_analyzer - INFO - Saving configuration before exit
2025-05-12 01:59:17,386 - app.utils.config_manager - INFO - Configuration saved to file
2025-05-12 01:59:17,390 - app.rc_analyzer - WARNING - Could not remove log file rc_analyzer.log: [WinError 32] El proceso no tiene acceso al archivo porque est� siendo utilizado por otro proceso: 'rc_analyzer.log'
2025-05-12 01:59:17,390 - app.rc_analyzer - INFO - Cleaned up local temp directory: C:\Users\Pablo\Desktop\analizadorrc\temp
2025-05-12 01:59:17,390 - app.rc_analyzer - INFO - Cleaned up log and temporary files
2025-05-12 01:59:17,462 - __main__ - INFO - Application closed normally
2025-05-18 12:32:24,791 - __main__ - INFO - Starting Radiochromic Film Analyzer
2025-05-18 12:32:24,846 - app.rc_analyzer - INFO - Initializing RCAnalyzer application
2025-05-18 12:32:24,847 - app.rc_analyzer - WARNING - Could not remove log file rc_analyzer.log: [WinError 32] El proceso no tiene acceso al archivo porque est� siendo utilizado por otro proceso: 'rc_analyzer.log'
2025-05-18 12:32:24,857 - app.rc_analyzer - INFO - Cleaned up local temp directory: C:\Users\pablo\OneDrive - UAM\2 Proyectos\1 Otros\0 Software_propio_utilidades\RC\analizadorrc\temp
2025-05-18 12:32:24,857 - app.rc_analyzer - INFO - Cleaned up log and temporary files
2025-05-18 12:32:24,857 - app.utils.config_manager - INFO - Configuration manager initialized
2025-05-18 12:32:24,870 - app.utils.config_manager - INFO - Configuration loaded from file
2025-05-18 12:32:24,964 - app.core.image_processor - INFO - System info: {'platform': 'Windows', 'processor': 'Intel64 Family 6 Model 186 Stepping 3, GenuineIntel', 'cpu_count': 12, 'memory_gb': 31.625926971435547, 'python_version': '3.12.2', 'opencv_version': '4.10.0'}
2025-05-18 12:32:24,972 - app.core.image_processor - WARNING - CUDA test matrix creation failed: OpenCV(4.10.0) D:\a\opencv-python\opencv-python\opencv\modules\core\include\opencv2/core/private.cuda.hpp:106: error: (-216:No CUDA support) The library is compiled without CUDA support in function 'throw_no_cuda'

2025-05-18 12:32:24,973 - app.core.image_processor - WARNING - Alternative CUDA test failed: OpenCV(4.10.0) :-1: error: (-5:Bad argument) in function 'createGpuMatFromCudaMemory'
> Overload resolution failed:
>  - createGpuMatFromCudaMemory() missing required argument 'type' (pos 3)
>  - createGpuMatFromCudaMemory() missing required argument 'cudaMemoryAddress' (pos 3)

2025-05-18 12:32:25,136 - app.core.image_processor - INFO - No CUDA-capable GPU detected
2025-05-18 12:32:25,137 - app.core.image_processor - INFO - Image processor initialized
2025-05-18 12:32:25,144 - app.utils.file_manager - INFO - Recent files loaded from file
2025-05-18 12:32:25,144 - app.utils.file_manager - INFO - File manager initialized
2025-05-18 12:32:25,166 - app.ui.image_panel - INFO - Image panel initialized
2025-05-18 12:32:25,191 - app.ui.measurement_panel - INFO - Measurement panel initialized
2025-05-18 12:32:25,199 - app.ui.image_settings_panel - INFO - Image settings panel initialized
2025-05-18 12:32:25,200 - app.ui.main_window - INFO - Main window initialized
2025-05-18 12:32:25,201 - app.rc_analyzer - INFO - RCAnalyzer initialization complete
2025-05-18 12:32:33,464 - app.core.image_processor - INFO - Loading image: C:/Users/pablo/Downloads/scans_070525 1/scans_070525/RC15_16.tiff, size: 2550x3510
2025-05-18 12:32:33,470 - app.core.image_processor - INFO - Computing integral images for fast statistics
2025-05-18 12:32:33,630 - app.core.image_processor - INFO - Integral images computed successfully
2025-05-18 12:32:33,635 - app.core.image_processor - INFO - Loaded image: C:/Users/pablo/Downloads/scans_070525 1/scans_070525/RC15_16.tiff
2025-05-18 12:32:33,640 - app.utils.file_manager - INFO - Recent files saved to file
2025-05-18 12:32:33,641 - app.utils.file_manager - INFO - Added file to recent files: C:/Users/pablo/Downloads/scans_070525 1/scans_070525/RC15_16.tiff
2025-05-18 12:32:33,648 - app.ui.main_window - INFO - Loaded image: C:/Users/pablo/Downloads/scans_070525 1/scans_070525/RC15_16.tiff
2025-05-18 12:32:48,053 - app.core.image_processor - INFO - Binning set to 2x2
2025-05-18 12:32:48,054 - app.core.image_processor - INFO - Starting binning operation: 2x2 on image 2550x3510
2025-05-18 12:32:49,083 - app.core.image_processor - INFO - Computing integral images for fast statistics
2025-05-18 12:32:49,129 - app.core.image_processor - INFO - Integral images computed successfully
2025-05-18 12:32:49,130 - app.core.image_processor - INFO - Binning complete: 2x2 on 2550x3510 image
2025-05-18 12:33:03,007 - app.core.image_processor - INFO - Binning set to 1x1
2025-05-18 12:33:03,014 - app.core.image_processor - INFO - Computing integral images for fast statistics
2025-05-18 12:33:03,156 - app.core.image_processor - INFO - Integral images computed successfully
2025-05-18 12:33:03,157 - app.core.image_processor - INFO - Restored original image (1x1 binning)
2025-05-18 12:33:31,281 - app.core.image_processor - WARNING - CUDA test matrix creation failed: OpenCV(4.10.0) D:\a\opencv-python\opencv-python\opencv\modules\core\include\opencv2/core/private.cuda.hpp:106: error: (-216:No CUDA support) The library is compiled without CUDA support in function 'throw_no_cuda'

2025-05-18 12:33:31,281 - app.core.image_processor - WARNING - Alternative CUDA test failed: OpenCV(4.10.0) :-1: error: (-5:Bad argument) in function 'createGpuMatFromCudaMemory'
> Overload resolution failed:
>  - createGpuMatFromCudaMemory() missing required argument 'type' (pos 3)
>  - createGpuMatFromCudaMemory() missing required argument 'cudaMemoryAddress' (pos 3)

2025-05-18 12:33:31,405 - app.core.image_processor - INFO - No CUDA-capable GPU detected
2025-05-18 12:33:31,406 - app.core.image_processor - INFO - Settings updated
2025-05-18 12:33:31,414 - app.core.image_processor - INFO - Computing integral images for fast statistics
2025-05-18 12:33:31,575 - app.core.image_processor - INFO - Integral images computed successfully
2025-05-18 12:34:31,657 - app.rc_analyzer - INFO - Saving configuration before exit
2025-05-18 12:34:31,657 - app.utils.config_manager - INFO - Configuration saved to file
2025-05-18 12:34:31,671 - app.rc_analyzer - WARNING - Could not remove log file rc_analyzer.log: [WinError 32] El proceso no tiene acceso al archivo porque est� siendo utilizado por otro proceso: 'rc_analyzer.log'
2025-05-18 12:34:31,676 - app.rc_analyzer - INFO - Cleaned up local temp directory: C:\Users\pablo\OneDrive - UAM\2 Proyectos\1 Otros\0 Software_propio_utilidades\RC\analizadorrc\temp
2025-05-18 12:34:31,676 - app.rc_analyzer - INFO - Cleaned up log and temporary files
2025-05-18 12:34:31,745 - __main__ - INFO - Application closed normally
2025-05-18 12:43:52,673 - __main__ - INFO - Starting Radiochromic Film Analyzer
2025-05-18 12:43:53,601 - app.rc_analyzer - INFO - Initializing RCAnalyzer application
2025-05-18 12:43:53,603 - app.rc_analyzer - WARNING - Could not remove log file rc_analyzer.log: [WinError 32] El proceso no tiene acceso al archivo porque est� siendo utilizado por otro proceso: 'rc_analyzer.log'
2025-05-18 12:43:53,613 - app.rc_analyzer - INFO - Cleaned up local temp directory: C:\Users\pablo\OneDrive - UAM\2 Proyectos\1 Otros\0 Software_propio_utilidades\RC\analizadorrc\temp
2025-05-18 12:43:53,613 - app.rc_analyzer - INFO - Cleaned up log and temporary files
2025-05-18 12:43:53,614 - app.utils.config_manager - INFO - Configuration manager initialized
2025-05-18 12:43:53,633 - app.utils.config_manager - INFO - Configuration loaded from file
2025-05-18 12:43:53,765 - app.core.image_processor - INFO - System info: {'platform': 'Windows', 'processor': 'Intel64 Family 6 Model 186 Stepping 3, GenuineIntel', 'cpu_count': 12, 'memory_gb': 31.625926971435547, 'python_version': '3.12.2', 'opencv_version': '4.10.0'}
2025-05-18 12:43:53,766 - app.core.image_processor - WARNING - CUDA test matrix creation failed: OpenCV(4.10.0) D:\a\opencv-python\opencv-python\opencv\modules\core\include\opencv2/core/private.cuda.hpp:106: error: (-216:No CUDA support) The library is compiled without CUDA support in function 'throw_no_cuda'

2025-05-18 12:43:53,766 - app.core.image_processor - WARNING - Alternative CUDA test failed: OpenCV(4.10.0) :-1: error: (-5:Bad argument) in function 'createGpuMatFromCudaMemory'
> Overload resolution failed:
>  - createGpuMatFromCudaMemory() missing required argument 'type' (pos 3)
>  - createGpuMatFromCudaMemory() missing required argument 'cudaMemoryAddress' (pos 3)

2025-05-18 12:43:53,934 - app.core.image_processor - INFO - No CUDA-capable GPU detected
2025-05-18 12:43:53,935 - app.core.image_processor - INFO - Image processor initialized
2025-05-18 12:43:53,949 - app.utils.file_manager - INFO - Recent files loaded from file
2025-05-18 12:43:53,949 - app.utils.file_manager - INFO - File manager initialized
2025-05-18 12:43:54,025 - app.ui.image_panel - INFO - Image panel initialized
2025-05-18 12:43:54,038 - app.ui.measurement_panel - INFO - Measurement panel initialized
2025-05-18 12:43:54,043 - app.ui.image_settings_panel - INFO - Image settings panel initialized
2025-05-18 12:43:54,044 - app.ui.main_window - INFO - Main window initialized
2025-05-18 12:43:54,045 - app.rc_analyzer - INFO - RCAnalyzer initialization complete
2025-05-18 12:43:55,948 - app.rc_analyzer - INFO - Saving configuration before exit
2025-05-18 12:43:55,949 - app.utils.config_manager - INFO - Configuration saved to file
2025-05-18 12:43:55,950 - app.rc_analyzer - WARNING - Could not remove log file rc_analyzer.log: [WinError 32] El proceso no tiene acceso al archivo porque est� siendo utilizado por otro proceso: 'rc_analyzer.log'
2025-05-18 12:43:55,954 - app.rc_analyzer - INFO - Cleaned up local temp directory: C:\Users\pablo\OneDrive - UAM\2 Proyectos\1 Otros\0 Software_propio_utilidades\RC\analizadorrc\temp
2025-05-18 12:43:55,955 - app.rc_analyzer - INFO - Cleaned up log and temporary files
2025-05-18 12:43:56,062 - __main__ - INFO - Application closed normally
2025-05-19 00:07:26,373 - __main__ - INFO - Starting Radiochromic Film Analyzer
2025-05-19 00:07:26,650 - app.rc_analyzer - INFO - Initializing RCAnalyzer application
2025-05-19 00:07:26,654 - app.rc_analyzer - WARNING - Could not remove log file rc_analyzer.log: [WinError 32] El proceso no tiene acceso al archivo porque est siendo utilizado por otro proceso: 'rc_analyzer.log'
2025-05-19 00:07:26,659 - app.rc_analyzer - INFO - Cleaned up local temp directory: C:\Users\pablo\Desktop\Cdigos_activos\RC\analizadorrc\temp
2025-05-19 00:07:26,659 - app.rc_analyzer - INFO - Cleaned up log and temporary files
2025-05-19 00:07:26,659 - app.utils.config_manager - INFO - Configuration manager initialized
2025-05-19 00:07:26,659 - app.utils.config_manager - INFO - Configuration loaded from file
2025-05-19 00:07:26,701 - app.core.image_processor - INFO - System info: {'platform': 'Windows', 'processor': 'Intel64 Family 6 Model 186 Stepping 3, GenuineIntel', 'cpu_count': 12, 'memory_gb': 31.625926971435547, 'python_version': '3.12.2', 'opencv_version': '4.10.0'}
2025-05-19 00:07:26,701 - app.core.image_processor - WARNING - CUDA test matrix creation failed: OpenCV(4.10.0) D:\a\opencv-python\opencv-python\opencv\modules\core\include\opencv2/core/private.cuda.hpp:106: error: (-216:No CUDA support) The library is compiled without CUDA support in function 'throw_no_cuda'

2025-05-19 00:07:26,701 - app.core.image_processor - WARNING - Alternative CUDA test failed: OpenCV(4.10.0) :-1: error: (-5:Bad argument) in function 'createGpuMatFromCudaMemory'
> Overload resolution failed:
>  - createGpuMatFromCudaMemory() missing required argument 'type' (pos 3)
>  - createGpuMatFromCudaMemory() missing required argument 'cudaMemoryAddress' (pos 3)

2025-05-19 00:07:26,871 - app.core.image_processor - INFO - No CUDA-capable GPU detected
2025-05-19 00:07:26,871 - app.core.image_processor - INFO - Image processor initialized
2025-05-19 00:07:26,871 - app.utils.file_manager - INFO - File manager initialized
2025-05-19 00:07:26,918 - app.ui.image_panel - INFO - Image panel initialized
2025-05-19 00:07:26,933 - app.ui.measurement_panel - INFO - Measurement panel initialized
2025-05-19 00:07:26,939 - app.ui.image_settings_panel - INFO - Image settings panel initialized
2025-05-19 00:07:26,947 - app.ui.main_window - INFO - Main window initialized
2025-05-19 00:07:26,948 - app.rc_analyzer - INFO - RCAnalyzer initialization complete
2025-05-19 00:07:30,665 - app.ui.main_window - INFO - Loading image: C:/Users/pablo/Downloads/scans_070525 1/scans_070525/RC15_16.tiff (Size: 14.80 MB)
2025-05-19 00:07:30,838 - app.core.image_processor - INFO - Loading image: C:/Users/pablo/Downloads/scans_070525 1/scans_070525/RC15_16.tiff, size: 2550x3510
2025-05-19 00:07:30,846 - app.core.image_processor - INFO - Computing integral images for fast statistics
2025-05-19 00:07:31,037 - app.core.image_processor - INFO - Integral images computed successfully
2025-05-19 00:07:31,038 - app.core.image_processor - INFO - Loaded image: C:/Users/pablo/Downloads/scans_070525 1/scans_070525/RC15_16.tiff
2025-05-19 00:07:31,041 - app.ui.main_window - INFO - Loaded image: C:/Users/pablo/Downloads/scans_070525 1/scans_070525/RC15_16.tiff
2025-05-19 00:27:33,983 - app.core.image_processor - ERROR - Error measuring area: index 2908 is out of bounds for axis 1 with size 2550
Traceback (most recent call last):
  File "C:\Users\pablo\Desktop\Cdigos_activos\RC\analizadorrc\app\core\image_processor.py", line 1064, in measure_area
    masked_data[:, c] = np.array([self.current_image[y, x, c] for x, y in zip(sample_y, sample_x)])
                                  ~~~~~~~~~~~~~~~~~~^^^^^^^^^
IndexError: index 2908 is out of bounds for axis 1 with size 2550
2025-05-19 00:27:34,017 - app.core.image_processor - ERROR - Error measuring area: index 2945 is out of bounds for axis 1 with size 2550
Traceback (most recent call last):
  File "C:\Users\pablo\Desktop\Cdigos_activos\RC\analizadorrc\app\core\image_processor.py", line 1064, in measure_area
    masked_data[:, c] = np.array([self.current_image[y, x, c] for x, y in zip(sample_y, sample_x)])
                                  ~~~~~~~~~~~~~~~~~~^^^^^^^^^
IndexError: index 2945 is out of bounds for axis 1 with size 2550
2025-05-19 00:27:34,141 - app.core.image_processor - ERROR - Error measuring area: index 2890 is out of bounds for axis 1 with size 2550
Traceback (most recent call last):
  File "C:\Users\pablo\Desktop\Cdigos_activos\RC\analizadorrc\app\core\image_processor.py", line 1064, in measure_area
    masked_data[:, c] = np.array([self.current_image[y, x, c] for x, y in zip(sample_y, sample_x)])
                                  ~~~~~~~~~~~~~~~~~~^^^^^^^^^
IndexError: index 2890 is out of bounds for axis 1 with size 2550
2025-05-19 00:27:35,854 - app.core.image_processor - ERROR - Error measuring area: index 2754 is out of bounds for axis 1 with size 2550
Traceback (most recent call last):
  File "C:\Users\pablo\Desktop\Cdigos_activos\RC\analizadorrc\app\core\image_processor.py", line 1064, in measure_area
    masked_data[:, c] = np.array([self.current_image[y, x, c] for x, y in zip(sample_y, sample_x)])
                                  ~~~~~~~~~~~~~~~~~~^^^^^^^^^
IndexError: index 2754 is out of bounds for axis 1 with size 2550
2025-05-19 00:27:35,889 - app.core.image_processor - ERROR - Error measuring area: index 2785 is out of bounds for axis 1 with size 2550
Traceback (most recent call last):
  File "C:\Users\pablo\Desktop\Cdigos_activos\RC\analizadorrc\app\core\image_processor.py", line 1064, in measure_area
    masked_data[:, c] = np.array([self.current_image[y, x, c] for x, y in zip(sample_y, sample_x)])
                                  ~~~~~~~~~~~~~~~~~~^^^^^^^^^
IndexError: index 2785 is out of bounds for axis 1 with size 2550
2025-05-19 00:27:38,053 - app.core.image_processor - ERROR - Error measuring area: index 2563 is out of bounds for axis 1 with size 2550
Traceback (most recent call last):
  File "C:\Users\pablo\Desktop\Cdigos_activos\RC\analizadorrc\app\core\image_processor.py", line 1064, in measure_area
    masked_data[:, c] = np.array([self.current_image[y, x, c] for x, y in zip(sample_y, sample_x)])
                                  ~~~~~~~~~~~~~~~~~~^^^^^^^^^
IndexError: index 2563 is out of bounds for axis 1 with size 2550
2025-05-19 00:27:56,335 - app.core.image_processor - ERROR - Error measuring area: index 2813 is out of bounds for axis 1 with size 2550
Traceback (most recent call last):
  File "C:\Users\pablo\Desktop\Cdigos_activos\RC\analizadorrc\app\core\image_processor.py", line 1064, in measure_area
    masked_data[:, c] = np.array([self.current_image[y, x, c] for x, y in zip(sample_y, sample_x)])
                                  ~~~~~~~~~~~~~~~~~~^^^^^^^^^
IndexError: index 2813 is out of bounds for axis 1 with size 2550
2025-05-19 00:27:56,404 - app.core.image_processor - ERROR - Error measuring area: index 2822 is out of bounds for axis 1 with size 2550
Traceback (most recent call last):
  File "C:\Users\pablo\Desktop\Cdigos_activos\RC\analizadorrc\app\core\image_processor.py", line 1064, in measure_area
    masked_data[:, c] = np.array([self.current_image[y, x, c] for x, y in zip(sample_y, sample_x)])
                                  ~~~~~~~~~~~~~~~~~~^^^^^^^^^
IndexError: index 2822 is out of bounds for axis 1 with size 2550
2025-05-19 00:27:58,728 - app.core.image_processor - ERROR - Error measuring area: index 2618 is out of bounds for axis 1 with size 2550
Traceback (most recent call last):
  File "C:\Users\pablo\Desktop\Cdigos_activos\RC\analizadorrc\app\core\image_processor.py", line 1064, in measure_area
    masked_data[:, c] = np.array([self.current_image[y, x, c] for x, y in zip(sample_y, sample_x)])
                                  ~~~~~~~~~~~~~~~~~~^^^^^^^^^
IndexError: index 2618 is out of bounds for axis 1 with size 2550
2025-05-19 09:19:59,423 - app.core.image_processor - ERROR - Error measuring area: index 2789 is out of bounds for axis 1 with size 2550
Traceback (most recent call last):
  File "C:\Users\pablo\Desktop\Cdigos_activos\RC\analizadorrc\app\core\image_processor.py", line 1064, in measure_area
    masked_data[:, c] = np.array([self.current_image[y, x, c] for x, y in zip(sample_y, sample_x)])
                                  ~~~~~~~~~~~~~~~~~~^^^^^^^^^
IndexError: index 2789 is out of bounds for axis 1 with size 2550
2025-05-19 09:20:21,700 - app.rc_analyzer - INFO - Saving configuration before exit
2025-05-19 09:20:21,700 - app.utils.config_manager - INFO - Configuration saved to file
2025-05-19 09:20:21,703 - app.rc_analyzer - WARNING - Could not remove log file rc_analyzer.log: [WinError 32] El proceso no tiene acceso al archivo porque est siendo utilizado por otro proceso: 'rc_analyzer.log'
2025-05-19 09:20:21,715 - app.rc_analyzer - INFO - Cleaned up local temp directory: C:\Users\pablo\Desktop\Cdigos_activos\RC\analizadorrc\temp
2025-05-19 09:20:21,715 - app.rc_analyzer - INFO - Cleaned up log and temporary files
2025-05-19 09:20:21,762 - __main__ - INFO - Application closed normally
2025-05-19 09:20:58,644 - __main__ - INFO - Starting Radiochromic Film Analyzer
2025-05-19 09:20:58,698 - app.rc_analyzer - INFO - Initializing RCAnalyzer application
2025-05-19 09:20:58,699 - app.rc_analyzer - WARNING - Could not remove log file rc_analyzer.log: [WinError 32] El proceso no tiene acceso al archivo porque est siendo utilizado por otro proceso: 'rc_analyzer.log'
2025-05-19 09:20:58,701 - app.rc_analyzer - INFO - Cleaned up local temp directory: C:\Users\pablo\Desktop\Cdigos_activos\RC\analizadorrc\temp
2025-05-19 09:20:58,702 - app.rc_analyzer - INFO - Cleaned up log and temporary files
2025-05-19 09:20:58,702 - app.utils.config_manager - INFO - Configuration manager initialized
2025-05-19 09:20:58,703 - app.utils.config_manager - INFO - Configuration loaded from file
2025-05-19 09:20:58,726 - app.core.image_processor - INFO - System info: {'platform': 'Windows', 'processor': 'Intel64 Family 6 Model 186 Stepping 3, GenuineIntel', 'cpu_count': 12, 'memory_gb': 31.625926971435547, 'python_version': '3.12.2', 'opencv_version': '4.10.0'}
2025-05-19 09:20:58,726 - app.core.image_processor - WARNING - CUDA test matrix creation failed: OpenCV(4.10.0) D:\a\opencv-python\opencv-python\opencv\modules\core\include\opencv2/core/private.cuda.hpp:106: error: (-216:No CUDA support) The library is compiled without CUDA support in function 'throw_no_cuda'

2025-05-19 09:20:58,726 - app.core.image_processor - WARNING - Alternative CUDA test failed: OpenCV(4.10.0) :-1: error: (-5:Bad argument) in function 'createGpuMatFromCudaMemory'
> Overload resolution failed:
>  - createGpuMatFromCudaMemory() missing required argument 'type' (pos 3)
>  - createGpuMatFromCudaMemory() missing required argument 'cudaMemoryAddress' (pos 3)

2025-05-19 09:20:58,854 - app.core.image_processor - INFO - No CUDA-capable GPU detected
2025-05-19 09:20:58,856 - app.core.image_processor - INFO - Image processor initialized
2025-05-19 09:20:58,876 - app.utils.file_manager - INFO - File manager initialized
2025-05-19 09:20:58,916 - app.ui.image_panel - INFO - Image panel initialized
2025-05-19 09:20:58,952 - app.ui.measurement_panel - INFO - Measurement panel initialized
2025-05-19 09:20:58,962 - app.ui.image_settings_panel - INFO - Image settings panel initialized
2025-05-19 09:20:58,966 - app.ui.main_window - INFO - Main window initialized
2025-05-19 09:20:58,967 - app.rc_analyzer - INFO - RCAnalyzer initialization complete
2025-05-19 09:21:01,197 - app.rc_analyzer - INFO - Saving configuration before exit
2025-05-19 09:21:01,199 - app.utils.config_manager - INFO - Configuration saved to file
2025-05-19 09:21:01,201 - app.rc_analyzer - WARNING - Could not remove log file rc_analyzer.log: [WinError 32] El proceso no tiene acceso al archivo porque est siendo utilizado por otro proceso: 'rc_analyzer.log'
2025-05-19 09:21:01,207 - app.rc_analyzer - INFO - Cleaned up local temp directory: C:\Users\pablo\Desktop\Cdigos_activos\RC\analizadorrc\temp
2025-05-19 09:21:01,208 - app.rc_analyzer - INFO - Cleaned up log and temporary files
2025-05-19 09:21:01,281 - __main__ - INFO - Application closed normally
2025-05-19 09:29:13,171 - __main__ - INFO - Starting Radiochromic Film Analyzer
2025-05-19 09:29:13,943 - app.rc_analyzer - INFO - Initializing RCAnalyzer application
2025-05-19 09:29:13,945 - app.rc_analyzer - WARNING - Could not remove log file rc_analyzer.log: [WinError 32] El proceso no tiene acceso al archivo porque est siendo utilizado por otro proceso: 'rc_analyzer.log'
2025-05-19 09:29:13,950 - app.rc_analyzer - INFO - Cleaned up local temp directory: C:\Users\pablo\Desktop\Cdigos_activos\RC\analizadorrc\temp
2025-05-19 09:29:13,950 - app.rc_analyzer - INFO - Cleaned up log and temporary files
2025-05-19 09:29:13,950 - app.utils.config_manager - INFO - Configuration manager initialized
2025-05-19 09:29:13,951 - app.utils.config_manager - INFO - Configuration loaded from file
2025-05-19 09:29:13,982 - app.core.image_processor - INFO - System info: {'platform': 'Windows', 'processor': 'Intel64 Family 6 Model 186 Stepping 3, GenuineIntel', 'cpu_count': 12, 'memory_gb': 31.625926971435547, 'python_version': '3.12.2', 'opencv_version': '4.10.0'}
2025-05-19 09:29:13,982 - app.core.image_processor - WARNING - CUDA test matrix creation failed: OpenCV(4.10.0) D:\a\opencv-python\opencv-python\opencv\modules\core\include\opencv2/core/private.cuda.hpp:106: error: (-216:No CUDA support) The library is compiled without CUDA support in function 'throw_no_cuda'

2025-05-19 09:29:13,983 - app.core.image_processor - WARNING - Alternative CUDA test failed: OpenCV(4.10.0) :-1: error: (-5:Bad argument) in function 'createGpuMatFromCudaMemory'
> Overload resolution failed:
>  - createGpuMatFromCudaMemory() missing required argument 'type' (pos 3)
>  - createGpuMatFromCudaMemory() missing required argument 'cudaMemoryAddress' (pos 3)

2025-05-19 09:29:14,145 - app.core.image_processor - INFO - No CUDA-capable GPU detected
2025-05-19 09:29:14,145 - app.core.image_processor - INFO - Image processor initialized
2025-05-19 09:29:14,145 - app.utils.file_manager - INFO - File manager initialized
2025-05-19 09:29:14,197 - app.ui.image_panel - INFO - Image panel initialized
2025-05-19 09:29:14,212 - app.ui.measurement_panel - INFO - Measurement panel initialized
2025-05-19 09:29:14,221 - app.ui.image_settings_panel - INFO - Image settings panel initialized
2025-05-19 09:29:14,223 - app.ui.main_window - INFO - Main window initialized
2025-05-19 09:29:14,223 - app.rc_analyzer - INFO - RCAnalyzer initialization complete
2025-05-19 09:29:22,688 - app.ui.main_window - INFO - Loading image: C:\Users\pablo\Downloads\scans_070525 1\scans_070525\RC15_16.tiff (Size: 14.80 MB)
2025-05-19 09:29:22,842 - app.core.image_processor - INFO - Loading image: C:\Users\pablo\Downloads\scans_070525 1\scans_070525\RC15_16.tiff, size: 2550x3510
2025-05-19 09:29:22,849 - app.core.image_processor - INFO - Computing integral images for fast statistics
2025-05-19 09:29:22,988 - app.core.image_processor - INFO - Integral images computed successfully
2025-05-19 09:29:22,990 - app.core.image_processor - INFO - Loaded image: C:\Users\pablo\Downloads\scans_070525 1\scans_070525\RC15_16.tiff
2025-05-19 09:29:22,994 - app.ui.main_window - INFO - Loaded image: C:\Users\pablo\Downloads\scans_070525 1\scans_070525\RC15_16.tiff
2025-06-05 16:36:15,218 - __main__ - INFO - Starting Radiochromic Film Analyzer
2025-06-05 16:36:16,007 - app.rc_analyzer - INFO - Initializing RCAnalyzer application
2025-06-05 16:36:16,008 - app.rc_analyzer - WARNING - Could not remove log file rc_analyzer.log: [WinError 32] El proceso no tiene acceso al archivo porque est siendo utilizado por otro proceso: 'rc_analyzer.log'
2025-06-05 16:36:16,010 - app.rc_analyzer - INFO - Cleaned up local temp directory: C:\Users\pablo\Desktop\Cdigos_activos\RC\analizadorrc\temp
2025-06-05 16:36:16,012 - app.rc_analyzer - INFO - Cleaned up log and temporary files
2025-06-05 16:36:16,012 - app.utils.config_manager - INFO - Configuration manager initialized
2025-06-05 16:36:16,013 - app.utils.config_manager - INFO - Configuration loaded from file
2025-06-05 16:36:16,068 - app.core.image_processor - INFO - System info: {'platform': 'Windows', 'processor': 'Intel64 Family 6 Model 186 Stepping 3, GenuineIntel', 'cpu_count': 12, 'memory_gb': 31.625926971435547, 'python_version': '3.12.2', 'opencv_version': '4.10.0'}
2025-06-05 16:36:16,083 - app.core.image_processor - WARNING - CUDA test matrix creation failed: OpenCV(4.10.0) D:\a\opencv-python\opencv-python\opencv\modules\core\include\opencv2/core/private.cuda.hpp:106: error: (-216:No CUDA support) The library is compiled without CUDA support in function 'throw_no_cuda'

2025-06-05 16:36:16,085 - app.core.image_processor - WARNING - Alternative CUDA test failed: OpenCV(4.10.0) :-1: error: (-5:Bad argument) in function 'createGpuMatFromCudaMemory'
> Overload resolution failed:
>  - createGpuMatFromCudaMemory() missing required argument 'type' (pos 3)
>  - createGpuMatFromCudaMemory() missing required argument 'cudaMemoryAddress' (pos 3)

2025-06-05 16:36:16,291 - app.core.image_processor - INFO - No CUDA-capable GPU detected
2025-06-05 16:36:16,294 - app.core.image_processor - INFO - Image processor initialized
2025-06-05 16:36:16,295 - app.utils.file_manager - INFO - File manager initialized
2025-06-05 16:36:16,395 - app.ui.image_panel - INFO - Image panel initialized
2025-06-05 16:36:16,464 - app.ui.measurement_panel - INFO - Measurement panel initialized
2025-06-05 16:36:16,519 - app.ui.image_settings_panel - INFO - Image settings panel initialized
2025-06-05 16:36:16,527 - app.ui.main_window - INFO - Main window initialized
2025-06-05 16:36:16,527 - app.rc_analyzer - INFO - RCAnalyzer initialization complete
2025-06-05 16:36:20,016 - app.rc_analyzer - INFO - Saving configuration before exit
2025-06-05 16:36:20,017 - app.utils.config_manager - INFO - Configuration saved to file
2025-06-05 16:36:20,019 - app.rc_analyzer - WARNING - Could not remove log file rc_analyzer.log: [WinError 32] El proceso no tiene acceso al archivo porque est siendo utilizado por otro proceso: 'rc_analyzer.log'
2025-06-05 16:36:20,023 - app.rc_analyzer - INFO - Cleaned up local temp directory: C:\Users\pablo\Desktop\Cdigos_activos\RC\analizadorrc\temp
2025-06-05 16:36:20,023 - app.rc_analyzer - INFO - Cleaned up log and temporary files
2025-06-05 16:36:20,257 - __main__ - INFO - Application closed normally
2025-06-05 17:05:30,358 - __main__ - INFO - Starting Radiochromic Film Analyzer
2025-06-05 17:05:30,406 - app.rc_analyzer - INFO - Initializing RCAnalyzer application
2025-06-05 17:05:30,407 - app.rc_analyzer - WARNING - Could not remove log file rc_analyzer.log: [WinError 32] El proceso no tiene acceso al archivo porque est siendo utilizado por otro proceso: 'rc_analyzer.log'
2025-06-05 17:05:30,411 - app.rc_analyzer - INFO - Cleaned up local temp directory: C:\Users\Pablo\OneDrive - UAM\2 Proyectos\1 Otros\0 Software_propio_utilidades\RC\analizadorrc\temp
2025-06-05 17:05:30,411 - app.rc_analyzer - INFO - Cleaned up log and temporary files
2025-06-05 17:05:30,411 - app.utils.config_manager - INFO - Configuration manager initialized
2025-06-05 17:05:30,412 - app.utils.config_manager - INFO - Configuration loaded from file
2025-06-05 17:05:30,430 - app.core.image_processor - INFO - System info: {'platform': 'Windows', 'processor': 'AMD64 Family 23 Model 113 Stepping 0, AuthenticAMD', 'cpu_count': 12, 'memory_gb': 31.94003677368164, 'python_version': '3.12.0', 'opencv_version': '4.11.0'}
2025-06-05 17:05:30,430 - app.core.image_processor - WARNING - CUDA test matrix creation failed: OpenCV(4.11.0) D:\a\opencv-python\opencv-python\opencv\modules\core\include\opencv2/core/private.cuda.hpp:106: error: (-216:No CUDA support) The library is compiled without CUDA support in function 'throw_no_cuda'

2025-06-05 17:05:30,430 - app.core.image_processor - WARNING - Alternative CUDA test failed: OpenCV(4.11.0) :-1: error: (-5:Bad argument) in function 'createGpuMatFromCudaMemory'
> Overload resolution failed:
>  - createGpuMatFromCudaMemory() missing required argument 'type' (pos 3)
>  - createGpuMatFromCudaMemory() missing required argument 'cudaMemoryAddress' (pos 3)

2025-06-05 17:05:30,526 - app.core.image_processor - INFO - NVIDIA GPU detected: nvidia quadro p600
2025-06-05 17:05:30,526 - app.core.image_processor - INFO - CUDA initialization failed. Setting GPU as available but with warning.
2025-06-05 17:05:30,526 - app.core.image_processor - INFO - To fix CUDA issues, try:
2025-06-05 17:05:30,526 - app.core.image_processor - INFO - 1. Install the latest NVIDIA drivers
2025-06-05 17:05:30,526 - app.core.image_processor - INFO - 2. Install CUDA toolkit compatible with your GPU
2025-06-05 17:05:30,526 - app.core.image_processor - INFO - 3. Use 'Force enable GPU' option in settings
2025-06-05 17:05:30,526 - app.core.image_processor - INFO - GPU acceleration available. Enabled: False
2025-06-05 17:05:30,527 - app.core.image_processor - INFO - Image processor initialized
2025-06-05 17:05:30,527 - app.utils.file_manager - INFO - Removed 2 non-existent files from recent files list
2025-06-05 17:05:30,528 - app.utils.file_manager - INFO - File manager initialized
2025-06-05 17:05:30,555 - app.ui.image_panel - INFO - Image panel initialized
2025-06-05 17:05:30,576 - app.ui.measurement_panel - INFO - Measurement panel initialized
2025-06-05 17:05:30,584 - app.ui.image_settings_panel - INFO - Image settings panel initialized
2025-06-05 17:05:30,587 - app.ui.main_window - INFO - Main window initialized
2025-06-05 17:05:30,588 - app.rc_analyzer - INFO - RCAnalyzer initialization complete
2025-06-05 17:09:05,761 - app.ui.main_window - INFO - Loading image: C:/Users/Pablo/OneDrive - UAM/4 Protonterapia/1 Experimentos/1 Experimentos/2025_05_06_PT/scans_070525/RC1_2_3.tiff (Size: 14.94 MB)
2025-06-05 17:09:05,891 - app.core.image_processor - INFO - Loading image: C:/Users/Pablo/OneDrive - UAM/4 Protonterapia/1 Experimentos/1 Experimentos/2025_05_06_PT/scans_070525/RC1_2_3.tiff, size: 2550x3510
2025-06-05 17:09:05,898 - app.core.image_processor - INFO - Computing integral images for fast statistics
2025-06-05 17:09:06,030 - app.core.image_processor - INFO - Integral images computed successfully
2025-06-05 17:09:06,036 - app.core.image_processor - INFO - Loaded image: C:/Users/Pablo/OneDrive - UAM/4 Protonterapia/1 Experimentos/1 Experimentos/2025_05_06_PT/scans_070525/RC1_2_3.tiff
2025-06-05 17:09:06,040 - app.ui.main_window - INFO - Loaded image: C:/Users/Pablo/OneDrive - UAM/4 Protonterapia/1 Experimentos/1 Experimentos/2025_05_06_PT/scans_070525/RC1_2_3.tiff
2025-06-05 17:09:14,386 - app.core.image_processor - ERROR - Error measuring area: index 2786 is out of bounds for axis 1 with size 2550
Traceback (most recent call last):
  File "C:\Users\Pablo\OneDrive - UAM\2 Proyectos\1 Otros\0 Software_propio_utilidades\RC\analizadorrc\app\core\image_processor.py", line 1064, in measure_area
    masked_data[:, c] = np.array([self.current_image[y, x, c] for x, y in zip(sample_y, sample_x)])
                                  ~~~~~~~~~~~~~~~~~~^^^^^^^^^
IndexError: index 2786 is out of bounds for axis 1 with size 2550
2025-06-05 17:09:18,569 - app.core.image_processor - ERROR - Error measuring area: index 3076 is out of bounds for axis 1 with size 2550
Traceback (most recent call last):
  File "C:\Users\Pablo\OneDrive - UAM\2 Proyectos\1 Otros\0 Software_propio_utilidades\RC\analizadorrc\app\core\image_processor.py", line 1064, in measure_area
    masked_data[:, c] = np.array([self.current_image[y, x, c] for x, y in zip(sample_y, sample_x)])
                                  ~~~~~~~~~~~~~~~~~~^^^^^^^^^
IndexError: index 3076 is out of bounds for axis 1 with size 2550
2025-06-05 17:09:20,574 - app.core.image_processor - ERROR - Error measuring area: index 3393 is out of bounds for axis 1 with size 2550
Traceback (most recent call last):
  File "C:\Users\Pablo\OneDrive - UAM\2 Proyectos\1 Otros\0 Software_propio_utilidades\RC\analizadorrc\app\core\image_processor.py", line 1064, in measure_area
    masked_data[:, c] = np.array([self.current_image[y, x, c] for x, y in zip(sample_y, sample_x)])
                                  ~~~~~~~~~~~~~~~~~~^^^^^^^^^
IndexError: index 3393 is out of bounds for axis 1 with size 2550
2025-06-05 17:09:41,323 - app.core.image_processor - ERROR - Error measuring area: index 2893 is out of bounds for axis 1 with size 2550
Traceback (most recent call last):
  File "C:\Users\Pablo\OneDrive - UAM\2 Proyectos\1 Otros\0 Software_propio_utilidades\RC\analizadorrc\app\core\image_processor.py", line 1064, in measure_area
    masked_data[:, c] = np.array([self.current_image[y, x, c] for x, y in zip(sample_y, sample_x)])
                                  ~~~~~~~~~~~~~~~~~~^^^^^^^^^
IndexError: index 2893 is out of bounds for axis 1 with size 2550
2025-06-05 17:09:41,998 - app.core.image_processor - ERROR - Error measuring area: index 2955 is out of bounds for axis 1 with size 2550
Traceback (most recent call last):
  File "C:\Users\Pablo\OneDrive - UAM\2 Proyectos\1 Otros\0 Software_propio_utilidades\RC\analizadorrc\app\core\image_processor.py", line 1064, in measure_area
    masked_data[:, c] = np.array([self.current_image[y, x, c] for x, y in zip(sample_y, sample_x)])
                                  ~~~~~~~~~~~~~~~~~~^^^^^^^^^
IndexError: index 2955 is out of bounds for axis 1 with size 2550
2025-06-05 17:09:42,686 - app.core.image_processor - ERROR - Error measuring area: index 3118 is out of bounds for axis 1 with size 2550
Traceback (most recent call last):
  File "C:\Users\Pablo\OneDrive - UAM\2 Proyectos\1 Otros\0 Software_propio_utilidades\RC\analizadorrc\app\core\image_processor.py", line 1064, in measure_area
    masked_data[:, c] = np.array([self.current_image[y, x, c] for x, y in zip(sample_y, sample_x)])
                                  ~~~~~~~~~~~~~~~~~~^^^^^^^^^
IndexError: index 3118 is out of bounds for axis 1 with size 2550
2025-06-05 17:09:43,100 - app.core.image_processor - ERROR - Error measuring area: index 2565 is out of bounds for axis 1 with size 2550
Traceback (most recent call last):
  File "C:\Users\Pablo\OneDrive - UAM\2 Proyectos\1 Otros\0 Software_propio_utilidades\RC\analizadorrc\app\core\image_processor.py", line 1064, in measure_area
    masked_data[:, c] = np.array([self.current_image[y, x, c] for x, y in zip(sample_y, sample_x)])
                                  ~~~~~~~~~~~~~~~~~~^^^^^^^^^
IndexError: index 2565 is out of bounds for axis 1 with size 2550
2025-06-05 17:10:23,601 - app.core.image_processor - INFO - Binning set to 2x2
2025-06-05 17:10:23,601 - app.core.image_processor - INFO - Starting binning operation: 2x2 on image 2550x3510
2025-06-05 17:10:25,352 - app.core.image_processor - INFO - Computing integral images for fast statistics
2025-06-05 17:10:25,402 - app.core.image_processor - INFO - Integral images computed successfully
2025-06-05 17:10:25,402 - app.core.image_processor - INFO - Binning complete: 2x2 on 2550x3510 image
2025-06-05 17:10:28,366 - app.core.image_processor - INFO - Binning set to 1x1
2025-06-05 17:10:28,373 - app.core.image_processor - INFO - Computing integral images for fast statistics
2025-06-05 17:10:28,511 - app.core.image_processor - INFO - Integral images computed successfully
2025-06-05 17:10:28,513 - app.core.image_processor - INFO - Restored original image (1x1 binning)
2025-06-05 17:32:26,232 - __main__ - INFO - Starting Radiochromic Film Analyzer
2025-06-05 17:32:26,592 - app.rc_analyzer - INFO - Initializing RCAnalyzer application
2025-06-05 17:32:26,593 - app.rc_analyzer - WARNING - Could not remove log file rc_analyzer.log: [WinError 32] El proceso no tiene acceso al archivo porque est siendo utilizado por otro proceso: 'rc_analyzer.log'
2025-06-05 17:32:26,603 - app.rc_analyzer - INFO - Cleaned up local temp directory: C:\Users\Pablo\OneDrive - UAM\2 Proyectos\1 Otros\0 Software_propio_utilidades\RC\analizadorrc\temp
2025-06-05 17:32:26,603 - app.rc_analyzer - INFO - Cleaned up log and temporary files
2025-06-05 17:32:26,604 - app.utils.config_manager - INFO - Configuration manager initialized
2025-06-05 17:32:26,606 - app.utils.config_manager - INFO - Configuration loaded from file
2025-06-05 17:32:26,634 - app.core.image_processor - INFO - System info: {'platform': 'Windows', 'processor': 'AMD64 Family 23 Model 113 Stepping 0, AuthenticAMD', 'cpu_count': 12, 'memory_gb': 31.94003677368164, 'python_version': '3.12.0', 'opencv_version': '4.11.0'}
2025-06-05 17:32:26,634 - app.core.image_processor - WARNING - CUDA test matrix creation failed: OpenCV(4.11.0) D:\a\opencv-python\opencv-python\opencv\modules\core\include\opencv2/core/private.cuda.hpp:106: error: (-216:No CUDA support) The library is compiled without CUDA support in function 'throw_no_cuda'

2025-06-05 17:32:26,634 - app.core.image_processor - WARNING - Alternative CUDA test failed: OpenCV(4.11.0) :-1: error: (-5:Bad argument) in function 'createGpuMatFromCudaMemory'
> Overload resolution failed:
>  - createGpuMatFromCudaMemory() missing required argument 'type' (pos 3)
>  - createGpuMatFromCudaMemory() missing required argument 'cudaMemoryAddress' (pos 3)

2025-06-05 17:32:26,757 - app.core.image_processor - INFO - NVIDIA GPU detected: nvidia quadro p600
2025-06-05 17:32:26,757 - app.core.image_processor - INFO - CUDA initialization failed. Setting GPU as available but with warning.
2025-06-05 17:32:26,757 - app.core.image_processor - INFO - To fix CUDA issues, try:
2025-06-05 17:32:26,757 - app.core.image_processor - INFO - 1. Install the latest NVIDIA drivers
2025-06-05 17:32:26,757 - app.core.image_processor - INFO - 2. Install CUDA toolkit compatible with your GPU
2025-06-05 17:32:26,757 - app.core.image_processor - INFO - 3. Use 'Force enable GPU' option in settings
2025-06-05 17:32:26,757 - app.core.image_processor - INFO - GPU acceleration available. Enabled: False
2025-06-05 17:32:26,757 - app.core.image_processor - INFO - Image processor initialized
2025-06-05 17:32:26,759 - app.utils.file_manager - INFO - File manager initialized
2025-06-05 17:32:26,803 - app.ui.image_panel - INFO - Image panel initialized
2025-06-05 17:32:26,817 - app.ui.measurement_panel - INFO - Measurement panel initialized
2025-06-05 17:32:26,823 - app.ui.image_settings_panel - INFO - Image settings panel initialized
2025-06-05 17:32:26,829 - app.ui.main_window - INFO - Main window initialized
2025-06-05 17:32:26,829 - app.rc_analyzer - INFO - RCAnalyzer initialization complete
2025-06-05 17:32:30,126 - app.ui.main_window - INFO - Loading image: C:\Users\Pablo\OneDrive - UAM\4 Protonterapia\1 Experimentos\1 Experimentos\2025_05_06_PT\scans_070525\RC1_2_3.tiff (Size: 14.94 MB)
2025-06-05 17:32:30,266 - app.core.image_processor - INFO - Loading image: C:\Users\Pablo\OneDrive - UAM\4 Protonterapia\1 Experimentos\1 Experimentos\2025_05_06_PT\scans_070525\RC1_2_3.tiff, size: 2550x3510
2025-06-05 17:32:30,271 - app.core.image_processor - INFO - Computing integral images for fast statistics
2025-06-05 17:32:30,398 - app.core.image_processor - INFO - Integral images computed successfully
2025-06-05 17:32:30,405 - app.core.image_processor - INFO - Loaded image: C:\Users\Pablo\OneDrive - UAM\4 Protonterapia\1 Experimentos\1 Experimentos\2025_05_06_PT\scans_070525\RC1_2_3.tiff
2025-06-05 17:32:30,405 - app.ui.main_window - INFO - Loaded image: C:\Users\Pablo\OneDrive - UAM\4 Protonterapia\1 Experimentos\1 Experimentos\2025_05_06_PT\scans_070525\RC1_2_3.tiff
2025-06-05 17:37:07,653 - app.core.image_processor - INFO - Binning set to 2x2
2025-06-05 17:37:07,653 - app.core.image_processor - INFO - Starting binning operation: 2x2 on image 2550x3510
2025-06-05 17:37:09,396 - app.core.image_processor - INFO - Computing integral images for fast statistics
2025-06-05 17:37:09,448 - app.core.image_processor - INFO - Integral images computed successfully
2025-06-05 17:37:09,448 - app.core.image_processor - INFO - Binning complete: 2x2 on 2550x3510 image
2025-06-05 17:37:24,639 - app.core.image_processor - INFO - Binning set to 1x1
2025-06-05 17:37:24,644 - app.core.image_processor - INFO - Computing integral images for fast statistics
2025-06-05 17:37:24,787 - app.core.image_processor - INFO - Integral images computed successfully
2025-06-05 17:37:24,789 - app.core.image_processor - INFO - Restored original image (1x1 binning)
2025-06-05 18:58:47,680 - __main__ - INFO - Starting Radiochromic Film Analyzer
2025-06-05 18:58:47,744 - app.rc_analyzer - INFO - Initializing RCAnalyzer application
2025-06-05 18:58:47,745 - app.rc_analyzer - WARNING - Could not remove log file rc_analyzer.log: [WinError 32] El proceso no tiene acceso al archivo porque est siendo utilizado por otro proceso: 'rc_analyzer.log'
2025-06-05 18:58:47,755 - app.rc_analyzer - INFO - Cleaned up local temp directory: C:\Users\Pablo\OneDrive - UAM\2 Proyectos\1 Otros\0 Software_propio_utilidades\RC\analizadorrc\temp
2025-06-05 18:58:47,755 - app.rc_analyzer - INFO - Cleaned up log and temporary files
2025-06-05 18:58:47,756 - app.utils.config_manager - INFO - Configuration manager initialized
2025-06-05 18:58:47,756 - app.utils.config_manager - INFO - Configuration loaded from file
2025-06-05 18:58:47,774 - app.core.image_processor - INFO - System info: {'platform': 'Windows', 'processor': 'AMD64 Family 23 Model 113 Stepping 0, AuthenticAMD', 'cpu_count': 12, 'memory_gb': 31.94003677368164, 'python_version': '3.12.0', 'opencv_version': '4.11.0'}
2025-06-05 18:58:47,774 - app.core.image_processor - WARNING - CUDA test matrix creation failed: OpenCV(4.11.0) D:\a\opencv-python\opencv-python\opencv\modules\core\include\opencv2/core/private.cuda.hpp:106: error: (-216:No CUDA support) The library is compiled without CUDA support in function 'throw_no_cuda'

2025-06-05 18:58:47,775 - app.core.image_processor - WARNING - Alternative CUDA test failed: OpenCV(4.11.0) :-1: error: (-5:Bad argument) in function 'createGpuMatFromCudaMemory'
> Overload resolution failed:
>  - createGpuMatFromCudaMemory() missing required argument 'type' (pos 3)
>  - createGpuMatFromCudaMemory() missing required argument 'cudaMemoryAddress' (pos 3)

2025-06-05 18:58:47,870 - app.core.image_processor - INFO - NVIDIA GPU detected: nvidia quadro p600
2025-06-05 18:58:47,871 - app.core.image_processor - INFO - CUDA initialization failed. Setting GPU as available but with warning.
2025-06-05 18:58:47,871 - app.core.image_processor - INFO - To fix CUDA issues, try:
2025-06-05 18:58:47,871 - app.core.image_processor - INFO - 1. Install the latest NVIDIA drivers
2025-06-05 18:58:47,871 - app.core.image_processor - INFO - 2. Install CUDA toolkit compatible with your GPU
2025-06-05 18:58:47,871 - app.core.image_processor - INFO - 3. Use 'Force enable GPU' option in settings
2025-06-05 18:58:47,871 - app.core.image_processor - INFO - GPU acceleration available. Enabled: False
2025-06-05 18:58:47,871 - app.core.image_processor - INFO - Image processor initialized
2025-06-05 18:58:47,873 - app.utils.file_manager - INFO - File manager initialized
2025-06-05 18:58:47,899 - app.ui.image_panel - INFO - Image panel initialized
2025-06-05 18:58:47,916 - app.ui.measurement_panel - INFO - Measurement panel initialized
2025-06-05 18:58:47,928 - app.ui.image_settings_panel - INFO - Image settings panel initialized
2025-06-05 18:58:47,931 - app.ui.main_window - INFO - Main window initialized
2025-06-05 18:58:47,931 - app.rc_analyzer - INFO - RCAnalyzer initialization complete
2025-06-05 18:58:59,175 - app.ui.main_window - INFO - Loading image: C:\Users\Pablo\OneDrive - UAM\4 Protonterapia\1 Experimentos\1 Experimentos\2025_05_06_PT\scans_070525\RC1_2_3.tiff (Size: 14.94 MB)
2025-06-05 18:58:59,313 - app.core.image_processor - INFO - Loading image: C:\Users\Pablo\OneDrive - UAM\4 Protonterapia\1 Experimentos\1 Experimentos\2025_05_06_PT\scans_070525\RC1_2_3.tiff, size: 2550x3510
2025-06-05 18:58:59,319 - app.core.image_processor - INFO - Computing integral images for fast statistics
2025-06-05 18:58:59,450 - app.core.image_processor - INFO - Integral images computed successfully
2025-06-05 18:58:59,454 - app.core.image_processor - INFO - Loaded image: C:\Users\Pablo\OneDrive - UAM\4 Protonterapia\1 Experimentos\1 Experimentos\2025_05_06_PT\scans_070525\RC1_2_3.tiff
2025-06-05 18:58:59,458 - app.ui.main_window - INFO - Loaded image: C:\Users\Pablo\OneDrive - UAM\4 Protonterapia\1 Experimentos\1 Experimentos\2025_05_06_PT\scans_070525\RC1_2_3.tiff
2025-06-07 13:45:26,589 - __main__ - INFO - Starting Radiochromic Film Analyzer
2025-06-07 13:45:26,636 - app.rc_analyzer - INFO - Initializing RCAnalyzer application
2025-06-07 13:45:26,636 - app.rc_analyzer - WARNING - Could not remove log file rc_analyzer.log: [WinError 32] El proceso no tiene acceso al archivo porque est siendo utilizado por otro proceso: 'rc_analyzer.log'
2025-06-07 13:45:26,640 - app.rc_analyzer - INFO - Cleaned up local temp directory: C:\Users\Pablo\OneDrive - UAM\2 Proyectos\1 Otros\0 Software_propio_utilidades\RC\analizadorrc\temp
2025-06-07 13:45:26,641 - app.rc_analyzer - INFO - Cleaned up log and temporary files
2025-06-07 13:45:26,641 - app.utils.config_manager - INFO - Configuration manager initialized
2025-06-07 13:45:26,642 - app.utils.config_manager - INFO - Configuration loaded from file
2025-06-07 13:45:26,660 - app.core.image_processor - INFO - System info: {'platform': 'Windows', 'processor': 'AMD64 Family 23 Model 113 Stepping 0, AuthenticAMD', 'cpu_count': 12, 'memory_gb': 31.94003677368164, 'python_version': '3.12.0', 'opencv_version': '4.11.0'}
2025-06-07 13:45:26,667 - app.core.image_processor - WARNING - CUDA test matrix creation failed: OpenCV(4.11.0) D:\a\opencv-python\opencv-python\opencv\modules\core\include\opencv2/core/private.cuda.hpp:106: error: (-216:No CUDA support) The library is compiled without CUDA support in function 'throw_no_cuda'

2025-06-07 13:45:26,671 - app.core.image_processor - WARNING - Alternative CUDA test failed: OpenCV(4.11.0) :-1: error: (-5:Bad argument) in function 'createGpuMatFromCudaMemory'
> Overload resolution failed:
>  - createGpuMatFromCudaMemory() missing required argument 'type' (pos 3)
>  - createGpuMatFromCudaMemory() missing required argument 'cudaMemoryAddress' (pos 3)

2025-06-07 13:45:26,799 - app.core.image_processor - INFO - NVIDIA GPU detected: nvidia quadro p600
2025-06-07 13:45:26,799 - app.core.image_processor - INFO - CUDA initialization failed. Setting GPU as available but with warning.
2025-06-07 13:45:26,799 - app.core.image_processor - INFO - To fix CUDA issues, try:
2025-06-07 13:45:26,799 - app.core.image_processor - INFO - 1. Install the latest NVIDIA drivers
2025-06-07 13:45:26,799 - app.core.image_processor - INFO - 2. Install CUDA toolkit compatible with your GPU
2025-06-07 13:45:26,799 - app.core.image_processor - INFO - 3. Use 'Force enable GPU' option in settings
2025-06-07 13:45:26,799 - app.core.image_processor - INFO - GPU acceleration available. Enabled: False
2025-06-07 13:45:26,803 - app.core.image_processor - INFO - Image processor initialized
2025-06-07 13:45:26,803 - app.utils.file_manager - INFO - File manager initialized
2025-06-07 13:45:26,852 - app.ui.image_panel - INFO - Image panel initialized
2025-06-07 13:45:26,867 - app.ui.measurement_panel - INFO - Measurement panel initialized
2025-06-07 13:45:26,881 - app.ui.image_settings_panel - INFO - Image settings panel initialized
2025-06-07 13:45:26,882 - app.ui.main_window - INFO - Main window initialized
2025-06-07 13:45:26,882 - app.rc_analyzer - INFO - RCAnalyzer initialization complete
2025-06-07 14:12:57,385 - app.rc_analyzer - INFO - Saving configuration before exit
2025-06-07 14:12:57,385 - app.utils.config_manager - INFO - Configuration saved to file
2025-06-07 14:12:57,385 - app.rc_analyzer - WARNING - Could not remove log file rc_analyzer.log: [WinError 32] El proceso no tiene acceso al archivo porque est siendo utilizado por otro proceso: 'rc_analyzer.log'
2025-06-07 14:12:57,391 - app.rc_analyzer - INFO - Cleaned up local temp directory: C:\Users\Pablo\OneDrive - UAM\2 Proyectos\1 Otros\0 Software_propio_utilidades\RC\analizadorrc\temp
2025-06-07 14:12:57,391 - app.rc_analyzer - INFO - Cleaned up log and temporary files
2025-06-07 14:12:57,485 - __main__ - INFO - Application closed normally
2025-06-07 16:37:22,589 - __main__ - INFO - Starting Radiochromic Film Analyzer
2025-06-07 16:37:22,873 - app.rc_analyzer - INFO - Initializing RCAnalyzer application
2025-06-07 16:37:22,873 - app.rc_analyzer - WARNING - Could not remove log file rc_analyzer.log: [WinError 32] El proceso no tiene acceso al archivo porque est siendo utilizado por otro proceso: 'rc_analyzer.log'
2025-06-07 16:37:22,880 - app.rc_analyzer - INFO - Cleaned up local temp directory: C:\Users\Pablo\OneDrive - UAM\2 Proyectos\1 Otros\0 Software_propio_utilidades\RC\analizadorrc\temp
2025-06-07 16:37:22,880 - app.rc_analyzer - INFO - Cleaned up log and temporary files
2025-06-07 16:37:22,880 - app.utils.config_manager - INFO - Configuration manager initialized
2025-06-07 16:37:22,880 - app.utils.config_manager - INFO - Configuration loaded from file
2025-06-07 16:37:22,900 - app.core.image_processor - INFO - System info: {'platform': 'Windows', 'processor': 'AMD64 Family 23 Model 113 Stepping 0, AuthenticAMD', 'cpu_count': 12, 'memory_gb': 31.94003677368164, 'python_version': '3.12.0', 'opencv_version': '4.11.0'}
2025-06-07 16:37:22,900 - app.core.image_processor - WARNING - CUDA test matrix creation failed: OpenCV(4.11.0) D:\a\opencv-python\opencv-python\opencv\modules\core\include\opencv2/core/private.cuda.hpp:106: error: (-216:No CUDA support) The library is compiled without CUDA support in function 'throw_no_cuda'

2025-06-07 16:37:22,900 - app.core.image_processor - WARNING - Alternative CUDA test failed: OpenCV(4.11.0) :-1: error: (-5:Bad argument) in function 'createGpuMatFromCudaMemory'
> Overload resolution failed:
>  - createGpuMatFromCudaMemory() missing required argument 'type' (pos 3)
>  - createGpuMatFromCudaMemory() missing required argument 'cudaMemoryAddress' (pos 3)

2025-06-07 16:37:23,716 - app.core.image_processor - INFO - NVIDIA GPU detected: nvidia quadro p600
2025-06-07 16:37:23,716 - app.core.image_processor - INFO - CUDA initialization failed. Setting GPU as available but with warning.
2025-06-07 16:37:23,716 - app.core.image_processor - INFO - To fix CUDA issues, try:
2025-06-07 16:37:23,716 - app.core.image_processor - INFO - 1. Install the latest NVIDIA drivers
2025-06-07 16:37:23,716 - app.core.image_processor - INFO - 2. Install CUDA toolkit compatible with your GPU
2025-06-07 16:37:23,716 - app.core.image_processor - INFO - 3. Use 'Force enable GPU' option in settings
2025-06-07 16:37:23,716 - app.core.image_processor - INFO - GPU acceleration available. Enabled: False
2025-06-07 16:37:23,716 - app.core.image_processor - INFO - Image processor initialized
2025-06-07 16:37:23,716 - app.utils.file_manager - INFO - File manager initialized
2025-06-07 16:37:23,764 - app.ui.image_panel - INFO - Image panel initialized
2025-06-07 16:37:23,780 - app.ui.measurement_panel - INFO - Measurement panel initialized
2025-06-07 16:37:23,787 - app.ui.image_settings_panel - INFO - Image settings panel initialized
2025-06-07 16:37:23,792 - app.ui.main_window - INFO - Main window initialized
2025-06-07 16:37:23,792 - app.rc_analyzer - INFO - RCAnalyzer initialization complete
2025-06-07 16:37:43,297 - app.ui.main_window - INFO - Loading image: C:/Users/Pablo/OneDrive - UAM/4 Protonterapia/1 Experimentos/0 Calibraciones/RC_calibrations/CUN_calibraciones/2025_04_25_CalibracionCUN2/25_04_2025_ Calibracin_RC_Escaner_24h/RC_0_0Gy.tiff (Size: 14.63 MB)
2025-06-07 16:37:43,383 - app.core.image_processor - ERROR - Error loading image: 'NoneType' object has no attribute 'shape'
Traceback (most recent call last):
  File "C:\Users\Pablo\OneDrive - UAM\2 Proyectos\1 Otros\0 Software_propio_utilidades\RC\analizadorrc\app\core\image_processor.py", line 332, in load_image
    if len(image.shape) == 3 and image.shape[2] == 3:
           ^^^^^^^^^^^
AttributeError: 'NoneType' object has no attribute 'shape'
2025-06-07 16:37:43,385 - app.ui.main_window - ERROR - Error loading image: 'NoneType' object has no attribute 'shape'
Traceback (most recent call last):
  File "C:\Users\Pablo\OneDrive - UAM\2 Proyectos\1 Otros\0 Software_propio_utilidades\RC\analizadorrc\app\ui\main_window.py", line 180, in _load_image_thread
    load_success = self.image_processor.load_image(file_path)
                   ^^^^^^^^^^^^^^^^^^^^^^^^^^^^^^^^^^^^^^^^^^
  File "C:\Users\Pablo\OneDrive - UAM\2 Proyectos\1 Otros\0 Software_propio_utilidades\RC\analizadorrc\app\core\image_processor.py", line 332, in load_image
    if len(image.shape) == 3 and image.shape[2] == 3:
           ^^^^^^^^^^^
AttributeError: 'NoneType' object has no attribute 'shape'
2025-06-07 16:37:54,940 - app.ui.main_window - INFO - Loading image: C:\Users\Pablo\OneDrive - UAM\4 Protonterapia\1 Experimentos\1 Experimentos\2025_05_06_PT\scans_070525\RC1_2_3.tiff (Size: 14.94 MB)
2025-06-07 16:37:55,109 - app.core.image_processor - INFO - Loading image: C:\Users\Pablo\OneDrive - UAM\4 Protonterapia\1 Experimentos\1 Experimentos\2025_05_06_PT\scans_070525\RC1_2_3.tiff, size: 2550x3510
2025-06-07 16:37:55,116 - app.core.image_processor - INFO - Computing integral images for fast statistics
2025-06-07 16:37:55,384 - app.core.image_processor - INFO - Integral images computed successfully
2025-06-07 16:37:55,394 - app.core.image_processor - INFO - Loaded image: C:\Users\Pablo\OneDrive - UAM\4 Protonterapia\1 Experimentos\1 Experimentos\2025_05_06_PT\scans_070525\RC1_2_3.tiff
2025-06-07 16:37:55,394 - app.ui.main_window - INFO - Loaded image: C:\Users\Pablo\OneDrive - UAM\4 Protonterapia\1 Experimentos\1 Experimentos\2025_05_06_PT\scans_070525\RC1_2_3.tiff
2025-06-07 16:38:07,113 - app.rc_analyzer - INFO - Saving configuration before exit
2025-06-07 16:38:07,113 - app.utils.config_manager - INFO - Configuration saved to file
2025-06-07 16:38:07,114 - app.rc_analyzer - WARNING - Could not remove log file rc_analyzer.log: [WinError 32] El proceso no tiene acceso al archivo porque est siendo utilizado por otro proceso: 'rc_analyzer.log'
2025-06-07 16:38:07,118 - app.rc_analyzer - INFO - Cleaned up local temp directory: C:\Users\Pablo\OneDrive - UAM\2 Proyectos\1 Otros\0 Software_propio_utilidades\RC\analizadorrc\temp
2025-06-07 16:38:07,118 - app.rc_analyzer - INFO - Cleaned up log and temporary files
2025-06-07 16:38:07,207 - __main__ - INFO - Application closed normally
2025-06-13 17:33:01,904 - __main__ - INFO - Starting Radiochromic Film Analyzer
2025-06-13 17:33:01,954 - app.rc_analyzer - INFO - Initializing RCAnalyzer application
2025-06-13 17:33:01,954 - app.rc_analyzer - WARNING - Could not remove log file rc_analyzer.log: [WinError 32] El proceso no tiene acceso al archivo porque est siendo utilizado por otro proceso: 'rc_analyzer.log'
2025-06-13 17:33:01,970 - app.rc_analyzer - INFO - Cleaned up local temp directory: C:\Users\Pablo\OneDrive - UAM\2 Proyectos\1 Otros\0 Software_propio_utilidades\RC\analizadorrc\temp
2025-06-13 17:33:01,970 - app.rc_analyzer - INFO - Cleaned up log and temporary files
2025-06-13 17:33:01,970 - app.utils.config_manager - INFO - Configuration manager initialized
2025-06-13 17:33:01,976 - app.utils.config_manager - INFO - Configuration loaded from file
2025-06-13 17:33:01,996 - app.core.image_processor - INFO - System info: {'platform': 'Windows', 'processor': 'AMD64 Family 23 Model 113 Stepping 0, AuthenticAMD', 'cpu_count': 12, 'memory_gb': 31.94003677368164, 'python_version': '3.12.0', 'opencv_version': '4.11.0'}
2025-06-13 17:33:02,008 - app.core.image_processor - WARNING - CUDA test matrix creation failed: OpenCV(4.11.0) D:\a\opencv-python\opencv-python\opencv\modules\core\include\opencv2/core/private.cuda.hpp:106: error: (-216:No CUDA support) The library is compiled without CUDA support in function 'throw_no_cuda'

2025-06-13 17:33:02,010 - app.core.image_processor - WARNING - Alternative CUDA test failed: OpenCV(4.11.0) :-1: error: (-5:Bad argument) in function 'createGpuMatFromCudaMemory'
> Overload resolution failed:
>  - createGpuMatFromCudaMemory() missing required argument 'type' (pos 3)
>  - createGpuMatFromCudaMemory() missing required argument 'cudaMemoryAddress' (pos 3)

2025-06-13 17:33:02,150 - app.core.image_processor - INFO - NVIDIA GPU detected: nvidia quadro p600
2025-06-13 17:33:02,150 - app.core.image_processor - INFO - CUDA initialization failed. Setting GPU as available but with warning.
2025-06-13 17:33:02,150 - app.core.image_processor - INFO - To fix CUDA issues, try:
2025-06-13 17:33:02,150 - app.core.image_processor - INFO - 1. Install the latest NVIDIA drivers
2025-06-13 17:33:02,150 - app.core.image_processor - INFO - 2. Install CUDA toolkit compatible with your GPU
2025-06-13 17:33:02,150 - app.core.image_processor - INFO - 3. Use 'Force enable GPU' option in settings
2025-06-13 17:33:02,150 - app.core.image_processor - INFO - GPU acceleration available. Enabled: False
2025-06-13 17:33:02,151 - app.core.image_processor - INFO - Image processor initialized
2025-06-13 17:33:02,159 - app.utils.file_manager - INFO - File manager initialized
2025-06-13 17:33:02,200 - app.ui.image_panel - INFO - Image panel initialized
2025-06-13 17:33:02,217 - app.ui.measurement_panel - INFO - Measurement panel initialized
2025-06-13 17:33:02,229 - app.ui.image_settings_panel - INFO - Image settings panel initialized
2025-06-13 17:33:02,232 - app.ui.main_window - INFO - Main window initialized
2025-06-13 17:33:02,232 - app.rc_analyzer - INFO - RCAnalyzer initialization complete
2025-06-13 17:33:09,551 - app.rc_analyzer - INFO - Saving configuration before exit
2025-06-13 17:33:09,555 - app.utils.config_manager - INFO - Configuration saved to file
2025-06-13 17:33:09,555 - app.rc_analyzer - WARNING - Could not remove log file rc_analyzer.log: [WinError 32] El proceso no tiene acceso al archivo porque est siendo utilizado por otro proceso: 'rc_analyzer.log'
2025-06-13 17:33:09,557 - app.rc_analyzer - INFO - Cleaned up local temp directory: C:\Users\Pablo\OneDrive - UAM\2 Proyectos\1 Otros\0 Software_propio_utilidades\RC\analizadorrc\temp
2025-06-13 17:33:09,557 - app.rc_analyzer - INFO - Cleaned up log and temporary files
2025-06-13 17:33:09,656 - __main__ - INFO - Application closed normally
2025-06-13 17:42:46,679 - __main__ - INFO - Starting Radiochromic Film Analyzer
2025-06-13 17:42:46,725 - app.rc_analyzer - INFO - Initializing RCAnalyzer application
2025-06-13 17:42:46,727 - app.rc_analyzer - WARNING - Could not remove log file rc_analyzer.log: [WinError 32] El proceso no tiene acceso al archivo porque est siendo utilizado por otro proceso: 'rc_analyzer.log'
2025-06-13 17:42:46,731 - app.rc_analyzer - INFO - Cleaned up local temp directory: C:\Users\Pablo\OneDrive - UAM\2 Proyectos\1 Otros\0 Software_propio_utilidades\RC\analizadorrc\temp
2025-06-13 17:42:46,732 - app.rc_analyzer - INFO - Cleaned up log and temporary files
2025-06-13 17:42:46,732 - app.utils.config_manager - INFO - Configuration manager initialized
2025-06-13 17:42:46,732 - app.utils.config_manager - INFO - Configuration loaded from file
2025-06-13 17:42:46,749 - app.core.image_processor - INFO - System info: {'platform': 'Windows', 'processor': 'AMD64 Family 23 Model 113 Stepping 0, AuthenticAMD', 'cpu_count': 12, 'memory_gb': 31.94003677368164, 'python_version': '3.12.0', 'opencv_version': '4.11.0'}
2025-06-13 17:42:46,750 - app.core.image_processor - WARNING - CUDA test matrix creation failed: OpenCV(4.11.0) D:\a\opencv-python\opencv-python\opencv\modules\core\include\opencv2/core/private.cuda.hpp:106: error: (-216:No CUDA support) The library is compiled without CUDA support in function 'throw_no_cuda'

2025-06-13 17:42:46,750 - app.core.image_processor - WARNING - Alternative CUDA test failed: OpenCV(4.11.0) :-1: error: (-5:Bad argument) in function 'createGpuMatFromCudaMemory'
> Overload resolution failed:
>  - createGpuMatFromCudaMemory() missing required argument 'type' (pos 3)
>  - createGpuMatFromCudaMemory() missing required argument 'cudaMemoryAddress' (pos 3)

2025-06-13 17:42:46,841 - app.core.image_processor - INFO - NVIDIA GPU detected: nvidia quadro p600
2025-06-13 17:42:46,841 - app.core.image_processor - INFO - CUDA initialization failed. Setting GPU as available but with warning.
2025-06-13 17:42:46,841 - app.core.image_processor - INFO - To fix CUDA issues, try:
2025-06-13 17:42:46,842 - app.core.image_processor - INFO - 1. Install the latest NVIDIA drivers
2025-06-13 17:42:46,842 - app.core.image_processor - INFO - 2. Install CUDA toolkit compatible with your GPU
2025-06-13 17:42:46,842 - app.core.image_processor - INFO - 3. Use 'Force enable GPU' option in settings
2025-06-13 17:42:46,842 - app.core.image_processor - INFO - GPU acceleration available. Enabled: False
2025-06-13 17:42:46,843 - app.core.image_processor - INFO - Image processor initialized
2025-06-13 17:42:46,843 - app.utils.file_manager - INFO - File manager initialized
2025-06-13 17:42:46,871 - app.ui.image_panel - INFO - Image panel initialized
2025-06-13 17:42:46,888 - app.ui.measurement_panel - INFO - Measurement panel initialized
2025-06-13 17:42:46,900 - app.ui.image_settings_panel - INFO - Image settings panel initialized
2025-06-13 17:42:46,902 - app.ui.main_window - INFO - Main window initialized
2025-06-13 17:42:46,903 - app.rc_analyzer - INFO - RCAnalyzer initialization complete
2025-06-13 17:42:59,235 - app.ui.main_window - ERROR - Failed to launch calibration wizard
Traceback (most recent call last):
  File "C:\Users\Pablo\OneDrive - UAM\2 Proyectos\1 Otros\0 Software_propio_utilidades\RC\analizadorrc\app\ui\main_window.py", line 687, in start_calibration_wizard
    from app.ui.calibration_wizard import CalibrationWizardWindow
  File "C:\Users\Pablo\OneDrive - UAM\2 Proyectos\1 Otros\0 Software_propio_utilidades\RC\analizadorrc\app\ui\calibration_wizard.py", line 1
    """Calibration Wizard wrapper that embeds the alreadydeveloped
    ^^^
SyntaxError: (unicode error) 'unicodeescape' codec can't decode bytes in position 198-199: truncated \UXXXXXXXX escape
2025-06-13 17:47:52,439 - __main__ - INFO - Starting Radiochromic Film Analyzer
2025-06-13 17:47:52,488 - app.rc_analyzer - INFO - Initializing RCAnalyzer application
2025-06-13 17:47:52,488 - app.rc_analyzer - WARNING - Could not remove log file rc_analyzer.log: [WinError 32] El proceso no tiene acceso al archivo porque est siendo utilizado por otro proceso: 'rc_analyzer.log'
2025-06-13 17:47:52,491 - app.rc_analyzer - INFO - Cleaned up local temp directory: C:\Users\Pablo\OneDrive - UAM\2 Proyectos\1 Otros\0 Software_propio_utilidades\RC\analizadorrc\temp
2025-06-13 17:47:52,491 - app.rc_analyzer - INFO - Cleaned up log and temporary files
2025-06-13 17:47:52,491 - app.utils.config_manager - INFO - Configuration manager initialized
2025-06-13 17:47:52,491 - app.utils.config_manager - INFO - Configuration loaded from file
2025-06-13 17:47:52,510 - app.core.image_processor - INFO - System info: {'platform': 'Windows', 'processor': 'AMD64 Family 23 Model 113 Stepping 0, AuthenticAMD', 'cpu_count': 12, 'memory_gb': 31.94003677368164, 'python_version': '3.12.0', 'opencv_version': '4.11.0'}
2025-06-13 17:47:52,511 - app.core.image_processor - WARNING - CUDA test matrix creation failed: OpenCV(4.11.0) D:\a\opencv-python\opencv-python\opencv\modules\core\include\opencv2/core/private.cuda.hpp:106: error: (-216:No CUDA support) The library is compiled without CUDA support in function 'throw_no_cuda'

2025-06-13 17:47:52,512 - app.core.image_processor - WARNING - Alternative CUDA test failed: OpenCV(4.11.0) :-1: error: (-5:Bad argument) in function 'createGpuMatFromCudaMemory'
> Overload resolution failed:
>  - createGpuMatFromCudaMemory() missing required argument 'type' (pos 3)
>  - createGpuMatFromCudaMemory() missing required argument 'cudaMemoryAddress' (pos 3)

2025-06-13 17:47:52,607 - app.core.image_processor - INFO - NVIDIA GPU detected: nvidia quadro p600
2025-06-13 17:47:52,607 - app.core.image_processor - INFO - CUDA initialization failed. Setting GPU as available but with warning.
2025-06-13 17:47:52,607 - app.core.image_processor - INFO - To fix CUDA issues, try:
2025-06-13 17:47:52,607 - app.core.image_processor - INFO - 1. Install the latest NVIDIA drivers
2025-06-13 17:47:52,607 - app.core.image_processor - INFO - 2. Install CUDA toolkit compatible with your GPU
2025-06-13 17:47:52,607 - app.core.image_processor - INFO - 3. Use 'Force enable GPU' option in settings
2025-06-13 17:47:52,607 - app.core.image_processor - INFO - GPU acceleration available. Enabled: False
2025-06-13 17:47:52,607 - app.core.image_processor - INFO - Image processor initialized
2025-06-13 17:47:52,607 - app.utils.file_manager - INFO - File manager initialized
2025-06-13 17:47:52,645 - app.ui.image_panel - INFO - Image panel initialized
2025-06-13 17:47:52,665 - app.ui.measurement_panel - INFO - Measurement panel initialized
2025-06-13 17:47:52,679 - app.ui.image_settings_panel - INFO - Image settings panel initialized
2025-06-13 17:47:52,683 - app.ui.main_window - INFO - Main window initialized
2025-06-13 17:47:52,683 - app.rc_analyzer - INFO - RCAnalyzer initialization complete
2025-06-13 17:48:00,038 - app.ui.main_window - ERROR - Failed to launch calibration wizard
Traceback (most recent call last):
  File "C:\Users\Pablo\OneDrive - UAM\2 Proyectos\1 Otros\0 Software_propio_utilidades\RC\analizadorrc\app\ui\main_window.py", line 687, in start_calibration_wizard
    from app.ui.calibration_wizard import CalibrationWizardWindow
  File "C:\Users\Pablo\OneDrive - UAM\2 Proyectos\1 Otros\0 Software_propio_utilidades\RC\analizadorrc\app\ui\calibration_wizard.py", line 1
    """Calibration Wizard wrapper that embeds the alreadydeveloped
    ^^^
SyntaxError: (unicode error) 'unicodeescape' codec can't decode bytes in position 198-199: truncated \UXXXXXXXX escape
2025-06-13 17:56:12,857 - app.ui.main_window - INFO - Loading image: C:\Users\Pablo\OneDrive - UAM\4 Protonterapia\1 Experimentos\1 Experimentos\2025_05_06_PT\scans_070525\RC1_2_3.tiff (Size: 14.94 MB)
2025-06-13 17:56:13,030 - app.core.image_processor - INFO - Loading image: C:\Users\Pablo\OneDrive - UAM\4 Protonterapia\1 Experimentos\1 Experimentos\2025_05_06_PT\scans_070525\RC1_2_3.tiff, size: 2550x3510
2025-06-13 17:56:13,034 - app.core.image_processor - INFO - Computing integral images for fast statistics
2025-06-13 17:56:13,165 - app.core.image_processor - INFO - Integral images computed successfully
2025-06-13 17:56:13,165 - app.core.image_processor - INFO - Loaded image: C:\Users\Pablo\OneDrive - UAM\4 Protonterapia\1 Experimentos\1 Experimentos\2025_05_06_PT\scans_070525\RC1_2_3.tiff
2025-06-13 17:56:13,171 - app.ui.main_window - INFO - Loaded image: C:\Users\Pablo\OneDrive - UAM\4 Protonterapia\1 Experimentos\1 Experimentos\2025_05_06_PT\scans_070525\RC1_2_3.tiff
2025-06-13 18:29:18,580 - app.rc_analyzer - INFO - Saving configuration before exit
2025-06-13 18:29:18,581 - app.utils.config_manager - INFO - Configuration saved to file
2025-06-13 18:29:18,583 - app.rc_analyzer - WARNING - Could not remove log file rc_analyzer.log: [WinError 32] El proceso no tiene acceso al archivo porque est siendo utilizado por otro proceso: 'rc_analyzer.log'
2025-06-13 18:29:18,586 - app.rc_analyzer - INFO - Cleaned up local temp directory: C:\Users\Pablo\OneDrive - UAM\2 Proyectos\1 Otros\0 Software_propio_utilidades\RC\analizadorrc\temp
2025-06-13 18:29:18,586 - app.rc_analyzer - INFO - Cleaned up log and temporary files
